Test Python 3.12 on windows-latest	Run type checker	ï»¿2025-06-24T22:48:07.9435855Z ##[group]Run uv run mypy src/DHT/
Test Python 3.12 on windows-latest	Run type checker	2025-06-24T22:48:07.9436217Z [36;1muv run mypy src/DHT/[0m
Test Python 3.12 on windows-latest	Run type checker	2025-06-24T22:48:07.9466348Z shell: C:\Program Files\PowerShell\7\pwsh.EXE -command ". '{0}'"
Test Python 3.12 on windows-latest	Run type checker	2025-06-24T22:48:07.9466667Z env:
Test Python 3.12 on windows-latest	Run type checker	2025-06-24T22:48:07.9466850Z   UV_CACHE_DIR: D:\a\_temp\setup-uv-cache
Test Python 3.12 on windows-latest	Run type checker	2025-06-24T22:48:07.9467125Z   UV_TOOL_BIN_DIR: D:\a\_temp\uv-tool-bin-dir
Test Python 3.12 on windows-latest	Run type checker	2025-06-24T22:48:07.9467381Z   UV_TOOL_DIR: D:\a\_temp\uv-tool-dir
Test Python 3.12 on windows-latest	Run type checker	2025-06-24T22:48:07.9467606Z ##[endgroup]
Test Python 3.12 on windows-latest	Run type checker	2025-06-24T22:48:19.0491019Z src\DHT\modules\subprocess_utils.py:180: error: Module has no attribute "getrlimit"  [attr-defined]
Test Python 3.12 on windows-latest	Run type checker	2025-06-24T22:48:19.0491878Z src\DHT\modules\subprocess_utils.py:180: error: Module has no attribute "RLIMIT_AS"  [attr-defined]
Test Python 3.12 on windows-latest	Run type checker	2025-06-24T22:48:19.0492662Z src\DHT\modules\subprocess_utils.py:184: error: Module has no attribute "setrlimit"  [attr-defined]
Test Python 3.12 on windows-latest	Run type checker	2025-06-24T22:48:19.0493385Z src\DHT\modules\subprocess_utils.py:184: error: Module has no attribute "RLIMIT_AS"  [attr-defined]
Test Python 3.12 on windows-latest	Run type checker	2025-06-24T22:48:19.1082595Z src\DHT\modules\parsers\bash_parser_tree_sitter.py:33: error: Incompatible types in assignment (expression has type "None", variable has type Module)  [assignment]
Test Python 3.12 on windows-latest	Run type checker	2025-06-24T22:48:19.1083874Z src\DHT\modules\parsers\bash_parser_tree_sitter.py:34: error: Incompatible types in assignment (expression has type "None", variable has type Module)  [assignment]
Test Python 3.12 on windows-latest	Run type checker	2025-06-24T22:48:20.2202319Z src\DHT\setup_tree_sitter.py:141: error: No overload variant of "Language" matches argument types "str", "str"  [call-overload]
Test Python 3.12 on windows-latest	Run type checker	2025-06-24T22:48:20.2203904Z src\DHT\setup_tree_sitter.py:141: note: Possible overload variants:
Test Python 3.12 on windows-latest	Run type checker	2025-06-24T22:48:20.2204664Z src\DHT\setup_tree_sitter.py:141: note:     def __init__(self, int, /) -> Language
Test Python 3.12 on windows-latest	Run type checker	2025-06-24T22:48:20.2205475Z src\DHT\setup_tree_sitter.py:141: note:     def __init__(self, object, /) -> Language
Test Python 3.12 on windows-latest	Run type checker	2025-06-24T22:48:20.2206353Z src\DHT\setup_tree_sitter.py:154: error: "type[Language]" has no attribute "build"  [attr-defined]
Test Python 3.12 on windows-latest	Run type checker	2025-06-24T22:48:20.2207319Z src\DHT\setup_tree_sitter.py:158: error: "type[Language]" has no attribute "build_library"  [attr-defined]
Test Python 3.12 on windows-latest	Run type checker	2025-06-24T22:48:20.2208506Z src\DHT\setup_tree_sitter.py:181: error: No overload variant of "Language" matches argument types "str", "str"  [call-overload]
Test Python 3.12 on windows-latest	Run type checker	2025-06-24T22:48:20.2209485Z src\DHT\setup_tree_sitter.py:181: note: Possible overload variants:
Test Python 3.12 on windows-latest	Run type checker	2025-06-24T22:48:20.2210236Z src\DHT\setup_tree_sitter.py:181: note:     def __init__(self, int, /) -> Language
Test Python 3.12 on windows-latest	Run type checker	2025-06-24T22:48:20.2211082Z src\DHT\setup_tree_sitter.py:181: note:     def __init__(self, object, /) -> Language
Test Python 3.12 on windows-latest	Run type checker	2025-06-24T22:48:20.2212164Z src\DHT\setup_tree_sitter.py:202: error: No overload variant of "Language" matches argument types "str", "str"  [call-overload]
Test Python 3.12 on windows-latest	Run type checker	2025-06-24T22:48:20.2213162Z src\DHT\setup_tree_sitter.py:202: note: Possible overload variants:
Test Python 3.12 on windows-latest	Run type checker	2025-06-24T22:48:20.2213909Z src\DHT\setup_tree_sitter.py:202: note:     def __init__(self, int, /) -> Language
Test Python 3.12 on windows-latest	Run type checker	2025-06-24T22:48:20.2214716Z src\DHT\setup_tree_sitter.py:202: note:     def __init__(self, object, /) -> Language
Test Python 3.12 on windows-latest	Run type checker	2025-06-24T22:48:20.2215704Z src\DHT\setup_tree_sitter.py:205: error: "Parser" has no attribute "set_language"; maybe "language"?  [attr-defined]
Test Python 3.12 on windows-latest	Run type checker	2025-06-24T22:48:20.3234858Z src\DHT\modules\act_container_manager.py:53: error: Module has no attribute "getuid"; maybe "getpid" or "getppid"?  [attr-defined]
Test Python 3.12 on windows-latest	Run type checker	2025-06-24T22:48:21.2269975Z src\DHT\modules\uv_manager_improvements.py:24: error: Name "UVNotFoundError" already defined (possibly by an import)  [no-redef]
Test Python 3.12 on windows-latest	Run type checker	2025-06-24T22:48:21.2393843Z src\DHT\modules\project_file_generators.py:327: error: Value of type "Collection[str]" is not indexable  [index]
Test Python 3.12 on windows-latest	Run type checker	2025-06-24T22:48:21.2394887Z src\DHT\modules\project_file_generators.py:330: error: Value of type "Collection[str]" is not indexable  [index]
Test Python 3.12 on windows-latest	Run type checker	2025-06-24T22:48:21.2395711Z src\DHT\modules\project_file_generators.py:339: error: Value of type "Collection[str]" is not indexable  [index]
Test Python 3.12 on windows-latest	Run type checker	2025-06-24T22:48:21.4584631Z src\DHT\modules\act_workflow_manager.py:100: error: Unsupported target for indexed assignment ("object")  [index]
Test Python 3.12 on windows-latest	Run type checker	2025-06-24T22:48:21.4587913Z src\DHT\modules\act_workflow_manager.py:102: error: Unsupported target for indexed assignment ("object")  [index]
Test Python 3.12 on windows-latest	Run type checker	2025-06-24T22:48:21.4588600Z src\DHT\modules\act_workflow_manager.py:107: error: Unsupported operand types for + ("object" and "int")  [operator]
Test Python 3.12 on windows-latest	Run type checker	2025-06-24T22:48:43.4388915Z src\DHT\modules\reproduction_flow_utils.py:45: error: Incompatible types in assignment (expression has type "Logger | LoggerAdapter[Logger]", variable has type "None")  [assignment]
Test Python 3.12 on windows-latest	Run type checker	2025-06-24T22:48:43.5069751Z src\DHT\modules\project_capture_utils.py:49: error: Incompatible types in assignment (expression has type "Logger | LoggerAdapter[Logger]", variable has type "None")  [assignment]
Test Python 3.12 on windows-latest	Run type checker	2025-06-24T22:48:43.6801447Z src\DHT\modules\guardian_prefect.py:174: error: Module has no attribute "setsid"  [attr-defined]
Test Python 3.12 on windows-latest	Run type checker	2025-06-24T22:48:43.6802536Z src\DHT\modules\guardian_prefect.py:361: error: Argument 1 to "float" has incompatible type "Any | None"; expected "str | Buffer | SupportsFloat | SupportsIndex"  [arg-type]
Test Python 3.12 on windows-latest	Run type checker	2025-06-24T22:48:43.6803808Z src\DHT\modules\guardian_prefect.py:576: error: Argument 1 to "__call__" of "Flow" has incompatible type "list[Collection[str]]"; expected "list[str | dict[str, Any]]"  [arg-type]
Test Python 3.12 on windows-latest	Run type checker	2025-06-24T22:48:43.6912720Z src\DHT\modules\environment_verification_utils.py:52: error: Incompatible types in assignment (expression has type "Logger | LoggerAdapter[Logger]", variable has type "Logger | None")  [assignment]
Test Python 3.12 on windows-latest	Run type checker	2025-06-24T22:48:43.7466875Z src\DHT\modules\environment_reproducer.py:98: error: Incompatible types in assignment (expression has type "Logger | LoggerAdapter[Logger]", variable has type "Logger | None")  [assignment]
Test Python 3.12 on windows-latest	Run type checker	2025-06-24T22:48:43.7468179Z src\DHT\modules\environment_reproducer.py:101: error: Incompatible return value type (got "Logger | None", expected "Logger")  [return-value]
Test Python 3.12 on windows-latest	Run type checker	2025-06-24T22:48:43.7787079Z src\DHT\modules\environment_configurator.py:81: error: Incompatible types in assignment (expression has type "Logger | LoggerAdapter[Logger]", variable has type "None")  [assignment]
Test Python 3.12 on windows-latest	Run type checker	2025-06-24T22:48:43.7788331Z src\DHT\modules\environment_configurator.py:281: error: "State[dict[str, Any]]" has no attribute "get"  [attr-defined]
Test Python 3.12 on windows-latest	Run type checker	2025-06-24T22:48:43.7789138Z src\DHT\modules\environment_configurator.py:292: error: "None" has no attribute "project_type"  [attr-defined]
Test Python 3.12 on windows-latest	Run type checker	2025-06-24T22:48:43.7789782Z src\DHT\modules\environment_configurator.py:301: error: "None" has no attribute "quality_tools"  [attr-defined]
Test Python 3.12 on windows-latest	Run type checker	2025-06-24T22:48:43.7852192Z src\DHT\modules\environment_capture_utils.py:51: error: Incompatible types in assignment (expression has type "Logger | LoggerAdapter[Logger]", variable has type "Logger | None")  [assignment]
Test Python 3.12 on windows-latest	Run type checker	2025-06-24T22:48:43.7853499Z src\DHT\modules\environment_capture_utils.py:56: error: Incompatible return value type (got "Logger | None", expected "Logger")  [return-value]
Test Python 3.12 on windows-latest	Run type checker	2025-06-24T22:48:43.8067008Z src\DHT\modules\environment_analyzer.py:197: error: Need type annotation for "requirements"  [var-annotated]
Test Python 3.12 on windows-latest	Run type checker	2025-06-24T22:48:43.8068111Z src\DHT\modules\environment_analyzer.py:236: error: Incompatible types in assignment (expression has type "str", target has type "list[Any] | None")  [assignment]
Test Python 3.12 on windows-latest	Run type checker	2025-06-24T22:48:43.8357373Z src\DHT\modules\dockerfile_generator.py:175: error: Argument 1 to "_get_system_deps" of "DockerfileGenerator" has incompatible type "object"; expected "list[str]"  [arg-type]
Test Python 3.12 on windows-latest	Run type checker	2025-06-24T22:48:43.8358684Z src\DHT\modules\dockerfile_generator.py:179: error: Argument 2 to "_detect_ports" of "DockerfileGenerator" has incompatible type "object"; expected "str | None"  [arg-type]
Test Python 3.12 on windows-latest	Run type checker	2025-06-24T22:48:44.0756216Z src\DHT\modules\parsers\base_parser.py:78: error: No overload variant of "Language" matches argument types "str", "str"  [call-overload]
Test Python 3.12 on windows-latest	Run type checker	2025-06-24T22:48:44.0757390Z src\DHT\modules\parsers\base_parser.py:78: note: Possible overload variants:
Test Python 3.12 on windows-latest	Run type checker	2025-06-24T22:48:44.0758191Z src\DHT\modules\parsers\base_parser.py:78: note:     def __init__(self, int, /) -> Language
Test Python 3.12 on windows-latest	Run type checker	2025-06-24T22:48:44.0760749Z src\DHT\modules\parsers\base_parser.py:78: note:     def __init__(self, object, /) -> Language
Test Python 3.12 on windows-latest	Run type checker	2025-06-24T22:48:44.2886458Z src\DHT\modules\dhtl_guardian_command.py:54: error: Argument 1 to "guardian_run" has incompatible type "Sequence[Any]"; expected "list[str]"  [arg-type]
Test Python 3.12 on windows-latest	Run type checker	2025-06-24T22:48:44.2887654Z src\DHT\modules\dhtl_guardian_command.py:56: error: Argument 1 to "guardian_batch" has incompatible type "Sequence[Any]"; expected "list[str]"  [arg-type]
Test Python 3.12 on windows-latest	Run type checker	2025-06-24T22:48:44.2888736Z src\DHT\modules\dhtl_guardian_command.py:58: error: Argument 1 to "guardian_config" has incompatible type "Sequence[Any]"; expected "list[str]"  [arg-type]
Test Python 3.12 on windows-latest	Run type checker	2025-06-24T22:48:44.2889825Z src\DHT\modules\dhtl_guardian_command.py:60: error: Argument 1 to "guardian_status" has incompatible type "Sequence[Any]"; expected "list[str]"  [arg-type]
Test Python 3.12 on windows-latest	Run type checker	2025-06-24T22:48:44.3097105Z src\DHT\modules\dhtl_commands_standalone.py:54: error: "_normalize_args" does not return a value (it only ever returns None)  [func-returns-value]
Test Python 3.12 on windows-latest	Run type checker	2025-06-24T22:48:44.3098258Z src\DHT\modules\dhtl_commands_standalone.py:103: error: "_normalize_args" does not return a value (it only ever returns None)  [func-returns-value]
Test Python 3.12 on windows-latest	Run type checker	2025-06-24T22:48:44.3099293Z src\DHT\modules\dhtl_commands_standalone.py:152: error: "_normalize_args" does not return a value (it only ever returns None)  [func-returns-value]
Test Python 3.12 on windows-latest	Run type checker	2025-06-24T22:48:44.3100278Z src\DHT\modules\dhtl_commands_standalone.py:182: error: "_normalize_args" does not return a value (it only ever returns None)  [func-returns-value]
Test Python 3.12 on windows-latest	Run type checker	2025-06-24T22:48:44.3813580Z src\DHT\modules\container_test_runner.py:79: error: Statement is unreachable  [unreachable]
Test Python 3.12 on windows-latest	Run type checker	2025-06-24T22:48:44.3814444Z src\DHT\modules\container_test_runner.py:238: error: Unsupported left operand type for + ("object")  [operator]
Test Python 3.12 on windows-latest	Run type checker	2025-06-24T22:48:44.3815261Z src\DHT\modules\container_test_runner.py:249: error: Unsupported target for indexed assignment ("object")  [index]
Test Python 3.12 on windows-latest	Run type checker	2025-06-24T22:48:44.5646593Z src\DHT\modules\dht_flows\restore_flow.py:346: error: Unsupported target for indexed assignment ("State[dict[str, Any]]")  [index]
Test Python 3.12 on windows-latest	Run type checker	2025-06-24T22:48:44.5647417Z src\DHT\modules\dht_flows\restore_flow.py:353: error: Value of type "State[dict[str, Any]]" is not indexable  [index]
Test Python 3.12 on windows-latest	Run type checker	2025-06-24T22:48:44.5648079Z src\DHT\modules\dht_flows\restore_flow.py:364: error: Value of type "State[dict[str, Any]]" is not indexable  [index]
Test Python 3.12 on windows-latest	Run type checker	2025-06-24T22:48:44.5648712Z src\DHT\modules\dht_flows\restore_flow.py:367: error: Value of type "State[dict[str, Any]]" is not indexable  [index]
Test Python 3.12 on windows-latest	Run type checker	2025-06-24T22:48:44.5649324Z src\DHT\modules\dht_flows\restore_flow.py:368: error: Value of type "State[dict[str, Any]]" is not indexable  [index]
Test Python 3.12 on windows-latest	Run type checker	2025-06-24T22:48:44.6253039Z src\DHT\modules\dhtl_guardian_prefect.py:64: error: Item "RunnerDeployment" of "RunnerDeployment | Coroutine[Any, Any, RunnerDeployment]" has no attribute "interval"  [union-attr]
Test Python 3.12 on windows-latest	Run type checker	2025-06-24T22:48:44.6254536Z src\DHT\modules\dhtl_guardian_prefect.py:64: error: Item "Coroutine[Any, Any, RunnerDeployment]" of "RunnerDeployment | Coroutine[Any, Any, RunnerDeployment]" has no attribute "interval"  [union-attr]
Test Python 3.12 on windows-latest	Run type checker	2025-06-24T22:48:44.6255929Z src\DHT\modules\dhtl_guardian_prefect.py:66: error: Item "RunnerDeployment" of "RunnerDeployment | Coroutine[Any, Any, RunnerDeployment]" has no attribute "cron"  [union-attr]
Test Python 3.12 on windows-latest	Run type checker	2025-06-24T22:48:44.6257534Z src\DHT\modules\dhtl_guardian_prefect.py:66: error: Item "Coroutine[Any, Any, RunnerDeployment]" of "RunnerDeployment | Coroutine[Any, Any, RunnerDeployment]" has no attribute "cron"  [union-attr]
Test Python 3.12 on windows-latest	Run type checker	2025-06-24T22:48:44.6258946Z src\DHT\modules\dhtl_guardian_prefect.py:79: error: Argument 1 to "serve" has incompatible type "*list[RunnerDeployment | Coroutine[Any, Any, RunnerDeployment]]"; expected "RunnerDeployment"  [arg-type]
Test Python 3.12 on windows-latest	Run type checker	2025-06-24T22:48:44.6260135Z src\DHT\modules\dhtl_guardian_prefect.py:180: error: Value of type "Coroutine[Any, Any, R?]" must be used  [unused-coroutine]
Test Python 3.12 on windows-latest	Run type checker	2025-06-24T22:48:44.6260858Z src\DHT\modules\dhtl_guardian_prefect.py:180: note: Are you missing an await?
Test Python 3.12 on windows-latest	Run type checker	2025-06-24T22:48:44.6261645Z src\DHT\modules\dhtl_guardian_prefect.py:206: error: Value of type "Any | None" is not indexable  [index]
Test Python 3.12 on windows-latest	Run type checker	2025-06-24T22:48:44.6724101Z src\DHT\modules\dht_flows\test_flow.py:117: error: Argument 1 to "extend" of "list" has incompatible type "Generator[Path, None, None]"; expected "Iterable[str]"  [arg-type]
Test Python 3.12 on windows-latest	Run type checker	2025-06-24T22:48:44.6726007Z src\DHT\modules\dht_flows\test_flow.py:118: error: Argument 1 to "extend" of "list" has incompatible type "Generator[Path, None, None]"; expected "Iterable[str]"  [arg-type]
Test Python 3.12 on windows-latest	Run type checker	2025-06-24T22:48:44.6727562Z src\DHT\modules\dht_flows\test_flow.py:119: error: Argument 1 to "extend" of "list" has incompatible type "list[Path]"; expected "Iterable[str]"  [arg-type]
Test Python 3.12 on windows-latest	Run type checker	2025-06-24T22:48:44.6729104Z src\DHT\modules\dht_flows\test_flow.py:433: error: Need type annotation for "coverage_info" (hint: "coverage_info: dict[<type>, <type>] = ...")  [var-annotated]
Test Python 3.12 on windows-latest	Run type checker	2025-06-24T22:48:44.6730762Z src\DHT\modules\dht_flows\test_flow.py:435: error: Incompatible types in assignment (expression has type "State[dict[str, Any]]", variable has type "dict[Any, Any]")  [assignment]
Test Python 3.12 on windows-latest	Run type checker	2025-06-24T22:48:44.6732243Z src\DHT\modules\dht_flows\test_flow.py:439: error: Value of type "State[dict[str, Any]]" is not indexable  [index]
Test Python 3.12 on windows-latest	Run type checker	2025-06-24T22:48:44.6733309Z src\DHT\modules\dht_flows\test_flow.py:448: error: Value of type "State[dict[str, Any]]" is not indexable  [index]
Test Python 3.12 on windows-latest	Run type checker	2025-06-24T22:48:44.6734372Z src\DHT\modules\dht_flows\test_flow.py:449: error: Value of type "State[dict[str, Any]]" is not indexable  [index]
Test Python 3.12 on windows-latest	Run type checker	2025-06-24T22:48:44.6735400Z src\DHT\modules\dht_flows\test_flow.py:457: error: Value of type "State[dict[str, Any]]" is not indexable  [index]
Test Python 3.12 on windows-latest	Run type checker	2025-06-24T22:48:44.6960520Z src\DHT\modules\command_runner.py:184: error: No overload variant of "__call__" of "FlowDecorator" matches argument types "str", "str", "bool", "Callable[[Any, Any], str]"  [call-overload]
Test Python 3.12 on windows-latest	Run type checker	2025-06-24T22:48:44.6961342Z src\DHT\modules\command_runner.py:184: note: Possible overload variants:
Test Python 3.12 on windows-latest	Run type checker	2025-06-24T22:48:44.6961937Z src\DHT\modules\command_runner.py:184: note:     def [P`51445, R] __call__(self, Callable[P, R], /) -> Flow[P, R]
Test Python 3.12 on windows-latest	Run type checker	2025-06-24T22:48:44.6964650Z src\DHT\modules\command_runner.py:184: note:     def __call__(self, None = ..., /, *, name: str | None = ..., version: str | None = ..., flow_run_name: Callable[[], str] | str | None = ..., retries: int | None = ..., retry_delay_seconds: int | float | None = ..., task_runner: None = ..., description: str | None = ..., timeout_seconds: int | float | None = ..., validate_parameters: bool = ..., persist_result: bool | None = ..., result_storage: WritableFileSystem | str | None = ..., result_serializer: Serializer[Any] | str | None = ..., cache_result_in_memory: bool = ..., log_prints: bool | None = ..., on_completion: list[FlowStateHook[[VarArg(Any), KwArg(Any)], Any]] | None = ..., on_failure: list[FlowStateHook[[VarArg(Any), KwArg(Any)], Any]] | None = ..., on_cancellation: list[FlowStateHook[[VarArg(Any), KwArg(Any)], Any]] | None = ..., on_crashed: list[FlowStateHook[[VarArg(Any), KwArg(Any)], Any]] | None = ..., on_running: list[FlowStateHook[[VarArg(Any), KwArg(Any)], Any]] | None = ...) -> Callable[[Callable[P, R]], Flow[P, R]]
Test Python 3.12 on windows-latest	Run type checker	2025-06-24T22:48:44.6970764Z src\DHT\modules\command_runner.py:184: note:     def [R] __call__(self, None = ..., /, *, name: str | None = ..., version: str | None = ..., flow_run_name: Callable[[], str] | str | None = ..., retries: int | None = ..., retry_delay_seconds: int | float | None = ..., task_runner: TaskRunner[PrefectFuture[R]] | None = ..., description: str | None = ..., timeout_seconds: int | float | None = ..., validate_parameters: bool = ..., persist_result: bool | None = ..., result_storage: WritableFileSystem | str | None = ..., result_serializer: Serializer[Any] | str | None = ..., cache_result_in_memory: bool = ..., log_prints: bool | None = ..., on_completion: list[FlowStateHook[[VarArg(Any), KwArg(Any)], Any]] | None = ..., on_failure: list[FlowStateHook[[VarArg(Any), KwArg(Any)], Any]] | None = ..., on_cancellation: list[FlowStateHook[[VarArg(Any), KwArg(Any)], Any]] | None = ..., on_crashed: list[FlowStateHook[[VarArg(Any), KwArg(Any)], Any]] | None = ..., on_running: list[FlowStateHook[[VarArg(Any), KwArg(Any)], Any]] | None = ...) -> Callable[[Callable[P, R]], Flow[P, R]]
Test Python 3.12 on windows-latest	Run type checker	2025-06-24T22:48:44.7432643Z src\DHT\modules\command_dispatcher.py:265: error: Incompatible default for argument "args" (default has type "None", argument has type "list[str]")  [assignment]
Test Python 3.12 on windows-latest	Run type checker	2025-06-24T22:48:44.7433882Z src\DHT\modules\command_dispatcher.py:265: note: PEP 484 prohibits implicit Optional. Accordingly, mypy has changed its default to no_implicit_optional=True
Test Python 3.12 on windows-latest	Run type checker	2025-06-24T22:48:44.7435000Z src\DHT\modules\command_dispatcher.py:265: note: Use https://github.com/hauntsaninja/no_implicit_optional to automatically upgrade your codebase
Test Python 3.12 on windows-latest	Run type checker	2025-06-24T22:48:44.7436084Z src\DHT\modules\command_dispatcher.py:293: error: Incompatible default for argument "args" (default has type "None", argument has type "list[str]")  [assignment]
Test Python 3.12 on windows-latest	Run type checker	2025-06-24T22:48:44.7437224Z src\DHT\modules\command_dispatcher.py:293: note: PEP 484 prohibits implicit Optional. Accordingly, mypy has changed its default to no_implicit_optional=True
Test Python 3.12 on windows-latest	Run type checker	2025-06-24T22:48:44.7438101Z src\DHT\modules\command_dispatcher.py:293: note: Use https://github.com/hauntsaninja/no_implicit_optional to automatically upgrade your codebase
Test Python 3.12 on windows-latest	Run type checker	2025-06-24T22:48:44.7601784Z src\DHT\launcher.py:31: error: Name "Colors" already defined (possibly by an import)  [no-redef]
Test Python 3.12 on windows-latest	Run type checker	2025-06-24T22:48:44.7602574Z src\DHT\launcher.py:207: error: Name "CommandDispatcher" already defined (possibly by an import)  [no-redef]
Test Python 3.12 on windows-latest	Run type checker	2025-06-24T22:48:44.7635407Z src\DHT\dhtl.py:37: error: Name "DHTLauncher" already defined (possibly by an import)  [no-redef]
Test Python 3.12 on windows-latest	Run type checker	2025-06-24T22:48:44.7751050Z Found 77 errors in 27 files (checked 182 source files)
Test Python 3.12 on windows-latest	Run type checker	2025-06-24T22:48:44.8867205Z ##[error]Process completed with exit code 1.
Test Python 3.11 on windows-latest	Run type checker	ï»¿2025-06-24T22:48:10.3388094Z ##[group]Run uv run mypy src/DHT/
Test Python 3.11 on windows-latest	Run type checker	2025-06-24T22:48:10.3388436Z [36;1muv run mypy src/DHT/[0m
Test Python 3.11 on windows-latest	Run type checker	2025-06-24T22:48:10.3424250Z shell: C:\Program Files\PowerShell\7\pwsh.EXE -command ". '{0}'"
Test Python 3.11 on windows-latest	Run type checker	2025-06-24T22:48:10.3424575Z env:
Test Python 3.11 on windows-latest	Run type checker	2025-06-24T22:48:10.3424745Z   UV_CACHE_DIR: D:\a\_temp\setup-uv-cache
Test Python 3.11 on windows-latest	Run type checker	2025-06-24T22:48:10.3424994Z   UV_TOOL_BIN_DIR: D:\a\_temp\uv-tool-bin-dir
Test Python 3.11 on windows-latest	Run type checker	2025-06-24T22:48:10.3425225Z   UV_TOOL_DIR: D:\a\_temp\uv-tool-dir
Test Python 3.11 on windows-latest	Run type checker	2025-06-24T22:48:10.3425430Z ##[endgroup]
Test Python 3.11 on windows-latest	Run type checker	2025-06-24T22:48:21.6029388Z src\DHT\modules\subprocess_utils.py:180: error: Module has no attribute "getrlimit"  [attr-defined]
Test Python 3.11 on windows-latest	Run type checker	2025-06-24T22:48:21.6030522Z src\DHT\modules\subprocess_utils.py:180: error: Module has no attribute "RLIMIT_AS"  [attr-defined]
Test Python 3.11 on windows-latest	Run type checker	2025-06-24T22:48:21.6031435Z src\DHT\modules\subprocess_utils.py:184: error: Module has no attribute "setrlimit"  [attr-defined]
Test Python 3.11 on windows-latest	Run type checker	2025-06-24T22:48:21.6032218Z src\DHT\modules\subprocess_utils.py:184: error: Module has no attribute "RLIMIT_AS"  [attr-defined]
Test Python 3.11 on windows-latest	Run type checker	2025-06-24T22:48:21.6628809Z src\DHT\modules\parsers\bash_parser_tree_sitter.py:33: error: Incompatible types in assignment (expression has type "None", variable has type Module)  [assignment]
Test Python 3.11 on windows-latest	Run type checker	2025-06-24T22:48:21.6631484Z src\DHT\modules\parsers\bash_parser_tree_sitter.py:34: error: Incompatible types in assignment (expression has type "None", variable has type Module)  [assignment]
Test Python 3.11 on windows-latest	Run type checker	2025-06-24T22:48:22.7808627Z src\DHT\setup_tree_sitter.py:141: error: No overload variant of "Language" matches argument types "str", "str"  [call-overload]
Test Python 3.11 on windows-latest	Run type checker	2025-06-24T22:48:22.7809546Z src\DHT\setup_tree_sitter.py:141: note: Possible overload variants:
Test Python 3.11 on windows-latest	Run type checker	2025-06-24T22:48:22.7810177Z src\DHT\setup_tree_sitter.py:141: note:     def __init__(self, int, /) -> Language
Test Python 3.11 on windows-latest	Run type checker	2025-06-24T22:48:22.7810846Z src\DHT\setup_tree_sitter.py:141: note:     def __init__(self, object, /) -> Language
Test Python 3.11 on windows-latest	Run type checker	2025-06-24T22:48:22.7811565Z src\DHT\setup_tree_sitter.py:154: error: "type[Language]" has no attribute "build"  [attr-defined]
Test Python 3.11 on windows-latest	Run type checker	2025-06-24T22:48:22.7812392Z src\DHT\setup_tree_sitter.py:158: error: "type[Language]" has no attribute "build_library"  [attr-defined]
Test Python 3.11 on windows-latest	Run type checker	2025-06-24T22:48:22.7813372Z src\DHT\setup_tree_sitter.py:181: error: No overload variant of "Language" matches argument types "str", "str"  [call-overload]
Test Python 3.11 on windows-latest	Run type checker	2025-06-24T22:48:22.7814176Z src\DHT\setup_tree_sitter.py:181: note: Possible overload variants:
Test Python 3.11 on windows-latest	Run type checker	2025-06-24T22:48:22.7814795Z src\DHT\setup_tree_sitter.py:181: note:     def __init__(self, int, /) -> Language
Test Python 3.11 on windows-latest	Run type checker	2025-06-24T22:48:22.7815438Z src\DHT\setup_tree_sitter.py:181: note:     def __init__(self, object, /) -> Language
Test Python 3.11 on windows-latest	Run type checker	2025-06-24T22:48:22.7816290Z src\DHT\setup_tree_sitter.py:202: error: No overload variant of "Language" matches argument types "str", "str"  [call-overload]
Test Python 3.11 on windows-latest	Run type checker	2025-06-24T22:48:22.7817090Z src\DHT\setup_tree_sitter.py:202: note: Possible overload variants:
Test Python 3.11 on windows-latest	Run type checker	2025-06-24T22:48:22.7817599Z src\DHT\setup_tree_sitter.py:202: note:     def __init__(self, int, /) -> Language
Test Python 3.11 on windows-latest	Run type checker	2025-06-24T22:48:22.7818107Z src\DHT\setup_tree_sitter.py:202: note:     def __init__(self, object, /) -> Language
Test Python 3.11 on windows-latest	Run type checker	2025-06-24T22:48:22.7818692Z src\DHT\setup_tree_sitter.py:205: error: "Parser" has no attribute "set_language"; maybe "language"?  [attr-defined]
Test Python 3.11 on windows-latest	Run type checker	2025-06-24T22:48:22.8981426Z src\DHT\modules\act_container_manager.py:53: error: Module has no attribute "getuid"; maybe "getpid" or "getppid"?  [attr-defined]
Test Python 3.11 on windows-latest	Run type checker	2025-06-24T22:48:23.7758815Z src\DHT\modules\uv_manager_improvements.py:24: error: Name "UVNotFoundError" already defined (possibly by an import)  [no-redef]
Test Python 3.11 on windows-latest	Run type checker	2025-06-24T22:48:23.7878570Z src\DHT\modules\project_file_generators.py:327: error: Value of type "Collection[str]" is not indexable  [index]
Test Python 3.11 on windows-latest	Run type checker	2025-06-24T22:48:23.7879804Z src\DHT\modules\project_file_generators.py:330: error: Value of type "Collection[str]" is not indexable  [index]
Test Python 3.11 on windows-latest	Run type checker	2025-06-24T22:48:23.7880584Z src\DHT\modules\project_file_generators.py:339: error: Value of type "Collection[str]" is not indexable  [index]
Test Python 3.11 on windows-latest	Run type checker	2025-06-24T22:48:24.0072060Z src\DHT\modules\act_workflow_manager.py:100: error: Unsupported target for indexed assignment ("object")  [index]
Test Python 3.11 on windows-latest	Run type checker	2025-06-24T22:48:24.0075376Z src\DHT\modules\act_workflow_manager.py:102: error: Unsupported target for indexed assignment ("object")  [index]
Test Python 3.11 on windows-latest	Run type checker	2025-06-24T22:48:24.0076237Z src\DHT\modules\act_workflow_manager.py:107: error: Unsupported operand types for + ("object" and "int")  [operator]
Test Python 3.11 on windows-latest	Run type checker	2025-06-24T22:48:45.9925971Z src\DHT\modules\reproduction_flow_utils.py:45: error: Incompatible types in assignment (expression has type "Logger | LoggerAdapter[Logger]", variable has type "None")  [assignment]
Test Python 3.11 on windows-latest	Run type checker	2025-06-24T22:48:46.0615472Z src\DHT\modules\project_capture_utils.py:49: error: Incompatible types in assignment (expression has type "Logger | LoggerAdapter[Logger]", variable has type "None")  [assignment]
Test Python 3.11 on windows-latest	Run type checker	2025-06-24T22:48:46.2334189Z src\DHT\modules\guardian_prefect.py:174: error: Module has no attribute "setsid"  [attr-defined]
Test Python 3.11 on windows-latest	Run type checker	2025-06-24T22:48:46.2335265Z src\DHT\modules\guardian_prefect.py:361: error: Argument 1 to "float" has incompatible type "Any | None"; expected "str | Buffer | SupportsFloat | SupportsIndex"  [arg-type]
Test Python 3.11 on windows-latest	Run type checker	2025-06-24T22:48:46.2336494Z src\DHT\modules\guardian_prefect.py:576: error: Argument 1 to "__call__" of "Flow" has incompatible type "list[Collection[str]]"; expected "list[str | dict[str, Any]]"  [arg-type]
Test Python 3.11 on windows-latest	Run type checker	2025-06-24T22:48:46.2443362Z src\DHT\modules\environment_verification_utils.py:52: error: Incompatible types in assignment (expression has type "Logger | LoggerAdapter[Logger]", variable has type "Logger | None")  [assignment]
Test Python 3.11 on windows-latest	Run type checker	2025-06-24T22:48:46.2983584Z src\DHT\modules\environment_reproducer.py:98: error: Incompatible types in assignment (expression has type "Logger | LoggerAdapter[Logger]", variable has type "Logger | None")  [assignment]
Test Python 3.11 on windows-latest	Run type checker	2025-06-24T22:48:46.2985032Z src\DHT\modules\environment_reproducer.py:101: error: Incompatible return value type (got "Logger | None", expected "Logger")  [return-value]
Test Python 3.11 on windows-latest	Run type checker	2025-06-24T22:48:46.3304024Z src\DHT\modules\environment_configurator.py:81: error: Incompatible types in assignment (expression has type "Logger | LoggerAdapter[Logger]", variable has type "None")  [assignment]
Test Python 3.11 on windows-latest	Run type checker	2025-06-24T22:48:46.3305366Z src\DHT\modules\environment_configurator.py:281: error: "State[dict[str, Any]]" has no attribute "get"  [attr-defined]
Test Python 3.11 on windows-latest	Run type checker	2025-06-24T22:48:46.3306302Z src\DHT\modules\environment_configurator.py:292: error: "None" has no attribute "project_type"  [attr-defined]
Test Python 3.11 on windows-latest	Run type checker	2025-06-24T22:48:46.3307168Z src\DHT\modules\environment_configurator.py:301: error: "None" has no attribute "quality_tools"  [attr-defined]
Test Python 3.11 on windows-latest	Run type checker	2025-06-24T22:48:46.3370246Z src\DHT\modules\environment_capture_utils.py:51: error: Incompatible types in assignment (expression has type "Logger | LoggerAdapter[Logger]", variable has type "Logger | None")  [assignment]
Test Python 3.11 on windows-latest	Run type checker	2025-06-24T22:48:46.3371503Z src\DHT\modules\environment_capture_utils.py:56: error: Incompatible return value type (got "Logger | None", expected "Logger")  [return-value]
Test Python 3.11 on windows-latest	Run type checker	2025-06-24T22:48:46.3591121Z src\DHT\modules\environment_analyzer.py:197: error: Need type annotation for "requirements"  [var-annotated]
Test Python 3.11 on windows-latest	Run type checker	2025-06-24T22:48:46.3592273Z src\DHT\modules\environment_analyzer.py:236: error: Incompatible types in assignment (expression has type "str", target has type "list[Any] | None")  [assignment]
Test Python 3.11 on windows-latest	Run type checker	2025-06-24T22:48:46.3883156Z src\DHT\modules\dockerfile_generator.py:175: error: Argument 1 to "_get_system_deps" of "DockerfileGenerator" has incompatible type "object"; expected "list[str]"  [arg-type]
Test Python 3.11 on windows-latest	Run type checker	2025-06-24T22:48:46.3884487Z src\DHT\modules\dockerfile_generator.py:179: error: Argument 2 to "_detect_ports" of "DockerfileGenerator" has incompatible type "object"; expected "str | None"  [arg-type]
Test Python 3.11 on windows-latest	Run type checker	2025-06-24T22:48:46.5516517Z src\DHT\modules\parsers\base_parser.py:78: error: No overload variant of "Language" matches argument types "str", "str"  [call-overload]
Test Python 3.11 on windows-latest	Run type checker	2025-06-24T22:48:46.5517364Z src\DHT\modules\parsers\base_parser.py:78: note: Possible overload variants:
Test Python 3.11 on windows-latest	Run type checker	2025-06-24T22:48:46.5517903Z src\DHT\modules\parsers\base_parser.py:78: note:     def __init__(self, int, /) -> Language
Test Python 3.11 on windows-latest	Run type checker	2025-06-24T22:48:46.5519427Z src\DHT\modules\parsers\base_parser.py:78: note:     def __init__(self, object, /) -> Language
Test Python 3.11 on windows-latest	Run type checker	2025-06-24T22:48:46.7556384Z src\DHT\modules\dhtl_guardian_command.py:54: error: Argument 1 to "guardian_run" has incompatible type "Sequence[Any]"; expected "list[str]"  [arg-type]
Test Python 3.11 on windows-latest	Run type checker	2025-06-24T22:48:46.7557444Z src\DHT\modules\dhtl_guardian_command.py:56: error: Argument 1 to "guardian_batch" has incompatible type "Sequence[Any]"; expected "list[str]"  [arg-type]
Test Python 3.11 on windows-latest	Run type checker	2025-06-24T22:48:46.7558445Z src\DHT\modules\dhtl_guardian_command.py:58: error: Argument 1 to "guardian_config" has incompatible type "Sequence[Any]"; expected "list[str]"  [arg-type]
Test Python 3.11 on windows-latest	Run type checker	2025-06-24T22:48:46.7559419Z src\DHT\modules\dhtl_guardian_command.py:60: error: Argument 1 to "guardian_status" has incompatible type "Sequence[Any]"; expected "list[str]"  [arg-type]
Test Python 3.11 on windows-latest	Run type checker	2025-06-24T22:48:46.7730639Z src\DHT\modules\dhtl_commands_standalone.py:54: error: "_normalize_args" does not return a value (it only ever returns None)  [func-returns-value]
Test Python 3.11 on windows-latest	Run type checker	2025-06-24T22:48:46.7731731Z src\DHT\modules\dhtl_commands_standalone.py:103: error: "_normalize_args" does not return a value (it only ever returns None)  [func-returns-value]
Test Python 3.11 on windows-latest	Run type checker	2025-06-24T22:48:46.7732772Z src\DHT\modules\dhtl_commands_standalone.py:152: error: "_normalize_args" does not return a value (it only ever returns None)  [func-returns-value]
Test Python 3.11 on windows-latest	Run type checker	2025-06-24T22:48:46.7733786Z src\DHT\modules\dhtl_commands_standalone.py:182: error: "_normalize_args" does not return a value (it only ever returns None)  [func-returns-value]
Test Python 3.11 on windows-latest	Run type checker	2025-06-24T22:48:46.8405104Z src\DHT\modules\container_test_runner.py:79: error: Statement is unreachable  [unreachable]
Test Python 3.11 on windows-latest	Run type checker	2025-06-24T22:48:46.8406003Z src\DHT\modules\container_test_runner.py:238: error: Unsupported left operand type for + ("object")  [operator]
Test Python 3.11 on windows-latest	Run type checker	2025-06-24T22:48:46.8406912Z src\DHT\modules\container_test_runner.py:249: error: Unsupported target for indexed assignment ("object")  [index]
Test Python 3.11 on windows-latest	Run type checker	2025-06-24T22:48:47.0099740Z src\DHT\modules\dht_flows\restore_flow.py:346: error: Unsupported target for indexed assignment ("State[dict[str, Any]]")  [index]
Test Python 3.11 on windows-latest	Run type checker	2025-06-24T22:48:47.0100939Z src\DHT\modules\dht_flows\restore_flow.py:353: error: Value of type "State[dict[str, Any]]" is not indexable  [index]
Test Python 3.11 on windows-latest	Run type checker	2025-06-24T22:48:47.0101738Z src\DHT\modules\dht_flows\restore_flow.py:364: error: Value of type "State[dict[str, Any]]" is not indexable  [index]
Test Python 3.11 on windows-latest	Run type checker	2025-06-24T22:48:47.0102502Z src\DHT\modules\dht_flows\restore_flow.py:367: error: Value of type "State[dict[str, Any]]" is not indexable  [index]
Test Python 3.11 on windows-latest	Run type checker	2025-06-24T22:48:47.0103250Z src\DHT\modules\dht_flows\restore_flow.py:368: error: Value of type "State[dict[str, Any]]" is not indexable  [index]
Test Python 3.11 on windows-latest	Run type checker	2025-06-24T22:48:47.0678102Z src\DHT\modules\dhtl_guardian_prefect.py:64: error: Item "RunnerDeployment" of "RunnerDeployment | Coroutine[Any, Any, RunnerDeployment]" has no attribute "interval"  [union-attr]
Test Python 3.11 on windows-latest	Run type checker	2025-06-24T22:48:47.0679515Z src\DHT\modules\dhtl_guardian_prefect.py:64: error: Item "Coroutine[Any, Any, RunnerDeployment]" of "RunnerDeployment | Coroutine[Any, Any, RunnerDeployment]" has no attribute "interval"  [union-attr]
Test Python 3.11 on windows-latest	Run type checker	2025-06-24T22:48:47.0680878Z src\DHT\modules\dhtl_guardian_prefect.py:66: error: Item "RunnerDeployment" of "RunnerDeployment | Coroutine[Any, Any, RunnerDeployment]" has no attribute "cron"  [union-attr]
Test Python 3.11 on windows-latest	Run type checker	2025-06-24T22:48:47.0682394Z src\DHT\modules\dhtl_guardian_prefect.py:66: error: Item "Coroutine[Any, Any, RunnerDeployment]" of "RunnerDeployment | Coroutine[Any, Any, RunnerDeployment]" has no attribute "cron"  [union-attr]
Test Python 3.11 on windows-latest	Run type checker	2025-06-24T22:48:47.0683779Z src\DHT\modules\dhtl_guardian_prefect.py:79: error: Argument 1 to "serve" has incompatible type "*list[RunnerDeployment | Coroutine[Any, Any, RunnerDeployment]]"; expected "RunnerDeployment"  [arg-type]
Test Python 3.11 on windows-latest	Run type checker	2025-06-24T22:48:47.0684931Z src\DHT\modules\dhtl_guardian_prefect.py:180: error: Value of type "Coroutine[Any, Any, R?]" must be used  [unused-coroutine]
Test Python 3.11 on windows-latest	Run type checker	2025-06-24T22:48:47.0685639Z src\DHT\modules\dhtl_guardian_prefect.py:180: note: Are you missing an await?
Test Python 3.11 on windows-latest	Run type checker	2025-06-24T22:48:47.0686389Z src\DHT\modules\dhtl_guardian_prefect.py:206: error: Value of type "Any | None" is not indexable  [index]
Test Python 3.11 on windows-latest	Run type checker	2025-06-24T22:48:47.1128240Z src\DHT\modules\dht_flows\test_flow.py:117: error: Argument 1 to "extend" of "list" has incompatible type "Generator[Path, None, None]"; expected "Iterable[str]"  [arg-type]
Test Python 3.11 on windows-latest	Run type checker	2025-06-24T22:48:47.1129594Z src\DHT\modules\dht_flows\test_flow.py:118: error: Argument 1 to "extend" of "list" has incompatible type "Generator[Path, None, None]"; expected "Iterable[str]"  [arg-type]
Test Python 3.11 on windows-latest	Run type checker	2025-06-24T22:48:47.1130835Z src\DHT\modules\dht_flows\test_flow.py:119: error: Argument 1 to "extend" of "list" has incompatible type "list[Path]"; expected "Iterable[str]"  [arg-type]
Test Python 3.11 on windows-latest	Run type checker	2025-06-24T22:48:47.1132048Z src\DHT\modules\dht_flows\test_flow.py:433: error: Need type annotation for "coverage_info" (hint: "coverage_info: dict[<type>, <type>] = ...")  [var-annotated]
Test Python 3.11 on windows-latest	Run type checker	2025-06-24T22:48:47.1133373Z src\DHT\modules\dht_flows\test_flow.py:435: error: Incompatible types in assignment (expression has type "State[dict[str, Any]]", variable has type "dict[Any, Any]")  [assignment]
Test Python 3.11 on windows-latest	Run type checker	2025-06-24T22:48:47.1134515Z src\DHT\modules\dht_flows\test_flow.py:439: error: Value of type "State[dict[str, Any]]" is not indexable  [index]
Test Python 3.11 on windows-latest	Run type checker	2025-06-24T22:48:47.1135367Z src\DHT\modules\dht_flows\test_flow.py:448: error: Value of type "State[dict[str, Any]]" is not indexable  [index]
Test Python 3.11 on windows-latest	Run type checker	2025-06-24T22:48:47.1136099Z src\DHT\modules\dht_flows\test_flow.py:449: error: Value of type "State[dict[str, Any]]" is not indexable  [index]
Test Python 3.11 on windows-latest	Run type checker	2025-06-24T22:48:47.1136752Z src\DHT\modules\dht_flows\test_flow.py:457: error: Value of type "State[dict[str, Any]]" is not indexable  [index]
Test Python 3.11 on windows-latest	Run type checker	2025-06-24T22:48:47.1342561Z src\DHT\modules\command_runner.py:184: error: No overload variant of "__call__" of "FlowDecorator" matches argument types "str", "str", "bool", "Callable[[Any, Any], str]"  [call-overload]
Test Python 3.11 on windows-latest	Run type checker	2025-06-24T22:48:47.1343710Z src\DHT\modules\command_runner.py:184: note: Possible overload variants:
Test Python 3.11 on windows-latest	Run type checker	2025-06-24T22:48:47.1344399Z src\DHT\modules\command_runner.py:184: note:     def [P`51445, R] __call__(self, Callable[P, R], /) -> Flow[P, R]
Test Python 3.11 on windows-latest	Run type checker	2025-06-24T22:48:47.1347740Z src\DHT\modules\command_runner.py:184: note:     def __call__(self, None = ..., /, *, name: str | None = ..., version: str | None = ..., flow_run_name: Callable[[], str] | str | None = ..., retries: int | None = ..., retry_delay_seconds: int | float | None = ..., task_runner: None = ..., description: str | None = ..., timeout_seconds: int | float | None = ..., validate_parameters: bool = ..., persist_result: bool | None = ..., result_storage: WritableFileSystem | str | None = ..., result_serializer: Serializer[Any] | str | None = ..., cache_result_in_memory: bool = ..., log_prints: bool | None = ..., on_completion: list[FlowStateHook[[VarArg(Any), KwArg(Any)], Any]] | None = ..., on_failure: list[FlowStateHook[[VarArg(Any), KwArg(Any)], Any]] | None = ..., on_cancellation: list[FlowStateHook[[VarArg(Any), KwArg(Any)], Any]] | None = ..., on_crashed: list[FlowStateHook[[VarArg(Any), KwArg(Any)], Any]] | None = ..., on_running: list[FlowStateHook[[VarArg(Any), KwArg(Any)], Any]] | None = ...) -> Callable[[Callable[P, R]], Flow[P, R]]
Test Python 3.11 on windows-latest	Run type checker	2025-06-24T22:48:47.1354437Z src\DHT\modules\command_runner.py:184: note:     def [R] __call__(self, None = ..., /, *, name: str | None = ..., version: str | None = ..., flow_run_name: Callable[[], str] | str | None = ..., retries: int | None = ..., retry_delay_seconds: int | float | None = ..., task_runner: TaskRunner[PrefectFuture[R]] | None = ..., description: str | None = ..., timeout_seconds: int | float | None = ..., validate_parameters: bool = ..., persist_result: bool | None = ..., result_storage: WritableFileSystem | str | None = ..., result_serializer: Serializer[Any] | str | None = ..., cache_result_in_memory: bool = ..., log_prints: bool | None = ..., on_completion: list[FlowStateHook[[VarArg(Any), KwArg(Any)], Any]] | None = ..., on_failure: list[FlowStateHook[[VarArg(Any), KwArg(Any)], Any]] | None = ..., on_cancellation: list[FlowStateHook[[VarArg(Any), KwArg(Any)], Any]] | None = ..., on_crashed: list[FlowStateHook[[VarArg(Any), KwArg(Any)], Any]] | None = ..., on_running: list[FlowStateHook[[VarArg(Any), KwArg(Any)], Any]] | None = ...) -> Callable[[Callable[P, R]], Flow[P, R]]
Test Python 3.11 on windows-latest	Run type checker	2025-06-24T22:48:47.1804531Z src\DHT\modules\command_dispatcher.py:265: error: Incompatible default for argument "args" (default has type "None", argument has type "list[str]")  [assignment]
Test Python 3.11 on windows-latest	Run type checker	2025-06-24T22:48:47.1805747Z src\DHT\modules\command_dispatcher.py:265: note: PEP 484 prohibits implicit Optional. Accordingly, mypy has changed its default to no_implicit_optional=True
Test Python 3.11 on windows-latest	Run type checker	2025-06-24T22:48:47.1806905Z src\DHT\modules\command_dispatcher.py:265: note: Use https://github.com/hauntsaninja/no_implicit_optional to automatically upgrade your codebase
Test Python 3.11 on windows-latest	Run type checker	2025-06-24T22:48:47.1808059Z src\DHT\modules\command_dispatcher.py:293: error: Incompatible default for argument "args" (default has type "None", argument has type "list[str]")  [assignment]
Test Python 3.11 on windows-latest	Run type checker	2025-06-24T22:48:47.1809270Z src\DHT\modules\command_dispatcher.py:293: note: PEP 484 prohibits implicit Optional. Accordingly, mypy has changed its default to no_implicit_optional=True
Test Python 3.11 on windows-latest	Run type checker	2025-06-24T22:48:47.1810421Z src\DHT\modules\command_dispatcher.py:293: note: Use https://github.com/hauntsaninja/no_implicit_optional to automatically upgrade your codebase
Test Python 3.11 on windows-latest	Run type checker	2025-06-24T22:48:47.1971415Z src\DHT\launcher.py:31: error: Name "Colors" already defined (possibly by an import)  [no-redef]
Test Python 3.11 on windows-latest	Run type checker	2025-06-24T22:48:47.1972198Z src\DHT\launcher.py:207: error: Name "CommandDispatcher" already defined (possibly by an import)  [no-redef]
Test Python 3.11 on windows-latest	Run type checker	2025-06-24T22:48:47.2003910Z src\DHT\dhtl.py:37: error: Name "DHTLauncher" already defined (possibly by an import)  [no-redef]
Test Python 3.11 on windows-latest	Run type checker	2025-06-24T22:48:47.2112178Z Found 77 errors in 27 files (checked 182 source files)
Test Python 3.11 on windows-latest	Run type checker	2025-06-24T22:48:47.3181598Z ##[error]Process completed with exit code 1.
Test Python 3.11 on ubuntu-latest	Run type checker	ï»¿2025-06-24T22:47:53.9839276Z ##[group]Run uv run mypy src/DHT/
Test Python 3.11 on ubuntu-latest	Run type checker	2025-06-24T22:47:53.9839727Z [36;1muv run mypy src/DHT/[0m
Test Python 3.11 on ubuntu-latest	Run type checker	2025-06-24T22:47:53.9906364Z shell: /usr/bin/bash -e {0}
Test Python 3.11 on ubuntu-latest	Run type checker	2025-06-24T22:47:53.9906723Z env:
Test Python 3.11 on ubuntu-latest	Run type checker	2025-06-24T22:47:53.9907069Z   UV_CACHE_DIR: /home/runner/work/_temp/setup-uv-cache
Test Python 3.11 on ubuntu-latest	Run type checker	2025-06-24T22:47:53.9907513Z ##[endgroup]
Test Python 3.11 on ubuntu-latest	Run type checker	2025-06-24T22:48:02.8654709Z src/DHT/modules/parsers/bash_parser_tree_sitter.py:33: error: Incompatible types in assignment (expression has type "None", variable has type Module)  [assignment]
Test Python 3.11 on ubuntu-latest	Run type checker	2025-06-24T22:48:02.8656492Z src/DHT/modules/parsers/bash_parser_tree_sitter.py:34: error: Incompatible types in assignment (expression has type "None", variable has type Module)  [assignment]
Test Python 3.11 on ubuntu-latest	Run type checker	2025-06-24T22:48:03.9394866Z src/DHT/setup_tree_sitter.py:141: error: No overload variant of "Language" matches argument types "str", "str"  [call-overload]
Test Python 3.11 on ubuntu-latest	Run type checker	2025-06-24T22:48:03.9395759Z src/DHT/setup_tree_sitter.py:141: note: Possible overload variants:
Test Python 3.11 on ubuntu-latest	Run type checker	2025-06-24T22:48:03.9396378Z src/DHT/setup_tree_sitter.py:141: note:     def __init__(self, int, /) -> Language
Test Python 3.11 on ubuntu-latest	Run type checker	2025-06-24T22:48:03.9397054Z src/DHT/setup_tree_sitter.py:141: note:     def __init__(self, object, /) -> Language
Test Python 3.11 on ubuntu-latest	Run type checker	2025-06-24T22:48:03.9397710Z src/DHT/setup_tree_sitter.py:154: error: "type[Language]" has no attribute "build"  [attr-defined]
Test Python 3.11 on ubuntu-latest	Run type checker	2025-06-24T22:48:03.9398777Z src/DHT/setup_tree_sitter.py:158: error: "type[Language]" has no attribute "build_library"  [attr-defined]
Test Python 3.11 on ubuntu-latest	Run type checker	2025-06-24T22:48:03.9399618Z src/DHT/setup_tree_sitter.py:181: error: No overload variant of "Language" matches argument types "str", "str"  [call-overload]
Test Python 3.11 on ubuntu-latest	Run type checker	2025-06-24T22:48:03.9400338Z src/DHT/setup_tree_sitter.py:181: note: Possible overload variants:
Test Python 3.11 on ubuntu-latest	Run type checker	2025-06-24T22:48:03.9400880Z src/DHT/setup_tree_sitter.py:181: note:     def __init__(self, int, /) -> Language
Test Python 3.11 on ubuntu-latest	Run type checker	2025-06-24T22:48:03.9401458Z src/DHT/setup_tree_sitter.py:181: note:     def __init__(self, object, /) -> Language
Test Python 3.11 on ubuntu-latest	Run type checker	2025-06-24T22:48:03.9402194Z src/DHT/setup_tree_sitter.py:202: error: No overload variant of "Language" matches argument types "str", "str"  [call-overload]
Test Python 3.11 on ubuntu-latest	Run type checker	2025-06-24T22:48:03.9402951Z src/DHT/setup_tree_sitter.py:202: note: Possible overload variants:
Test Python 3.11 on ubuntu-latest	Run type checker	2025-06-24T22:48:03.9403439Z src/DHT/setup_tree_sitter.py:202: note:     def __init__(self, int, /) -> Language
Test Python 3.11 on ubuntu-latest	Run type checker	2025-06-24T22:48:03.9403963Z src/DHT/setup_tree_sitter.py:202: note:     def __init__(self, object, /) -> Language
Test Python 3.11 on ubuntu-latest	Run type checker	2025-06-24T22:48:03.9404600Z src/DHT/setup_tree_sitter.py:205: error: "Parser" has no attribute "set_language"; maybe "language"?  [attr-defined]
Test Python 3.11 on ubuntu-latest	Run type checker	2025-06-24T22:48:04.8194812Z src/DHT/modules/uv_manager_improvements.py:24: error: Name "UVNotFoundError" already defined (possibly by an import)  [no-redef]
Test Python 3.11 on ubuntu-latest	Run type checker	2025-06-24T22:48:04.8307860Z src/DHT/modules/project_file_generators.py:327: error: Value of type "Collection[str]" is not indexable  [index]
Test Python 3.11 on ubuntu-latest	Run type checker	2025-06-24T22:48:04.8309409Z src/DHT/modules/project_file_generators.py:330: error: Value of type "Collection[str]" is not indexable  [index]
Test Python 3.11 on ubuntu-latest	Run type checker	2025-06-24T22:48:04.8310572Z src/DHT/modules/project_file_generators.py:339: error: Value of type "Collection[str]" is not indexable  [index]
Test Python 3.11 on ubuntu-latest	Run type checker	2025-06-24T22:48:05.0275511Z src/DHT/modules/act_workflow_manager.py:100: error: Unsupported target for indexed assignment ("object")  [index]
Test Python 3.11 on ubuntu-latest	Run type checker	2025-06-24T22:48:05.0276776Z src/DHT/modules/act_workflow_manager.py:102: error: Unsupported target for indexed assignment ("object")  [index]
Test Python 3.11 on ubuntu-latest	Run type checker	2025-06-24T22:48:05.0277982Z src/DHT/modules/act_workflow_manager.py:107: error: Unsupported operand types for + ("object" and "int")  [operator]
Test Python 3.11 on ubuntu-latest	Run type checker	2025-06-24T22:48:25.5047685Z src/DHT/modules/reproduction_flow_utils.py:45: error: Incompatible types in assignment (expression has type "Logger | LoggerAdapter[Logger]", variable has type "None")  [assignment]
Test Python 3.11 on ubuntu-latest	Run type checker	2025-06-24T22:48:25.5662065Z src/DHT/modules/project_capture_utils.py:49: error: Incompatible types in assignment (expression has type "Logger | LoggerAdapter[Logger]", variable has type "None")  [assignment]
Test Python 3.11 on ubuntu-latest	Run type checker	2025-06-24T22:48:25.7108846Z src/DHT/modules/guardian_prefect.py:361: error: Argument 1 to "float" has incompatible type "Any | None"; expected "str | Buffer | SupportsFloat | SupportsIndex"  [arg-type]
Test Python 3.11 on ubuntu-latest	Run type checker	2025-06-24T22:48:25.7111276Z src/DHT/modules/guardian_prefect.py:576: error: Argument 1 to "__call__" of "Flow" has incompatible type "list[Collection[str]]"; expected "list[str | dict[str, Any]]"  [arg-type]
Test Python 3.11 on ubuntu-latest	Run type checker	2025-06-24T22:48:25.7210917Z src/DHT/modules/environment_verification_utils.py:52: error: Incompatible types in assignment (expression has type "Logger | LoggerAdapter[Logger]", variable has type "Logger | None")  [assignment]
Test Python 3.11 on ubuntu-latest	Run type checker	2025-06-24T22:48:25.7696923Z src/DHT/modules/environment_reproducer.py:98: error: Incompatible types in assignment (expression has type "Logger | LoggerAdapter[Logger]", variable has type "Logger | None")  [assignment]
Test Python 3.11 on ubuntu-latest	Run type checker	2025-06-24T22:48:25.7699113Z src/DHT/modules/environment_reproducer.py:101: error: Incompatible return value type (got "Logger | None", expected "Logger")  [return-value]
Test Python 3.11 on ubuntu-latest	Run type checker	2025-06-24T22:48:25.8004660Z src/DHT/modules/environment_configurator.py:81: error: Incompatible types in assignment (expression has type "Logger | LoggerAdapter[Logger]", variable has type "None")  [assignment]
Test Python 3.11 on ubuntu-latest	Run type checker	2025-06-24T22:48:25.8006419Z src/DHT/modules/environment_configurator.py:281: error: "State[dict[str, Any]]" has no attribute "get"  [attr-defined]
Test Python 3.11 on ubuntu-latest	Run type checker	2025-06-24T22:48:25.8007724Z src/DHT/modules/environment_configurator.py:292: error: "None" has no attribute "project_type"  [attr-defined]
Test Python 3.11 on ubuntu-latest	Run type checker	2025-06-24T22:48:25.8009287Z src/DHT/modules/environment_configurator.py:301: error: "None" has no attribute "quality_tools"  [attr-defined]
Test Python 3.11 on ubuntu-latest	Run type checker	2025-06-24T22:48:25.8070894Z src/DHT/modules/environment_capture_utils.py:51: error: Incompatible types in assignment (expression has type "Logger | LoggerAdapter[Logger]", variable has type "Logger | None")  [assignment]
Test Python 3.11 on ubuntu-latest	Run type checker	2025-06-24T22:48:25.8072795Z src/DHT/modules/environment_capture_utils.py:56: error: Incompatible return value type (got "Logger | None", expected "Logger")  [return-value]
Test Python 3.11 on ubuntu-latest	Run type checker	2025-06-24T22:48:25.8284978Z src/DHT/modules/environment_analyzer.py:197: error: Need type annotation for "requirements"  [var-annotated]
Test Python 3.11 on ubuntu-latest	Run type checker	2025-06-24T22:48:25.8286513Z src/DHT/modules/environment_analyzer.py:236: error: Incompatible types in assignment (expression has type "str", target has type "list[Any] | None")  [assignment]
Test Python 3.11 on ubuntu-latest	Run type checker	2025-06-24T22:48:25.8551875Z src/DHT/modules/dockerfile_generator.py:175: error: Argument 1 to "_get_system_deps" of "DockerfileGenerator" has incompatible type "object"; expected "list[str]"  [arg-type]
Test Python 3.11 on ubuntu-latest	Run type checker	2025-06-24T22:48:25.8553241Z src/DHT/modules/dockerfile_generator.py:179: error: Argument 2 to "_detect_ports" of "DockerfileGenerator" has incompatible type "object"; expected "str | None"  [arg-type]
Test Python 3.11 on ubuntu-latest	Run type checker	2025-06-24T22:48:25.9991980Z src/DHT/modules/parsers/base_parser.py:78: error: No overload variant of "Language" matches argument types "str", "str"  [call-overload]
Test Python 3.11 on ubuntu-latest	Run type checker	2025-06-24T22:48:25.9993037Z src/DHT/modules/parsers/base_parser.py:78: note: Possible overload variants:
Test Python 3.11 on ubuntu-latest	Run type checker	2025-06-24T22:48:25.9993781Z src/DHT/modules/parsers/base_parser.py:78: note:     def __init__(self, int, /) -> Language
Test Python 3.11 on ubuntu-latest	Run type checker	2025-06-24T22:48:25.9994606Z src/DHT/modules/parsers/base_parser.py:78: note:     def __init__(self, object, /) -> Language
Test Python 3.11 on ubuntu-latest	Run type checker	2025-06-24T22:48:26.1787275Z src/DHT/modules/dhtl_guardian_command.py:54: error: Argument 1 to "guardian_run" has incompatible type "Sequence[Any]"; expected "list[str]"  [arg-type]
Test Python 3.11 on ubuntu-latest	Run type checker	2025-06-24T22:48:26.1789236Z src/DHT/modules/dhtl_guardian_command.py:56: error: Argument 1 to "guardian_batch" has incompatible type "Sequence[Any]"; expected "list[str]"  [arg-type]
Test Python 3.11 on ubuntu-latest	Run type checker	2025-06-24T22:48:26.1790800Z src/DHT/modules/dhtl_guardian_command.py:58: error: Argument 1 to "guardian_config" has incompatible type "Sequence[Any]"; expected "list[str]"  [arg-type]
Test Python 3.11 on ubuntu-latest	Run type checker	2025-06-24T22:48:26.1792888Z src/DHT/modules/dhtl_guardian_command.py:60: error: Argument 1 to "guardian_status" has incompatible type "Sequence[Any]"; expected "list[str]"  [arg-type]
Test Python 3.11 on ubuntu-latest	Run type checker	2025-06-24T22:48:26.1960291Z src/DHT/modules/dhtl_commands_standalone.py:54: error: "_normalize_args" does not return a value (it only ever returns None)  [func-returns-value]
Test Python 3.11 on ubuntu-latest	Run type checker	2025-06-24T22:48:26.1962377Z src/DHT/modules/dhtl_commands_standalone.py:103: error: "_normalize_args" does not return a value (it only ever returns None)  [func-returns-value]
Test Python 3.11 on ubuntu-latest	Run type checker	2025-06-24T22:48:26.1963884Z src/DHT/modules/dhtl_commands_standalone.py:152: error: "_normalize_args" does not return a value (it only ever returns None)  [func-returns-value]
Test Python 3.11 on ubuntu-latest	Run type checker	2025-06-24T22:48:26.1965454Z src/DHT/modules/dhtl_commands_standalone.py:182: error: "_normalize_args" does not return a value (it only ever returns None)  [func-returns-value]
Test Python 3.11 on ubuntu-latest	Run type checker	2025-06-24T22:48:26.2583187Z src/DHT/modules/container_test_runner.py:79: error: Statement is unreachable  [unreachable]
Test Python 3.11 on ubuntu-latest	Run type checker	2025-06-24T22:48:26.2584402Z src/DHT/modules/container_test_runner.py:238: error: Unsupported left operand type for + ("object")  [operator]
Test Python 3.11 on ubuntu-latest	Run type checker	2025-06-24T22:48:26.2585597Z src/DHT/modules/container_test_runner.py:249: error: Unsupported target for indexed assignment ("object")  [index]
Test Python 3.11 on ubuntu-latest	Run type checker	2025-06-24T22:48:26.4165115Z src/DHT/modules/dht_flows/restore_flow.py:346: error: Unsupported target for indexed assignment ("State[dict[str, Any]]")  [index]
Test Python 3.11 on ubuntu-latest	Run type checker	2025-06-24T22:48:26.4166482Z src/DHT/modules/dht_flows/restore_flow.py:353: error: Value of type "State[dict[str, Any]]" is not indexable  [index]
Test Python 3.11 on ubuntu-latest	Run type checker	2025-06-24T22:48:26.4167668Z src/DHT/modules/dht_flows/restore_flow.py:364: error: Value of type "State[dict[str, Any]]" is not indexable  [index]
Test Python 3.11 on ubuntu-latest	Run type checker	2025-06-24T22:48:26.4169205Z src/DHT/modules/dht_flows/restore_flow.py:367: error: Value of type "State[dict[str, Any]]" is not indexable  [index]
Test Python 3.11 on ubuntu-latest	Run type checker	2025-06-24T22:48:26.4170397Z src/DHT/modules/dht_flows/restore_flow.py:368: error: Value of type "State[dict[str, Any]]" is not indexable  [index]
Test Python 3.11 on ubuntu-latest	Run type checker	2025-06-24T22:48:26.4680584Z src/DHT/modules/dhtl_guardian_prefect.py:64: error: Item "RunnerDeployment" of "RunnerDeployment | Coroutine[Any, Any, RunnerDeployment]" has no attribute "interval"  [union-attr]
Test Python 3.11 on ubuntu-latest	Run type checker	2025-06-24T22:48:26.4682720Z src/DHT/modules/dhtl_guardian_prefect.py:64: error: Item "Coroutine[Any, Any, RunnerDeployment]" of "RunnerDeployment | Coroutine[Any, Any, RunnerDeployment]" has no attribute "interval"  [union-attr]
Test Python 3.11 on ubuntu-latest	Run type checker	2025-06-24T22:48:26.4684804Z src/DHT/modules/dhtl_guardian_prefect.py:66: error: Item "RunnerDeployment" of "RunnerDeployment | Coroutine[Any, Any, RunnerDeployment]" has no attribute "cron"  [union-attr]
Test Python 3.11 on ubuntu-latest	Run type checker	2025-06-24T22:48:26.4686808Z src/DHT/modules/dhtl_guardian_prefect.py:66: error: Item "Coroutine[Any, Any, RunnerDeployment]" of "RunnerDeployment | Coroutine[Any, Any, RunnerDeployment]" has no attribute "cron"  [union-attr]
Test Python 3.11 on ubuntu-latest	Run type checker	2025-06-24T22:48:26.4689276Z src/DHT/modules/dhtl_guardian_prefect.py:79: error: Argument 1 to "serve" has incompatible type "*list[RunnerDeployment | Coroutine[Any, Any, RunnerDeployment]]"; expected "RunnerDeployment"  [arg-type]
Test Python 3.11 on ubuntu-latest	Run type checker	2025-06-24T22:48:26.4691110Z src/DHT/modules/dhtl_guardian_prefect.py:180: error: Value of type "Coroutine[Any, Any, R?]" must be used  [unused-coroutine]
Test Python 3.11 on ubuntu-latest	Run type checker	2025-06-24T22:48:26.4692255Z src/DHT/modules/dhtl_guardian_prefect.py:180: note: Are you missing an await?
Test Python 3.11 on ubuntu-latest	Run type checker	2025-06-24T22:48:26.4693274Z src/DHT/modules/dhtl_guardian_prefect.py:206: error: Value of type "Any | None" is not indexable  [index]
Test Python 3.11 on ubuntu-latest	Run type checker	2025-06-24T22:48:26.5119687Z src/DHT/modules/dht_flows/test_flow.py:117: error: Argument 1 to "extend" of "list" has incompatible type "Generator[Path, None, None]"; expected "Iterable[str]"  [arg-type]
Test Python 3.11 on ubuntu-latest	Run type checker	2025-06-24T22:48:26.5121511Z src/DHT/modules/dht_flows/test_flow.py:118: error: Argument 1 to "extend" of "list" has incompatible type "Generator[Path, None, None]"; expected "Iterable[str]"  [arg-type]
Test Python 3.11 on ubuntu-latest	Run type checker	2025-06-24T22:48:26.5123131Z src/DHT/modules/dht_flows/test_flow.py:119: error: Argument 1 to "extend" of "list" has incompatible type "list[Path]"; expected "Iterable[str]"  [arg-type]
Test Python 3.11 on ubuntu-latest	Run type checker	2025-06-24T22:48:26.5125117Z src/DHT/modules/dht_flows/test_flow.py:433: error: Need type annotation for "coverage_info" (hint: "coverage_info: dict[<type>, <type>] = ...")  [var-annotated]
Test Python 3.11 on ubuntu-latest	Run type checker	2025-06-24T22:48:26.5126868Z src/DHT/modules/dht_flows/test_flow.py:435: error: Incompatible types in assignment (expression has type "State[dict[str, Any]]", variable has type "dict[Any, Any]")  [assignment]
Test Python 3.11 on ubuntu-latest	Run type checker	2025-06-24T22:48:26.5128846Z src/DHT/modules/dht_flows/test_flow.py:439: error: Value of type "State[dict[str, Any]]" is not indexable  [index]
Test Python 3.11 on ubuntu-latest	Run type checker	2025-06-24T22:48:26.5129986Z src/DHT/modules/dht_flows/test_flow.py:448: error: Value of type "State[dict[str, Any]]" is not indexable  [index]
Test Python 3.11 on ubuntu-latest	Run type checker	2025-06-24T22:48:26.5131164Z src/DHT/modules/dht_flows/test_flow.py:449: error: Value of type "State[dict[str, Any]]" is not indexable  [index]
Test Python 3.11 on ubuntu-latest	Run type checker	2025-06-24T22:48:26.5132363Z src/DHT/modules/dht_flows/test_flow.py:457: error: Value of type "State[dict[str, Any]]" is not indexable  [index]
Test Python 3.11 on ubuntu-latest	Run type checker	2025-06-24T22:48:26.5325745Z src/DHT/modules/command_runner.py:184: error: No overload variant of "__call__" of "FlowDecorator" matches argument types "str", "str", "bool", "Callable[[Any, Any], str]"  [call-overload]
Test Python 3.11 on ubuntu-latest	Run type checker	2025-06-24T22:48:26.5327139Z src/DHT/modules/command_runner.py:184: note: Possible overload variants:
Test Python 3.11 on ubuntu-latest	Run type checker	2025-06-24T22:48:26.5328595Z src/DHT/modules/command_runner.py:184: note:     def [P`51518, R] __call__(self, Callable[P, R], /) -> Flow[P, R]
Test Python 3.11 on ubuntu-latest	Run type checker	2025-06-24T22:48:26.5333555Z src/DHT/modules/command_runner.py:184: note:     def __call__(self, None = ..., /, *, name: str | None = ..., version: str | None = ..., flow_run_name: Callable[[], str] | str | None = ..., retries: int | None = ..., retry_delay_seconds: int | float | None = ..., task_runner: None = ..., description: str | None = ..., timeout_seconds: int | float | None = ..., validate_parameters: bool = ..., persist_result: bool | None = ..., result_storage: WritableFileSystem | str | None = ..., result_serializer: Serializer[Any] | str | None = ..., cache_result_in_memory: bool = ..., log_prints: bool | None = ..., on_completion: list[FlowStateHook[[VarArg(Any), KwArg(Any)], Any]] | None = ..., on_failure: list[FlowStateHook[[VarArg(Any), KwArg(Any)], Any]] | None = ..., on_cancellation: list[FlowStateHook[[VarArg(Any), KwArg(Any)], Any]] | None = ..., on_crashed: list[FlowStateHook[[VarArg(Any), KwArg(Any)], Any]] | None = ..., on_running: list[FlowStateHook[[VarArg(Any), KwArg(Any)], Any]] | None = ...) -> Callable[[Callable[P, R]], Flow[P, R]]
Test Python 3.11 on ubuntu-latest	Run type checker	2025-06-24T22:48:26.5343116Z src/DHT/modules/command_runner.py:184: note:     def [R] __call__(self, None = ..., /, *, name: str | None = ..., version: str | None = ..., flow_run_name: Callable[[], str] | str | None = ..., retries: int | None = ..., retry_delay_seconds: int | float | None = ..., task_runner: TaskRunner[PrefectFuture[R]] | None = ..., description: str | None = ..., timeout_seconds: int | float | None = ..., validate_parameters: bool = ..., persist_result: bool | None = ..., result_storage: WritableFileSystem | str | None = ..., result_serializer: Serializer[Any] | str | None = ..., cache_result_in_memory: bool = ..., log_prints: bool | None = ..., on_completion: list[FlowStateHook[[VarArg(Any), KwArg(Any)], Any]] | None = ..., on_failure: list[FlowStateHook[[VarArg(Any), KwArg(Any)], Any]] | None = ..., on_cancellation: list[FlowStateHook[[VarArg(Any), KwArg(Any)], Any]] | None = ..., on_crashed: list[FlowStateHook[[VarArg(Any), KwArg(Any)], Any]] | None = ..., on_running: list[FlowStateHook[[VarArg(Any), KwArg(Any)], Any]] | None = ...) -> Callable[[Callable[P, R]], Flow[P, R]]
Test Python 3.11 on ubuntu-latest	Run type checker	2025-06-24T22:48:26.5748487Z src/DHT/modules/command_dispatcher.py:265: error: Incompatible default for argument "args" (default has type "None", argument has type "list[str]")  [assignment]
Test Python 3.11 on ubuntu-latest	Run type checker	2025-06-24T22:48:26.5750436Z src/DHT/modules/command_dispatcher.py:265: note: PEP 484 prohibits implicit Optional. Accordingly, mypy has changed its default to no_implicit_optional=True
Test Python 3.11 on ubuntu-latest	Run type checker	2025-06-24T22:48:26.5752735Z src/DHT/modules/command_dispatcher.py:265: note: Use https://github.com/hauntsaninja/no_implicit_optional to automatically upgrade your codebase
Test Python 3.11 on ubuntu-latest	Run type checker	2025-06-24T22:48:26.5754449Z src/DHT/modules/command_dispatcher.py:293: error: Incompatible default for argument "args" (default has type "None", argument has type "list[str]")  [assignment]
Test Python 3.11 on ubuntu-latest	Run type checker	2025-06-24T22:48:26.5756538Z src/DHT/modules/command_dispatcher.py:293: note: PEP 484 prohibits implicit Optional. Accordingly, mypy has changed its default to no_implicit_optional=True
Test Python 3.11 on ubuntu-latest	Run type checker	2025-06-24T22:48:26.5758480Z src/DHT/modules/command_dispatcher.py:293: note: Use https://github.com/hauntsaninja/no_implicit_optional to automatically upgrade your codebase
Test Python 3.11 on ubuntu-latest	Run type checker	2025-06-24T22:48:26.5911541Z src/DHT/launcher.py:31: error: Name "Colors" already defined (possibly by an import)  [no-redef]
Test Python 3.11 on ubuntu-latest	Run type checker	2025-06-24T22:48:26.5912798Z src/DHT/launcher.py:207: error: Name "CommandDispatcher" already defined (possibly by an import)  [no-redef]
Test Python 3.11 on ubuntu-latest	Run type checker	2025-06-24T22:48:26.5946204Z src/DHT/dhtl.py:37: error: Name "DHTLauncher" already defined (possibly by an import)  [no-redef]
Test Python 3.11 on ubuntu-latest	Run type checker	2025-06-24T22:48:26.6065217Z Found 71 errors in 25 files (checked 182 source files)
Test Python 3.11 on ubuntu-latest	Run type checker	2025-06-24T22:48:26.6479901Z ##[error]Process completed with exit code 1.
Test Python 3.10 on windows-latest	Run type checker	ï»¿2025-06-24T22:48:09.6239894Z ##[group]Run uv run mypy src/DHT/
Test Python 3.10 on windows-latest	Run type checker	2025-06-24T22:48:09.6240238Z [36;1muv run mypy src/DHT/[0m
Test Python 3.10 on windows-latest	Run type checker	2025-06-24T22:48:09.6270500Z shell: C:\Program Files\PowerShell\7\pwsh.EXE -command ". '{0}'"
Test Python 3.10 on windows-latest	Run type checker	2025-06-24T22:48:09.6270808Z env:
Test Python 3.10 on windows-latest	Run type checker	2025-06-24T22:48:09.6271002Z   UV_CACHE_DIR: D:\a\_temp\setup-uv-cache
Test Python 3.10 on windows-latest	Run type checker	2025-06-24T22:48:09.6271258Z   UV_TOOL_BIN_DIR: D:\a\_temp\uv-tool-bin-dir
Test Python 3.10 on windows-latest	Run type checker	2025-06-24T22:48:09.6271501Z   UV_TOOL_DIR: D:\a\_temp\uv-tool-dir
Test Python 3.10 on windows-latest	Run type checker	2025-06-24T22:48:09.6271713Z ##[endgroup]
Test Python 3.10 on windows-latest	Run type checker	2025-06-24T22:48:20.6935985Z src\DHT\modules\subprocess_utils.py:180: error: Module has no attribute "getrlimit"  [attr-defined]
Test Python 3.10 on windows-latest	Run type checker	2025-06-24T22:48:20.6936788Z src\DHT\modules\subprocess_utils.py:180: error: Module has no attribute "RLIMIT_AS"  [attr-defined]
Test Python 3.10 on windows-latest	Run type checker	2025-06-24T22:48:20.6937479Z src\DHT\modules\subprocess_utils.py:184: error: Module has no attribute "setrlimit"  [attr-defined]
Test Python 3.10 on windows-latest	Run type checker	2025-06-24T22:48:20.6938154Z src\DHT\modules\subprocess_utils.py:184: error: Module has no attribute "RLIMIT_AS"  [attr-defined]
Test Python 3.10 on windows-latest	Run type checker	2025-06-24T22:48:20.7510944Z src\DHT\modules\parsers\bash_parser_tree_sitter.py:33: error: Incompatible types in assignment (expression has type "None", variable has type Module)  [assignment]
Test Python 3.10 on windows-latest	Run type checker	2025-06-24T22:48:20.7512519Z src\DHT\modules\parsers\bash_parser_tree_sitter.py:34: error: Incompatible types in assignment (expression has type "None", variable has type Module)  [assignment]
Test Python 3.10 on windows-latest	Run type checker	2025-06-24T22:48:21.8659844Z src\DHT\setup_tree_sitter.py:141: error: No overload variant of "Language" matches argument types "str", "str"  [call-overload]
Test Python 3.10 on windows-latest	Run type checker	2025-06-24T22:48:21.8661033Z src\DHT\setup_tree_sitter.py:141: note: Possible overload variants:
Test Python 3.10 on windows-latest	Run type checker	2025-06-24T22:48:21.8661763Z src\DHT\setup_tree_sitter.py:141: note:     def __init__(self, int, /) -> Language
Test Python 3.10 on windows-latest	Run type checker	2025-06-24T22:48:21.8662524Z src\DHT\setup_tree_sitter.py:141: note:     def __init__(self, object, /) -> Language
Test Python 3.10 on windows-latest	Run type checker	2025-06-24T22:48:21.8663413Z src\DHT\setup_tree_sitter.py:154: error: "type[Language]" has no attribute "build"  [attr-defined]
Test Python 3.10 on windows-latest	Run type checker	2025-06-24T22:48:21.8664377Z src\DHT\setup_tree_sitter.py:158: error: "type[Language]" has no attribute "build_library"  [attr-defined]
Test Python 3.10 on windows-latest	Run type checker	2025-06-24T22:48:21.8665540Z src\DHT\setup_tree_sitter.py:181: error: No overload variant of "Language" matches argument types "str", "str"  [call-overload]
Test Python 3.10 on windows-latest	Run type checker	2025-06-24T22:48:21.8666500Z src\DHT\setup_tree_sitter.py:181: note: Possible overload variants:
Test Python 3.10 on windows-latest	Run type checker	2025-06-24T22:48:21.8667217Z src\DHT\setup_tree_sitter.py:181: note:     def __init__(self, int, /) -> Language
Test Python 3.10 on windows-latest	Run type checker	2025-06-24T22:48:21.8668002Z src\DHT\setup_tree_sitter.py:181: note:     def __init__(self, object, /) -> Language
Test Python 3.10 on windows-latest	Run type checker	2025-06-24T22:48:21.8669052Z src\DHT\setup_tree_sitter.py:202: error: No overload variant of "Language" matches argument types "str", "str"  [call-overload]
Test Python 3.10 on windows-latest	Run type checker	2025-06-24T22:48:21.8670032Z src\DHT\setup_tree_sitter.py:202: note: Possible overload variants:
Test Python 3.10 on windows-latest	Run type checker	2025-06-24T22:48:21.8670760Z src\DHT\setup_tree_sitter.py:202: note:     def __init__(self, int, /) -> Language
Test Python 3.10 on windows-latest	Run type checker	2025-06-24T22:48:21.8671516Z src\DHT\setup_tree_sitter.py:202: note:     def __init__(self, object, /) -> Language
Test Python 3.10 on windows-latest	Run type checker	2025-06-24T22:48:21.8672497Z src\DHT\setup_tree_sitter.py:205: error: "Parser" has no attribute "set_language"; maybe "language"?  [attr-defined]
Test Python 3.10 on windows-latest	Run type checker	2025-06-24T22:48:21.9640348Z src\DHT\modules\act_container_manager.py:53: error: Module has no attribute "getuid"; maybe "getpid" or "getppid"?  [attr-defined]
Test Python 3.10 on windows-latest	Run type checker	2025-06-24T22:48:22.8561661Z src\DHT\modules\uv_manager_improvements.py:24: error: Name "UVNotFoundError" already defined (possibly by an import)  [no-redef]
Test Python 3.10 on windows-latest	Run type checker	2025-06-24T22:48:22.8684600Z src\DHT\modules\project_file_generators.py:327: error: Value of type "Collection[str]" is not indexable  [index]
Test Python 3.10 on windows-latest	Run type checker	2025-06-24T22:48:22.8686016Z src\DHT\modules\project_file_generators.py:330: error: Value of type "Collection[str]" is not indexable  [index]
Test Python 3.10 on windows-latest	Run type checker	2025-06-24T22:48:22.8687295Z src\DHT\modules\project_file_generators.py:339: error: Value of type "Collection[str]" is not indexable  [index]
Test Python 3.10 on windows-latest	Run type checker	2025-06-24T22:48:23.0918927Z src\DHT\modules\act_workflow_manager.py:100: error: Unsupported target for indexed assignment ("object")  [index]
Test Python 3.10 on windows-latest	Run type checker	2025-06-24T22:48:23.0922816Z src\DHT\modules\act_workflow_manager.py:102: error: Unsupported target for indexed assignment ("object")  [index]
Test Python 3.10 on windows-latest	Run type checker	2025-06-24T22:48:23.0924022Z src\DHT\modules\act_workflow_manager.py:107: error: Unsupported operand types for + ("object" and "int")  [operator]
Test Python 3.10 on windows-latest	Run type checker	2025-06-24T22:48:45.0893774Z src\DHT\modules\reproduction_flow_utils.py:45: error: Incompatible types in assignment (expression has type "Logger | LoggerAdapter[Logger]", variable has type "None")  [assignment]
Test Python 3.10 on windows-latest	Run type checker	2025-06-24T22:48:45.1588676Z src\DHT\modules\project_capture_utils.py:49: error: Incompatible types in assignment (expression has type "Logger | LoggerAdapter[Logger]", variable has type "None")  [assignment]
Test Python 3.10 on windows-latest	Run type checker	2025-06-24T22:48:45.3336288Z src\DHT\modules\guardian_prefect.py:174: error: Module has no attribute "setsid"  [attr-defined]
Test Python 3.10 on windows-latest	Run type checker	2025-06-24T22:48:45.3337936Z src\DHT\modules\guardian_prefect.py:361: error: Argument 1 to "float" has incompatible type "Any | None"; expected "str | Buffer | SupportsFloat | SupportsIndex"  [arg-type]
Test Python 3.10 on windows-latest	Run type checker	2025-06-24T22:48:45.3339955Z src\DHT\modules\guardian_prefect.py:576: error: Argument 1 to "__call__" of "Flow" has incompatible type "list[Collection[str]]"; expected "list[str | dict[str, Any]]"  [arg-type]
Test Python 3.10 on windows-latest	Run type checker	2025-06-24T22:48:45.3456698Z src\DHT\modules\environment_verification_utils.py:52: error: Incompatible types in assignment (expression has type "Logger | LoggerAdapter[Logger]", variable has type "Logger | None")  [assignment]
Test Python 3.10 on windows-latest	Run type checker	2025-06-24T22:48:45.4023618Z src\DHT\modules\environment_reproducer.py:98: error: Incompatible types in assignment (expression has type "Logger | LoggerAdapter[Logger]", variable has type "Logger | None")  [assignment]
Test Python 3.10 on windows-latest	Run type checker	2025-06-24T22:48:45.4025214Z src\DHT\modules\environment_reproducer.py:101: error: Incompatible return value type (got "Logger | None", expected "Logger")  [return-value]
Test Python 3.10 on windows-latest	Run type checker	2025-06-24T22:48:45.4346456Z src\DHT\modules\environment_configurator.py:81: error: Incompatible types in assignment (expression has type "Logger | LoggerAdapter[Logger]", variable has type "None")  [assignment]
Test Python 3.10 on windows-latest	Run type checker	2025-06-24T22:48:45.4347893Z src\DHT\modules\environment_configurator.py:281: error: "State[dict[str, Any]]" has no attribute "get"  [attr-defined]
Test Python 3.10 on windows-latest	Run type checker	2025-06-24T22:48:45.4348910Z src\DHT\modules\environment_configurator.py:292: error: "None" has no attribute "project_type"  [attr-defined]
Test Python 3.10 on windows-latest	Run type checker	2025-06-24T22:48:45.4349871Z src\DHT\modules\environment_configurator.py:301: error: "None" has no attribute "quality_tools"  [attr-defined]
Test Python 3.10 on windows-latest	Run type checker	2025-06-24T22:48:45.4413005Z src\DHT\modules\environment_capture_utils.py:51: error: Incompatible types in assignment (expression has type "Logger | LoggerAdapter[Logger]", variable has type "Logger | None")  [assignment]
Test Python 3.10 on windows-latest	Run type checker	2025-06-24T22:48:45.4414545Z src\DHT\modules\environment_capture_utils.py:56: error: Incompatible return value type (got "Logger | None", expected "Logger")  [return-value]
Test Python 3.10 on windows-latest	Run type checker	2025-06-24T22:48:45.4645249Z src\DHT\modules\environment_analyzer.py:197: error: Need type annotation for "requirements"  [var-annotated]
Test Python 3.10 on windows-latest	Run type checker	2025-06-24T22:48:45.4646300Z src\DHT\modules\environment_analyzer.py:236: error: Incompatible types in assignment (expression has type "str", target has type "list[Any] | None")  [assignment]
Test Python 3.10 on windows-latest	Run type checker	2025-06-24T22:48:45.4978242Z src\DHT\modules\dockerfile_generator.py:175: error: Argument 1 to "_get_system_deps" of "DockerfileGenerator" has incompatible type "object"; expected "list[str]"  [arg-type]
Test Python 3.10 on windows-latest	Run type checker	2025-06-24T22:48:45.4979826Z src\DHT\modules\dockerfile_generator.py:179: error: Argument 2 to "_detect_ports" of "DockerfileGenerator" has incompatible type "object"; expected "str | None"  [arg-type]
Test Python 3.10 on windows-latest	Run type checker	2025-06-24T22:48:45.6594350Z src\DHT\modules\parsers\base_parser.py:78: error: No overload variant of "Language" matches argument types "str", "str"  [call-overload]
Test Python 3.10 on windows-latest	Run type checker	2025-06-24T22:48:45.6595328Z src\DHT\modules\parsers\base_parser.py:78: note: Possible overload variants:
Test Python 3.10 on windows-latest	Run type checker	2025-06-24T22:48:45.6595996Z src\DHT\modules\parsers\base_parser.py:78: note:     def __init__(self, int, /) -> Language
Test Python 3.10 on windows-latest	Run type checker	2025-06-24T22:48:45.6597832Z src\DHT\modules\parsers\base_parser.py:78: note:     def __init__(self, object, /) -> Language
Test Python 3.10 on windows-latest	Run type checker	2025-06-24T22:48:45.8609231Z src\DHT\modules\dhtl_guardian_command.py:54: error: Argument 1 to "guardian_run" has incompatible type "Sequence[Any]"; expected "list[str]"  [arg-type]
Test Python 3.10 on windows-latest	Run type checker	2025-06-24T22:48:45.8610701Z src\DHT\modules\dhtl_guardian_command.py:56: error: Argument 1 to "guardian_batch" has incompatible type "Sequence[Any]"; expected "list[str]"  [arg-type]
Test Python 3.10 on windows-latest	Run type checker	2025-06-24T22:48:45.8612049Z src\DHT\modules\dhtl_guardian_command.py:58: error: Argument 1 to "guardian_config" has incompatible type "Sequence[Any]"; expected "list[str]"  [arg-type]
Test Python 3.10 on windows-latest	Run type checker	2025-06-24T22:48:45.8613363Z src\DHT\modules\dhtl_guardian_command.py:60: error: Argument 1 to "guardian_status" has incompatible type "Sequence[Any]"; expected "list[str]"  [arg-type]
Test Python 3.10 on windows-latest	Run type checker	2025-06-24T22:48:45.8802009Z src\DHT\modules\dhtl_commands_standalone.py:54: error: "_normalize_args" does not return a value (it only ever returns None)  [func-returns-value]
Test Python 3.10 on windows-latest	Run type checker	2025-06-24T22:48:45.8803217Z src\DHT\modules\dhtl_commands_standalone.py:103: error: "_normalize_args" does not return a value (it only ever returns None)  [func-returns-value]
Test Python 3.10 on windows-latest	Run type checker	2025-06-24T22:48:45.8804210Z src\DHT\modules\dhtl_commands_standalone.py:152: error: "_normalize_args" does not return a value (it only ever returns None)  [func-returns-value]
Test Python 3.10 on windows-latest	Run type checker	2025-06-24T22:48:45.8805359Z src\DHT\modules\dhtl_commands_standalone.py:182: error: "_normalize_args" does not return a value (it only ever returns None)  [func-returns-value]
Test Python 3.10 on windows-latest	Run type checker	2025-06-24T22:48:45.9490559Z src\DHT\modules\container_test_runner.py:79: error: Statement is unreachable  [unreachable]
Test Python 3.10 on windows-latest	Run type checker	2025-06-24T22:48:45.9491477Z src\DHT\modules\container_test_runner.py:238: error: Unsupported left operand type for + ("object")  [operator]
Test Python 3.10 on windows-latest	Run type checker	2025-06-24T22:48:45.9492431Z src\DHT\modules\container_test_runner.py:249: error: Unsupported target for indexed assignment ("object")  [index]
Test Python 3.10 on windows-latest	Run type checker	2025-06-24T22:48:46.1178747Z src\DHT\modules\dht_flows\restore_flow.py:346: error: Unsupported target for indexed assignment ("State[dict[str, Any]]")  [index]
Test Python 3.10 on windows-latest	Run type checker	2025-06-24T22:48:46.1179790Z src\DHT\modules\dht_flows\restore_flow.py:353: error: Value of type "State[dict[str, Any]]" is not indexable  [index]
Test Python 3.10 on windows-latest	Run type checker	2025-06-24T22:48:46.1180785Z src\DHT\modules\dht_flows\restore_flow.py:364: error: Value of type "State[dict[str, Any]]" is not indexable  [index]
Test Python 3.10 on windows-latest	Run type checker	2025-06-24T22:48:46.1181663Z src\DHT\modules\dht_flows\restore_flow.py:367: error: Value of type "State[dict[str, Any]]" is not indexable  [index]
Test Python 3.10 on windows-latest	Run type checker	2025-06-24T22:48:46.1182513Z src\DHT\modules\dht_flows\restore_flow.py:368: error: Value of type "State[dict[str, Any]]" is not indexable  [index]
Test Python 3.10 on windows-latest	Run type checker	2025-06-24T22:48:46.1756297Z src\DHT\modules\dhtl_guardian_prefect.py:64: error: Item "RunnerDeployment" of "RunnerDeployment | Coroutine[Any, Any, RunnerDeployment]" has no attribute "interval"  [union-attr]
Test Python 3.10 on windows-latest	Run type checker	2025-06-24T22:48:46.1758220Z src\DHT\modules\dhtl_guardian_prefect.py:64: error: Item "Coroutine[Any, Any, RunnerDeployment]" of "RunnerDeployment | Coroutine[Any, Any, RunnerDeployment]" has no attribute "interval"  [union-attr]
Test Python 3.10 on windows-latest	Run type checker	2025-06-24T22:48:46.1760091Z src\DHT\modules\dhtl_guardian_prefect.py:66: error: Item "RunnerDeployment" of "RunnerDeployment | Coroutine[Any, Any, RunnerDeployment]" has no attribute "cron"  [union-attr]
Test Python 3.10 on windows-latest	Run type checker	2025-06-24T22:48:46.1761995Z src\DHT\modules\dhtl_guardian_prefect.py:66: error: Item "Coroutine[Any, Any, RunnerDeployment]" of "RunnerDeployment | Coroutine[Any, Any, RunnerDeployment]" has no attribute "cron"  [union-attr]
Test Python 3.10 on windows-latest	Run type checker	2025-06-24T22:48:46.1763507Z src\DHT\modules\dhtl_guardian_prefect.py:79: error: Argument 1 to "serve" has incompatible type "*list[RunnerDeployment | Coroutine[Any, Any, RunnerDeployment]]"; expected "RunnerDeployment"  [arg-type]
Test Python 3.10 on windows-latest	Run type checker	2025-06-24T22:48:46.1764771Z src\DHT\modules\dhtl_guardian_prefect.py:180: error: Value of type "Coroutine[Any, Any, R?]" must be used  [unused-coroutine]
Test Python 3.10 on windows-latest	Run type checker	2025-06-24T22:48:46.1765531Z src\DHT\modules\dhtl_guardian_prefect.py:180: note: Are you missing an await?
Test Python 3.10 on windows-latest	Run type checker	2025-06-24T22:48:46.1766346Z src\DHT\modules\dhtl_guardian_prefect.py:206: error: Value of type "Any | None" is not indexable  [index]
Test Python 3.10 on windows-latest	Run type checker	2025-06-24T22:48:46.2214580Z src\DHT\modules\dht_flows\test_flow.py:117: error: Argument 1 to "extend" of "list" has incompatible type "Generator[Path, None, None]"; expected "Iterable[str]"  [arg-type]
Test Python 3.10 on windows-latest	Run type checker	2025-06-24T22:48:46.2216207Z src\DHT\modules\dht_flows\test_flow.py:118: error: Argument 1 to "extend" of "list" has incompatible type "Generator[Path, None, None]"; expected "Iterable[str]"  [arg-type]
Test Python 3.10 on windows-latest	Run type checker	2025-06-24T22:48:46.2217666Z src\DHT\modules\dht_flows\test_flow.py:119: error: Argument 1 to "extend" of "list" has incompatible type "list[Path]"; expected "Iterable[str]"  [arg-type]
Test Python 3.10 on windows-latest	Run type checker	2025-06-24T22:48:46.2219089Z src\DHT\modules\dht_flows\test_flow.py:433: error: Need type annotation for "coverage_info" (hint: "coverage_info: dict[<type>, <type>] = ...")  [var-annotated]
Test Python 3.10 on windows-latest	Run type checker	2025-06-24T22:48:46.2220644Z src\DHT\modules\dht_flows\test_flow.py:435: error: Incompatible types in assignment (expression has type "State[dict[str, Any]]", variable has type "dict[Any, Any]")  [assignment]
Test Python 3.10 on windows-latest	Run type checker	2025-06-24T22:48:46.2221926Z src\DHT\modules\dht_flows\test_flow.py:439: error: Value of type "State[dict[str, Any]]" is not indexable  [index]
Test Python 3.10 on windows-latest	Run type checker	2025-06-24T22:48:46.2222717Z src\DHT\modules\dht_flows\test_flow.py:448: error: Value of type "State[dict[str, Any]]" is not indexable  [index]
Test Python 3.10 on windows-latest	Run type checker	2025-06-24T22:48:46.2223500Z src\DHT\modules\dht_flows\test_flow.py:449: error: Value of type "State[dict[str, Any]]" is not indexable  [index]
Test Python 3.10 on windows-latest	Run type checker	2025-06-24T22:48:46.2224279Z src\DHT\modules\dht_flows\test_flow.py:457: error: Value of type "State[dict[str, Any]]" is not indexable  [index]
Test Python 3.10 on windows-latest	Run type checker	2025-06-24T22:48:46.2429135Z src\DHT\modules\command_runner.py:184: error: No overload variant of "__call__" of "FlowDecorator" matches argument types "str", "str", "bool", "Callable[[Any, Any], str]"  [call-overload]
Test Python 3.10 on windows-latest	Run type checker	2025-06-24T22:48:46.2430296Z src\DHT\modules\command_runner.py:184: note: Possible overload variants:
Test Python 3.10 on windows-latest	Run type checker	2025-06-24T22:48:46.2431017Z src\DHT\modules\command_runner.py:184: note:     def [P`51445, R] __call__(self, Callable[P, R], /) -> Flow[P, R]
Test Python 3.10 on windows-latest	Run type checker	2025-06-24T22:48:46.2434714Z src\DHT\modules\command_runner.py:184: note:     def __call__(self, None = ..., /, *, name: str | None = ..., version: str | None = ..., flow_run_name: Callable[[], str] | str | None = ..., retries: int | None = ..., retry_delay_seconds: int | float | None = ..., task_runner: None = ..., description: str | None = ..., timeout_seconds: int | float | None = ..., validate_parameters: bool = ..., persist_result: bool | None = ..., result_storage: WritableFileSystem | str | None = ..., result_serializer: Serializer[Any] | str | None = ..., cache_result_in_memory: bool = ..., log_prints: bool | None = ..., on_completion: list[FlowStateHook[[VarArg(Any), KwArg(Any)], Any]] | None = ..., on_failure: list[FlowStateHook[[VarArg(Any), KwArg(Any)], Any]] | None = ..., on_cancellation: list[FlowStateHook[[VarArg(Any), KwArg(Any)], Any]] | None = ..., on_crashed: list[FlowStateHook[[VarArg(Any), KwArg(Any)], Any]] | None = ..., on_running: list[FlowStateHook[[VarArg(Any), KwArg(Any)], Any]] | None = ...) -> Callable[[Callable[P, R]], Flow[P, R]]
Test Python 3.10 on windows-latest	Run type checker	2025-06-24T22:48:46.2442696Z src\DHT\modules\command_runner.py:184: note:     def [R] __call__(self, None = ..., /, *, name: str | None = ..., version: str | None = ..., flow_run_name: Callable[[], str] | str | None = ..., retries: int | None = ..., retry_delay_seconds: int | float | None = ..., task_runner: TaskRunner[PrefectFuture[R]] | None = ..., description: str | None = ..., timeout_seconds: int | float | None = ..., validate_parameters: bool = ..., persist_result: bool | None = ..., result_storage: WritableFileSystem | str | None = ..., result_serializer: Serializer[Any] | str | None = ..., cache_result_in_memory: bool = ..., log_prints: bool | None = ..., on_completion: list[FlowStateHook[[VarArg(Any), KwArg(Any)], Any]] | None = ..., on_failure: list[FlowStateHook[[VarArg(Any), KwArg(Any)], Any]] | None = ..., on_cancellation: list[FlowStateHook[[VarArg(Any), KwArg(Any)], Any]] | None = ..., on_crashed: list[FlowStateHook[[VarArg(Any), KwArg(Any)], Any]] | None = ..., on_running: list[FlowStateHook[[VarArg(Any), KwArg(Any)], Any]] | None = ...) -> Callable[[Callable[P, R]], Flow[P, R]]
Test Python 3.10 on windows-latest	Run type checker	2025-06-24T22:48:46.2894551Z src\DHT\modules\command_dispatcher.py:265: error: Incompatible default for argument "args" (default has type "None", argument has type "list[str]")  [assignment]
Test Python 3.10 on windows-latest	Run type checker	2025-06-24T22:48:46.2895835Z src\DHT\modules\command_dispatcher.py:265: note: PEP 484 prohibits implicit Optional. Accordingly, mypy has changed its default to no_implicit_optional=True
Test Python 3.10 on windows-latest	Run type checker	2025-06-24T22:48:46.2897057Z src\DHT\modules\command_dispatcher.py:265: note: Use https://github.com/hauntsaninja/no_implicit_optional to automatically upgrade your codebase
Test Python 3.10 on windows-latest	Run type checker	2025-06-24T22:48:46.2898256Z src\DHT\modules\command_dispatcher.py:293: error: Incompatible default for argument "args" (default has type "None", argument has type "list[str]")  [assignment]
Test Python 3.10 on windows-latest	Run type checker	2025-06-24T22:48:46.2899497Z src\DHT\modules\command_dispatcher.py:293: note: PEP 484 prohibits implicit Optional. Accordingly, mypy has changed its default to no_implicit_optional=True
Test Python 3.10 on windows-latest	Run type checker	2025-06-24T22:48:46.2900690Z src\DHT\modules\command_dispatcher.py:293: note: Use https://github.com/hauntsaninja/no_implicit_optional to automatically upgrade your codebase
Test Python 3.10 on windows-latest	Run type checker	2025-06-24T22:48:46.3065411Z src\DHT\launcher.py:31: error: Name "Colors" already defined (possibly by an import)  [no-redef]
Test Python 3.10 on windows-latest	Run type checker	2025-06-24T22:48:46.3066203Z src\DHT\launcher.py:207: error: Name "CommandDispatcher" already defined (possibly by an import)  [no-redef]
Test Python 3.10 on windows-latest	Run type checker	2025-06-24T22:48:46.3098281Z src\DHT\dhtl.py:37: error: Name "DHTLauncher" already defined (possibly by an import)  [no-redef]
Test Python 3.10 on windows-latest	Run type checker	2025-06-24T22:48:46.3214734Z Found 77 errors in 27 files (checked 182 source files)
Test Python 3.10 on windows-latest	Run type checker	2025-06-24T22:48:46.4287726Z ##[error]Process completed with exit code 1.
Test Python 3.10 on ubuntu-latest	Run type checker	ï»¿2025-06-24T22:47:54.6708894Z ##[group]Run uv run mypy src/DHT/
Test Python 3.10 on ubuntu-latest	Run type checker	2025-06-24T22:47:54.6709195Z [36;1muv run mypy src/DHT/[0m
Test Python 3.10 on ubuntu-latest	Run type checker	2025-06-24T22:47:54.6759402Z shell: /usr/bin/bash -e {0}
Test Python 3.10 on ubuntu-latest	Run type checker	2025-06-24T22:47:54.6759629Z env:
Test Python 3.10 on ubuntu-latest	Run type checker	2025-06-24T22:47:54.6759850Z   UV_CACHE_DIR: /home/runner/work/_temp/setup-uv-cache
Test Python 3.10 on ubuntu-latest	Run type checker	2025-06-24T22:47:54.6760122Z ##[endgroup]
Test Python 3.10 on ubuntu-latest	Run type checker	2025-06-24T22:48:02.6953023Z src/DHT/modules/parsers/bash_parser_tree_sitter.py:33: error: Incompatible types in assignment (expression has type "None", variable has type Module)  [assignment]
Test Python 3.10 on ubuntu-latest	Run type checker	2025-06-24T22:48:02.6954541Z src/DHT/modules/parsers/bash_parser_tree_sitter.py:34: error: Incompatible types in assignment (expression has type "None", variable has type Module)  [assignment]
Test Python 3.10 on ubuntu-latest	Run type checker	2025-06-24T22:48:03.6193006Z src/DHT/setup_tree_sitter.py:141: error: No overload variant of "Language" matches argument types "str", "str"  [call-overload]
Test Python 3.10 on ubuntu-latest	Run type checker	2025-06-24T22:48:03.6194156Z src/DHT/setup_tree_sitter.py:141: note: Possible overload variants:
Test Python 3.10 on ubuntu-latest	Run type checker	2025-06-24T22:48:03.6195009Z src/DHT/setup_tree_sitter.py:141: note:     def __init__(self, int, /) -> Language
Test Python 3.10 on ubuntu-latest	Run type checker	2025-06-24T22:48:03.6195913Z src/DHT/setup_tree_sitter.py:141: note:     def __init__(self, object, /) -> Language
Test Python 3.10 on ubuntu-latest	Run type checker	2025-06-24T22:48:03.6196834Z src/DHT/setup_tree_sitter.py:154: error: "type[Language]" has no attribute "build"  [attr-defined]
Test Python 3.10 on ubuntu-latest	Run type checker	2025-06-24T22:48:03.6197894Z src/DHT/setup_tree_sitter.py:158: error: "type[Language]" has no attribute "build_library"  [attr-defined]
Test Python 3.10 on ubuntu-latest	Run type checker	2025-06-24T22:48:03.6199132Z src/DHT/setup_tree_sitter.py:181: error: No overload variant of "Language" matches argument types "str", "str"  [call-overload]
Test Python 3.10 on ubuntu-latest	Run type checker	2025-06-24T22:48:03.6200168Z src/DHT/setup_tree_sitter.py:181: note: Possible overload variants:
Test Python 3.10 on ubuntu-latest	Run type checker	2025-06-24T22:48:03.6200971Z src/DHT/setup_tree_sitter.py:181: note:     def __init__(self, int, /) -> Language
Test Python 3.10 on ubuntu-latest	Run type checker	2025-06-24T22:48:03.6202062Z src/DHT/setup_tree_sitter.py:181: note:     def __init__(self, object, /) -> Language
Test Python 3.10 on ubuntu-latest	Run type checker	2025-06-24T22:48:03.6203214Z src/DHT/setup_tree_sitter.py:202: error: No overload variant of "Language" matches argument types "str", "str"  [call-overload]
Test Python 3.10 on ubuntu-latest	Run type checker	2025-06-24T22:48:03.6204269Z src/DHT/setup_tree_sitter.py:202: note: Possible overload variants:
Test Python 3.10 on ubuntu-latest	Run type checker	2025-06-24T22:48:03.6205078Z src/DHT/setup_tree_sitter.py:202: note:     def __init__(self, int, /) -> Language
Test Python 3.10 on ubuntu-latest	Run type checker	2025-06-24T22:48:03.6205933Z src/DHT/setup_tree_sitter.py:202: note:     def __init__(self, object, /) -> Language
Test Python 3.10 on ubuntu-latest	Run type checker	2025-06-24T22:48:03.6206971Z src/DHT/setup_tree_sitter.py:205: error: "Parser" has no attribute "set_language"; maybe "language"?  [attr-defined]
Test Python 3.10 on ubuntu-latest	Run type checker	2025-06-24T22:48:04.4166418Z src/DHT/modules/uv_manager_improvements.py:24: error: Name "UVNotFoundError" already defined (possibly by an import)  [no-redef]
Test Python 3.10 on ubuntu-latest	Run type checker	2025-06-24T22:48:04.4267281Z src/DHT/modules/project_file_generators.py:327: error: Value of type "Collection[str]" is not indexable  [index]
Test Python 3.10 on ubuntu-latest	Run type checker	2025-06-24T22:48:04.4268663Z src/DHT/modules/project_file_generators.py:330: error: Value of type "Collection[str]" is not indexable  [index]
Test Python 3.10 on ubuntu-latest	Run type checker	2025-06-24T22:48:04.4269934Z src/DHT/modules/project_file_generators.py:339: error: Value of type "Collection[str]" is not indexable  [index]
Test Python 3.10 on ubuntu-latest	Run type checker	2025-06-24T22:48:04.6091140Z src/DHT/modules/act_workflow_manager.py:100: error: Unsupported target for indexed assignment ("object")  [index]
Test Python 3.10 on ubuntu-latest	Run type checker	2025-06-24T22:48:04.6092675Z src/DHT/modules/act_workflow_manager.py:102: error: Unsupported target for indexed assignment ("object")  [index]
Test Python 3.10 on ubuntu-latest	Run type checker	2025-06-24T22:48:04.6093978Z src/DHT/modules/act_workflow_manager.py:107: error: Unsupported operand types for + ("object" and "int")  [operator]
Test Python 3.10 on ubuntu-latest	Run type checker	2025-06-24T22:48:23.9549459Z src/DHT/modules/reproduction_flow_utils.py:45: error: Incompatible types in assignment (expression has type "Logger | LoggerAdapter[Logger]", variable has type "None")  [assignment]
Test Python 3.10 on ubuntu-latest	Run type checker	2025-06-24T22:48:24.0215639Z src/DHT/modules/project_capture_utils.py:49: error: Incompatible types in assignment (expression has type "Logger | LoggerAdapter[Logger]", variable has type "None")  [assignment]
Test Python 3.10 on ubuntu-latest	Run type checker	2025-06-24T22:48:24.1652569Z src/DHT/modules/guardian_prefect.py:361: error: Argument 1 to "float" has incompatible type "Any | None"; expected "str | Buffer | SupportsFloat | SupportsIndex"  [arg-type]
Test Python 3.10 on ubuntu-latest	Run type checker	2025-06-24T22:48:24.1655028Z src/DHT/modules/guardian_prefect.py:576: error: Argument 1 to "__call__" of "Flow" has incompatible type "list[Collection[str]]"; expected "list[str | dict[str, Any]]"  [arg-type]
Test Python 3.10 on ubuntu-latest	Run type checker	2025-06-24T22:48:24.1752535Z src/DHT/modules/environment_verification_utils.py:52: error: Incompatible types in assignment (expression has type "Logger | LoggerAdapter[Logger]", variable has type "Logger | None")  [assignment]
Test Python 3.10 on ubuntu-latest	Run type checker	2025-06-24T22:48:24.2237461Z src/DHT/modules/environment_reproducer.py:98: error: Incompatible types in assignment (expression has type "Logger | LoggerAdapter[Logger]", variable has type "Logger | None")  [assignment]
Test Python 3.10 on ubuntu-latest	Run type checker	2025-06-24T22:48:24.2239472Z src/DHT/modules/environment_reproducer.py:101: error: Incompatible return value type (got "Logger | None", expected "Logger")  [return-value]
Test Python 3.10 on ubuntu-latest	Run type checker	2025-06-24T22:48:24.2525454Z src/DHT/modules/environment_configurator.py:81: error: Incompatible types in assignment (expression has type "Logger | LoggerAdapter[Logger]", variable has type "None")  [assignment]
Test Python 3.10 on ubuntu-latest	Run type checker	2025-06-24T22:48:24.2527225Z src/DHT/modules/environment_configurator.py:281: error: "State[dict[str, Any]]" has no attribute "get"  [attr-defined]
Test Python 3.10 on ubuntu-latest	Run type checker	2025-06-24T22:48:24.2528542Z src/DHT/modules/environment_configurator.py:292: error: "None" has no attribute "project_type"  [attr-defined]
Test Python 3.10 on ubuntu-latest	Run type checker	2025-06-24T22:48:24.2529800Z src/DHT/modules/environment_configurator.py:301: error: "None" has no attribute "quality_tools"  [attr-defined]
Test Python 3.10 on ubuntu-latest	Run type checker	2025-06-24T22:48:24.2586320Z src/DHT/modules/environment_capture_utils.py:51: error: Incompatible types in assignment (expression has type "Logger | LoggerAdapter[Logger]", variable has type "Logger | None")  [assignment]
Test Python 3.10 on ubuntu-latest	Run type checker	2025-06-24T22:48:24.2588246Z src/DHT/modules/environment_capture_utils.py:56: error: Incompatible return value type (got "Logger | None", expected "Logger")  [return-value]
Test Python 3.10 on ubuntu-latest	Run type checker	2025-06-24T22:48:24.2782817Z src/DHT/modules/environment_analyzer.py:197: error: Need type annotation for "requirements"  [var-annotated]
Test Python 3.10 on ubuntu-latest	Run type checker	2025-06-24T22:48:24.2784384Z src/DHT/modules/environment_analyzer.py:236: error: Incompatible types in assignment (expression has type "str", target has type "list[Any] | None")  [assignment]
Test Python 3.10 on ubuntu-latest	Run type checker	2025-06-24T22:48:24.3045033Z src/DHT/modules/dockerfile_generator.py:175: error: Argument 1 to "_get_system_deps" of "DockerfileGenerator" has incompatible type "object"; expected "list[str]"  [arg-type]
Test Python 3.10 on ubuntu-latest	Run type checker	2025-06-24T22:48:24.3046924Z src/DHT/modules/dockerfile_generator.py:179: error: Argument 2 to "_detect_ports" of "DockerfileGenerator" has incompatible type "object"; expected "str | None"  [arg-type]
Test Python 3.10 on ubuntu-latest	Run type checker	2025-06-24T22:48:24.4442840Z src/DHT/modules/parsers/base_parser.py:78: error: No overload variant of "Language" matches argument types "str", "str"  [call-overload]
Test Python 3.10 on ubuntu-latest	Run type checker	2025-06-24T22:48:24.4444226Z src/DHT/modules/parsers/base_parser.py:78: note: Possible overload variants:
Test Python 3.10 on ubuntu-latest	Run type checker	2025-06-24T22:48:24.4445281Z src/DHT/modules/parsers/base_parser.py:78: note:     def __init__(self, int, /) -> Language
Test Python 3.10 on ubuntu-latest	Run type checker	2025-06-24T22:48:24.4446320Z src/DHT/modules/parsers/base_parser.py:78: note:     def __init__(self, object, /) -> Language
Test Python 3.10 on ubuntu-latest	Run type checker	2025-06-24T22:48:24.6176380Z src/DHT/modules/dhtl_guardian_command.py:54: error: Argument 1 to "guardian_run" has incompatible type "Sequence[Any]"; expected "list[str]"  [arg-type]
Test Python 3.10 on ubuntu-latest	Run type checker	2025-06-24T22:48:24.6178145Z src/DHT/modules/dhtl_guardian_command.py:56: error: Argument 1 to "guardian_batch" has incompatible type "Sequence[Any]"; expected "list[str]"  [arg-type]
Test Python 3.10 on ubuntu-latest	Run type checker	2025-06-24T22:48:24.6179805Z src/DHT/modules/dhtl_guardian_command.py:58: error: Argument 1 to "guardian_config" has incompatible type "Sequence[Any]"; expected "list[str]"  [arg-type]
Test Python 3.10 on ubuntu-latest	Run type checker	2025-06-24T22:48:24.6181476Z src/DHT/modules/dhtl_guardian_command.py:60: error: Argument 1 to "guardian_status" has incompatible type "Sequence[Any]"; expected "list[str]"  [arg-type]
Test Python 3.10 on ubuntu-latest	Run type checker	2025-06-24T22:48:24.6336004Z src/DHT/modules/dhtl_commands_standalone.py:54: error: "_normalize_args" does not return a value (it only ever returns None)  [func-returns-value]
Test Python 3.10 on ubuntu-latest	Run type checker	2025-06-24T22:48:24.6337885Z src/DHT/modules/dhtl_commands_standalone.py:103: error: "_normalize_args" does not return a value (it only ever returns None)  [func-returns-value]
Test Python 3.10 on ubuntu-latest	Run type checker	2025-06-24T22:48:24.6339518Z src/DHT/modules/dhtl_commands_standalone.py:152: error: "_normalize_args" does not return a value (it only ever returns None)  [func-returns-value]
Test Python 3.10 on ubuntu-latest	Run type checker	2025-06-24T22:48:24.6341127Z src/DHT/modules/dhtl_commands_standalone.py:182: error: "_normalize_args" does not return a value (it only ever returns None)  [func-returns-value]
Test Python 3.10 on ubuntu-latest	Run type checker	2025-06-24T22:48:24.6937803Z src/DHT/modules/container_test_runner.py:79: error: Statement is unreachable  [unreachable]
Test Python 3.10 on ubuntu-latest	Run type checker	2025-06-24T22:48:24.6938983Z src/DHT/modules/container_test_runner.py:238: error: Unsupported left operand type for + ("object")  [operator]
Test Python 3.10 on ubuntu-latest	Run type checker	2025-06-24T22:48:24.6940365Z src/DHT/modules/container_test_runner.py:249: error: Unsupported target for indexed assignment ("object")  [index]
Test Python 3.10 on ubuntu-latest	Run type checker	2025-06-24T22:48:24.8441936Z src/DHT/modules/dht_flows/restore_flow.py:346: error: Unsupported target for indexed assignment ("State[dict[str, Any]]")  [index]
Test Python 3.10 on ubuntu-latest	Run type checker	2025-06-24T22:48:24.8443385Z src/DHT/modules/dht_flows/restore_flow.py:353: error: Value of type "State[dict[str, Any]]" is not indexable  [index]
Test Python 3.10 on ubuntu-latest	Run type checker	2025-06-24T22:48:24.8444658Z src/DHT/modules/dht_flows/restore_flow.py:364: error: Value of type "State[dict[str, Any]]" is not indexable  [index]
Test Python 3.10 on ubuntu-latest	Run type checker	2025-06-24T22:48:24.8445893Z src/DHT/modules/dht_flows/restore_flow.py:367: error: Value of type "State[dict[str, Any]]" is not indexable  [index]
Test Python 3.10 on ubuntu-latest	Run type checker	2025-06-24T22:48:24.8447125Z src/DHT/modules/dht_flows/restore_flow.py:368: error: Value of type "State[dict[str, Any]]" is not indexable  [index]
Test Python 3.10 on ubuntu-latest	Run type checker	2025-06-24T22:48:24.8952639Z src/DHT/modules/dhtl_guardian_prefect.py:64: error: Item "RunnerDeployment" of "RunnerDeployment | Coroutine[Any, Any, RunnerDeployment]" has no attribute "interval"  [union-attr]
Test Python 3.10 on ubuntu-latest	Run type checker	2025-06-24T22:48:24.8954914Z src/DHT/modules/dhtl_guardian_prefect.py:64: error: Item "Coroutine[Any, Any, RunnerDeployment]" of "RunnerDeployment | Coroutine[Any, Any, RunnerDeployment]" has no attribute "interval"  [union-attr]
Test Python 3.10 on ubuntu-latest	Run type checker	2025-06-24T22:48:24.8956955Z src/DHT/modules/dhtl_guardian_prefect.py:66: error: Item "RunnerDeployment" of "RunnerDeployment | Coroutine[Any, Any, RunnerDeployment]" has no attribute "cron"  [union-attr]
Test Python 3.10 on ubuntu-latest	Run type checker	2025-06-24T22:48:24.8958962Z src/DHT/modules/dhtl_guardian_prefect.py:66: error: Item "Coroutine[Any, Any, RunnerDeployment]" of "RunnerDeployment | Coroutine[Any, Any, RunnerDeployment]" has no attribute "cron"  [union-attr]
Test Python 3.10 on ubuntu-latest	Run type checker	2025-06-24T22:48:24.8961107Z src/DHT/modules/dhtl_guardian_prefect.py:79: error: Argument 1 to "serve" has incompatible type "*list[RunnerDeployment | Coroutine[Any, Any, RunnerDeployment]]"; expected "RunnerDeployment"  [arg-type]
Test Python 3.10 on ubuntu-latest	Run type checker	2025-06-24T22:48:24.8963192Z src/DHT/modules/dhtl_guardian_prefect.py:180: error: Value of type "Coroutine[Any, Any, R?]" must be used  [unused-coroutine]
Test Python 3.10 on ubuntu-latest	Run type checker	2025-06-24T22:48:24.8964344Z src/DHT/modules/dhtl_guardian_prefect.py:180: note: Are you missing an await?
Test Python 3.10 on ubuntu-latest	Run type checker	2025-06-24T22:48:24.8965395Z src/DHT/modules/dhtl_guardian_prefect.py:206: error: Value of type "Any | None" is not indexable  [index]
Test Python 3.10 on ubuntu-latest	Run type checker	2025-06-24T22:48:24.9365382Z src/DHT/modules/dht_flows/test_flow.py:117: error: Argument 1 to "extend" of "list" has incompatible type "Generator[Path, None, None]"; expected "Iterable[str]"  [arg-type]
Test Python 3.10 on ubuntu-latest	Run type checker	2025-06-24T22:48:24.9367234Z src/DHT/modules/dht_flows/test_flow.py:118: error: Argument 1 to "extend" of "list" has incompatible type "Generator[Path, None, None]"; expected "Iterable[str]"  [arg-type]
Test Python 3.10 on ubuntu-latest	Run type checker	2025-06-24T22:48:24.9368895Z src/DHT/modules/dht_flows/test_flow.py:119: error: Argument 1 to "extend" of "list" has incompatible type "list[Path]"; expected "Iterable[str]"  [arg-type]
Test Python 3.10 on ubuntu-latest	Run type checker	2025-06-24T22:48:24.9370382Z src/DHT/modules/dht_flows/test_flow.py:433: error: Need type annotation for "coverage_info" (hint: "coverage_info: dict[<type>, <type>] = ...")  [var-annotated]
Test Python 3.10 on ubuntu-latest	Run type checker	2025-06-24T22:48:24.9372691Z src/DHT/modules/dht_flows/test_flow.py:435: error: Incompatible types in assignment (expression has type "State[dict[str, Any]]", variable has type "dict[Any, Any]")  [assignment]
Test Python 3.10 on ubuntu-latest	Run type checker	2025-06-24T22:48:24.9374481Z src/DHT/modules/dht_flows/test_flow.py:439: error: Value of type "State[dict[str, Any]]" is not indexable  [index]
Test Python 3.10 on ubuntu-latest	Run type checker	2025-06-24T22:48:24.9375641Z src/DHT/modules/dht_flows/test_flow.py:448: error: Value of type "State[dict[str, Any]]" is not indexable  [index]
Test Python 3.10 on ubuntu-latest	Run type checker	2025-06-24T22:48:24.9376856Z src/DHT/modules/dht_flows/test_flow.py:449: error: Value of type "State[dict[str, Any]]" is not indexable  [index]
Test Python 3.10 on ubuntu-latest	Run type checker	2025-06-24T22:48:24.9378067Z src/DHT/modules/dht_flows/test_flow.py:457: error: Value of type "State[dict[str, Any]]" is not indexable  [index]
Test Python 3.10 on ubuntu-latest	Run type checker	2025-06-24T22:48:24.9559149Z src/DHT/modules/command_runner.py:184: error: No overload variant of "__call__" of "FlowDecorator" matches argument types "str", "str", "bool", "Callable[[Any, Any], str]"  [call-overload]
Test Python 3.10 on ubuntu-latest	Run type checker	2025-06-24T22:48:24.9560577Z src/DHT/modules/command_runner.py:184: note: Possible overload variants:
Test Python 3.10 on ubuntu-latest	Run type checker	2025-06-24T22:48:24.9562149Z src/DHT/modules/command_runner.py:184: note:     def [P`51518, R] __call__(self, Callable[P, R], /) -> Flow[P, R]
Test Python 3.10 on ubuntu-latest	Run type checker	2025-06-24T22:48:24.9567217Z src/DHT/modules/command_runner.py:184: note:     def __call__(self, None = ..., /, *, name: str | None = ..., version: str | None = ..., flow_run_name: Callable[[], str] | str | None = ..., retries: int | None = ..., retry_delay_seconds: int | float | None = ..., task_runner: None = ..., description: str | None = ..., timeout_seconds: int | float | None = ..., validate_parameters: bool = ..., persist_result: bool | None = ..., result_storage: WritableFileSystem | str | None = ..., result_serializer: Serializer[Any] | str | None = ..., cache_result_in_memory: bool = ..., log_prints: bool | None = ..., on_completion: list[FlowStateHook[[VarArg(Any), KwArg(Any)], Any]] | None = ..., on_failure: list[FlowStateHook[[VarArg(Any), KwArg(Any)], Any]] | None = ..., on_cancellation: list[FlowStateHook[[VarArg(Any), KwArg(Any)], Any]] | None = ..., on_crashed: list[FlowStateHook[[VarArg(Any), KwArg(Any)], Any]] | None = ..., on_running: list[FlowStateHook[[VarArg(Any), KwArg(Any)], Any]] | None = ...) -> Callable[[Callable[P, R]], Flow[P, R]]
Test Python 3.10 on ubuntu-latest	Run type checker	2025-06-24T22:48:24.9576803Z src/DHT/modules/command_runner.py:184: note:     def [R] __call__(self, None = ..., /, *, name: str | None = ..., version: str | None = ..., flow_run_name: Callable[[], str] | str | None = ..., retries: int | None = ..., retry_delay_seconds: int | float | None = ..., task_runner: TaskRunner[PrefectFuture[R]] | None = ..., description: str | None = ..., timeout_seconds: int | float | None = ..., validate_parameters: bool = ..., persist_result: bool | None = ..., result_storage: WritableFileSystem | str | None = ..., result_serializer: Serializer[Any] | str | None = ..., cache_result_in_memory: bool = ..., log_prints: bool | None = ..., on_completion: list[FlowStateHook[[VarArg(Any), KwArg(Any)], Any]] | None = ..., on_failure: list[FlowStateHook[[VarArg(Any), KwArg(Any)], Any]] | None = ..., on_cancellation: list[FlowStateHook[[VarArg(Any), KwArg(Any)], Any]] | None = ..., on_crashed: list[FlowStateHook[[VarArg(Any), KwArg(Any)], Any]] | None = ..., on_running: list[FlowStateHook[[VarArg(Any), KwArg(Any)], Any]] | None = ...) -> Callable[[Callable[P, R]], Flow[P, R]]
Test Python 3.10 on ubuntu-latest	Run type checker	2025-06-24T22:48:24.9975900Z src/DHT/modules/command_dispatcher.py:265: error: Incompatible default for argument "args" (default has type "None", argument has type "list[str]")  [assignment]
Test Python 3.10 on ubuntu-latest	Run type checker	2025-06-24T22:48:24.9977679Z src/DHT/modules/command_dispatcher.py:265: note: PEP 484 prohibits implicit Optional. Accordingly, mypy has changed its default to no_implicit_optional=True
Test Python 3.10 on ubuntu-latest	Run type checker	2025-06-24T22:48:24.9979398Z src/DHT/modules/command_dispatcher.py:265: note: Use https://github.com/hauntsaninja/no_implicit_optional to automatically upgrade your codebase
Test Python 3.10 on ubuntu-latest	Run type checker	2025-06-24T22:48:24.9981464Z src/DHT/modules/command_dispatcher.py:293: error: Incompatible default for argument "args" (default has type "None", argument has type "list[str]")  [assignment]
Test Python 3.10 on ubuntu-latest	Run type checker	2025-06-24T22:48:24.9983830Z src/DHT/modules/command_dispatcher.py:293: note: PEP 484 prohibits implicit Optional. Accordingly, mypy has changed its default to no_implicit_optional=True
Test Python 3.10 on ubuntu-latest	Run type checker	2025-06-24T22:48:24.9985559Z src/DHT/modules/command_dispatcher.py:293: note: Use https://github.com/hauntsaninja/no_implicit_optional to automatically upgrade your codebase
Test Python 3.10 on ubuntu-latest	Run type checker	2025-06-24T22:48:25.0124845Z src/DHT/launcher.py:31: error: Name "Colors" already defined (possibly by an import)  [no-redef]
Test Python 3.10 on ubuntu-latest	Run type checker	2025-06-24T22:48:25.0126048Z src/DHT/launcher.py:207: error: Name "CommandDispatcher" already defined (possibly by an import)  [no-redef]
Test Python 3.10 on ubuntu-latest	Run type checker	2025-06-24T22:48:25.0154862Z src/DHT/dhtl.py:37: error: Name "DHTLauncher" already defined (possibly by an import)  [no-redef]
Test Python 3.10 on ubuntu-latest	Run type checker	2025-06-24T22:48:25.0265414Z Found 71 errors in 25 files (checked 182 source files)
Test Python 3.10 on ubuntu-latest	Run type checker	2025-06-24T22:48:25.0681429Z ##[error]Process completed with exit code 1.
Test Python 3.10 on macos-latest	Run type checker	ï»¿2025-06-24T22:47:59.9411260Z ##[group]Run uv run mypy src/DHT/
Test Python 3.10 on macos-latest	Run type checker	2025-06-24T22:47:59.9411540Z [36;1muv run mypy src/DHT/[0m
Test Python 3.10 on macos-latest	Run type checker	2025-06-24T22:47:59.9472990Z shell: /bin/bash -e {0}
Test Python 3.10 on macos-latest	Run type checker	2025-06-24T22:47:59.9473170Z env:
Test Python 3.10 on macos-latest	Run type checker	2025-06-24T22:47:59.9473390Z   UV_CACHE_DIR: /Users/runner/work/_temp/setup-uv-cache
Test Python 3.10 on macos-latest	Run type checker	2025-06-24T22:47:59.9473910Z ##[endgroup]
Test Python 3.10 on macos-latest	Run type checker	2025-06-24T22:48:06.2025110Z src/DHT/modules/parsers/bash_parser_tree_sitter.py:33: error: Incompatible types in assignment (expression has type "None", variable has type Module)  [assignment]
Test Python 3.10 on macos-latest	Run type checker	2025-06-24T22:48:06.2026430Z src/DHT/modules/parsers/bash_parser_tree_sitter.py:34: error: Incompatible types in assignment (expression has type "None", variable has type Module)  [assignment]
Test Python 3.10 on macos-latest	Run type checker	2025-06-24T22:48:06.7383730Z src/DHT/setup_tree_sitter.py:141: error: No overload variant of "Language" matches argument types "str", "str"  [call-overload]
Test Python 3.10 on macos-latest	Run type checker	2025-06-24T22:48:06.7384360Z src/DHT/setup_tree_sitter.py:141: note: Possible overload variants:
Test Python 3.10 on macos-latest	Run type checker	2025-06-24T22:48:06.7384890Z src/DHT/setup_tree_sitter.py:141: note:     def __init__(self, int, /) -> Language
Test Python 3.10 on macos-latest	Run type checker	2025-06-24T22:48:06.7385400Z src/DHT/setup_tree_sitter.py:141: note:     def __init__(self, object, /) -> Language
Test Python 3.10 on macos-latest	Run type checker	2025-06-24T22:48:06.7385830Z src/DHT/setup_tree_sitter.py:154: error: "type[Language]" has no attribute "build"  [attr-defined]
Test Python 3.10 on macos-latest	Run type checker	2025-06-24T22:48:06.7386420Z src/DHT/setup_tree_sitter.py:158: error: "type[Language]" has no attribute "build_library"  [attr-defined]
Test Python 3.10 on macos-latest	Run type checker	2025-06-24T22:48:06.7387000Z src/DHT/setup_tree_sitter.py:181: error: No overload variant of "Language" matches argument types "str", "str"  [call-overload]
Test Python 3.10 on macos-latest	Run type checker	2025-06-24T22:48:06.7387480Z src/DHT/setup_tree_sitter.py:181: note: Possible overload variants:
Test Python 3.10 on macos-latest	Run type checker	2025-06-24T22:48:06.7387850Z src/DHT/setup_tree_sitter.py:181: note:     def __init__(self, int, /) -> Language
Test Python 3.10 on macos-latest	Run type checker	2025-06-24T22:48:06.7388270Z src/DHT/setup_tree_sitter.py:181: note:     def __init__(self, object, /) -> Language
Test Python 3.10 on macos-latest	Run type checker	2025-06-24T22:48:06.7388750Z src/DHT/setup_tree_sitter.py:202: error: No overload variant of "Language" matches argument types "str", "str"  [call-overload]
Test Python 3.10 on macos-latest	Run type checker	2025-06-24T22:48:06.7389210Z src/DHT/setup_tree_sitter.py:202: note: Possible overload variants:
Test Python 3.10 on macos-latest	Run type checker	2025-06-24T22:48:06.7389580Z src/DHT/setup_tree_sitter.py:202: note:     def __init__(self, int, /) -> Language
Test Python 3.10 on macos-latest	Run type checker	2025-06-24T22:48:06.7390000Z src/DHT/setup_tree_sitter.py:202: note:     def __init__(self, object, /) -> Language
Test Python 3.10 on macos-latest	Run type checker	2025-06-24T22:48:06.7390470Z src/DHT/setup_tree_sitter.py:205: error: "Parser" has no attribute "set_language"; maybe "language"?  [attr-defined]
Test Python 3.10 on macos-latest	Run type checker	2025-06-24T22:48:07.2017350Z src/DHT/modules/uv_manager_improvements.py:24: error: Name "UVNotFoundError" already defined (possibly by an import)  [no-redef]
Test Python 3.10 on macos-latest	Run type checker	2025-06-24T22:48:07.2072890Z src/DHT/modules/project_file_generators.py:327: error: Value of type "Collection[str]" is not indexable  [index]
Test Python 3.10 on macos-latest	Run type checker	2025-06-24T22:48:07.2073610Z src/DHT/modules/project_file_generators.py:330: error: Value of type "Collection[str]" is not indexable  [index]
Test Python 3.10 on macos-latest	Run type checker	2025-06-24T22:48:07.2074160Z src/DHT/modules/project_file_generators.py:339: error: Value of type "Collection[str]" is not indexable  [index]
Test Python 3.10 on macos-latest	Run type checker	2025-06-24T22:48:07.2988710Z src/DHT/modules/act_workflow_manager.py:100: error: Unsupported target for indexed assignment ("object")  [index]
Test Python 3.10 on macos-latest	Run type checker	2025-06-24T22:48:07.2990860Z src/DHT/modules/act_workflow_manager.py:102: error: Unsupported target for indexed assignment ("object")  [index]
Test Python 3.10 on macos-latest	Run type checker	2025-06-24T22:48:07.2991530Z src/DHT/modules/act_workflow_manager.py:107: error: Unsupported operand types for + ("object" and "int")  [operator]
Test Python 3.10 on macos-latest	Run type checker	2025-06-24T22:48:20.6613250Z src/DHT/modules/reproduction_flow_utils.py:45: error: Incompatible types in assignment (expression has type "Logger | LoggerAdapter[Logger]", variable has type "None")  [assignment]
Test Python 3.10 on macos-latest	Run type checker	2025-06-24T22:48:20.7110160Z src/DHT/modules/project_capture_utils.py:49: error: Incompatible types in assignment (expression has type "Logger | LoggerAdapter[Logger]", variable has type "None")  [assignment]
Test Python 3.10 on macos-latest	Run type checker	2025-06-24T22:48:20.8058950Z src/DHT/modules/guardian_prefect.py:361: error: Argument 1 to "float" has incompatible type "Any | None"; expected "str | Buffer | SupportsFloat | SupportsIndex"  [arg-type]
Test Python 3.10 on macos-latest	Run type checker	2025-06-24T22:48:20.8113550Z src/DHT/modules/guardian_prefect.py:576: error: Argument 1 to "__call__" of "Flow" has incompatible type "list[Collection[str]]"; expected "list[str | dict[str, Any]]"  [arg-type]
Test Python 3.10 on macos-latest	Run type checker	2025-06-24T22:48:20.8124880Z src/DHT/modules/environment_verification_utils.py:52: error: Incompatible types in assignment (expression has type "Logger | LoggerAdapter[Logger]", variable has type "Logger | None")  [assignment]
Test Python 3.10 on macos-latest	Run type checker	2025-06-24T22:48:20.8483280Z src/DHT/modules/environment_reproducer.py:98: error: Incompatible types in assignment (expression has type "Logger | LoggerAdapter[Logger]", variable has type "Logger | None")  [assignment]
Test Python 3.10 on macos-latest	Run type checker	2025-06-24T22:48:20.8585220Z src/DHT/modules/environment_reproducer.py:101: error: Incompatible return value type (got "Logger | None", expected "Logger")  [return-value]
Test Python 3.10 on macos-latest	Run type checker	2025-06-24T22:48:20.8685670Z src/DHT/modules/environment_configurator.py:81: error: Incompatible types in assignment (expression has type "Logger | LoggerAdapter[Logger]", variable has type "None")  [assignment]
Test Python 3.10 on macos-latest	Run type checker	2025-06-24T22:48:20.8720590Z src/DHT/modules/environment_configurator.py:281: error: "State[dict[str, Any]]" has no attribute "get"  [attr-defined]
Test Python 3.10 on macos-latest	Run type checker	2025-06-24T22:48:20.8725050Z src/DHT/modules/environment_configurator.py:292: error: "None" has no attribute "project_type"  [attr-defined]
Test Python 3.10 on macos-latest	Run type checker	2025-06-24T22:48:20.8725900Z src/DHT/modules/environment_configurator.py:301: error: "None" has no attribute "quality_tools"  [attr-defined]
Test Python 3.10 on macos-latest	Run type checker	2025-06-24T22:48:20.8726890Z src/DHT/modules/environment_capture_utils.py:51: error: Incompatible types in assignment (expression has type "Logger | LoggerAdapter[Logger]", variable has type "Logger | None")  [assignment]
Test Python 3.10 on macos-latest	Run type checker	2025-06-24T22:48:20.8727880Z src/DHT/modules/environment_capture_utils.py:56: error: Incompatible return value type (got "Logger | None", expected "Logger")  [return-value]
Test Python 3.10 on macos-latest	Run type checker	2025-06-24T22:48:20.8734830Z src/DHT/modules/environment_analyzer.py:197: error: Need type annotation for "requirements"  [var-annotated]
Test Python 3.10 on macos-latest	Run type checker	2025-06-24T22:48:20.8735760Z src/DHT/modules/environment_analyzer.py:236: error: Incompatible types in assignment (expression has type "str", target has type "list[Any] | None")  [assignment]
Test Python 3.10 on macos-latest	Run type checker	2025-06-24T22:48:20.8877200Z src/DHT/modules/dockerfile_generator.py:175: error: Argument 1 to "_get_system_deps" of "DockerfileGenerator" has incompatible type "object"; expected "list[str]"  [arg-type]
Test Python 3.10 on macos-latest	Run type checker	2025-06-24T22:48:20.8897580Z src/DHT/modules/dockerfile_generator.py:179: error: Argument 2 to "_detect_ports" of "DockerfileGenerator" has incompatible type "object"; expected "str | None"  [arg-type]
Test Python 3.10 on macos-latest	Run type checker	2025-06-24T22:48:20.9756250Z src/DHT/modules/parsers/base_parser.py:78: error: No overload variant of "Language" matches argument types "str", "str"  [call-overload]
Test Python 3.10 on macos-latest	Run type checker	2025-06-24T22:48:20.9856740Z src/DHT/modules/parsers/base_parser.py:78: note: Possible overload variants:
Test Python 3.10 on macos-latest	Run type checker	2025-06-24T22:48:20.9911950Z src/DHT/modules/parsers/base_parser.py:78: note:     def __init__(self, int, /) -> Language
Test Python 3.10 on macos-latest	Run type checker	2025-06-24T22:48:20.9981370Z src/DHT/modules/parsers/base_parser.py:78: note:     def __init__(self, object, /) -> Language
Test Python 3.10 on macos-latest	Run type checker	2025-06-24T22:48:21.1021450Z src/DHT/modules/dhtl_guardian_command.py:54: error: Argument 1 to "guardian_run" has incompatible type "Sequence[Any]"; expected "list[str]"  [arg-type]
Test Python 3.10 on macos-latest	Run type checker	2025-06-24T22:48:21.1025170Z src/DHT/modules/dhtl_guardian_command.py:56: error: Argument 1 to "guardian_batch" has incompatible type "Sequence[Any]"; expected "list[str]"  [arg-type]
Test Python 3.10 on macos-latest	Run type checker	2025-06-24T22:48:21.1032750Z src/DHT/modules/dhtl_guardian_command.py:58: error: Argument 1 to "guardian_config" has incompatible type "Sequence[Any]"; expected "list[str]"  [arg-type]
Test Python 3.10 on macos-latest	Run type checker	2025-06-24T22:48:21.1033700Z src/DHT/modules/dhtl_guardian_command.py:60: error: Argument 1 to "guardian_status" has incompatible type "Sequence[Any]"; expected "list[str]"  [arg-type]
Test Python 3.10 on macos-latest	Run type checker	2025-06-24T22:48:21.1084610Z src/DHT/modules/dhtl_commands_standalone.py:54: error: "_normalize_args" does not return a value (it only ever returns None)  [func-returns-value]
Test Python 3.10 on macos-latest	Run type checker	2025-06-24T22:48:21.1088330Z src/DHT/modules/dhtl_commands_standalone.py:103: error: "_normalize_args" does not return a value (it only ever returns None)  [func-returns-value]
Test Python 3.10 on macos-latest	Run type checker	2025-06-24T22:48:21.1089310Z src/DHT/modules/dhtl_commands_standalone.py:152: error: "_normalize_args" does not return a value (it only ever returns None)  [func-returns-value]
Test Python 3.10 on macos-latest	Run type checker	2025-06-24T22:48:21.1090630Z src/DHT/modules/dhtl_commands_standalone.py:182: error: "_normalize_args" does not return a value (it only ever returns None)  [func-returns-value]
Test Python 3.10 on macos-latest	Run type checker	2025-06-24T22:48:21.1357450Z src/DHT/modules/container_test_runner.py:79: error: Statement is unreachable  [unreachable]
Test Python 3.10 on macos-latest	Run type checker	2025-06-24T22:48:21.1403080Z src/DHT/modules/container_test_runner.py:238: error: Unsupported left operand type for + ("object")  [operator]
Test Python 3.10 on macos-latest	Run type checker	2025-06-24T22:48:21.1404000Z src/DHT/modules/container_test_runner.py:249: error: Unsupported target for indexed assignment ("object")  [index]
Test Python 3.10 on macos-latest	Run type checker	2025-06-24T22:48:21.2605570Z src/DHT/modules/dht_flows/restore_flow.py:346: error: Unsupported target for indexed assignment ("State[dict[str, Any]]")  [index]
Test Python 3.10 on macos-latest	Run type checker	2025-06-24T22:48:21.2705800Z src/DHT/modules/dht_flows/restore_flow.py:353: error: Value of type "State[dict[str, Any]]" is not indexable  [index]
Test Python 3.10 on macos-latest	Run type checker	2025-06-24T22:48:21.2807360Z src/DHT/modules/dht_flows/restore_flow.py:364: error: Value of type "State[dict[str, Any]]" is not indexable  [index]
Test Python 3.10 on macos-latest	Run type checker	2025-06-24T22:48:21.2908200Z src/DHT/modules/dht_flows/restore_flow.py:367: error: Value of type "State[dict[str, Any]]" is not indexable  [index]
Test Python 3.10 on macos-latest	Run type checker	2025-06-24T22:48:21.3009480Z src/DHT/modules/dht_flows/restore_flow.py:368: error: Value of type "State[dict[str, Any]]" is not indexable  [index]
Test Python 3.10 on macos-latest	Run type checker	2025-06-24T22:48:21.3112180Z src/DHT/modules/dhtl_guardian_prefect.py:64: error: Item "RunnerDeployment" of "RunnerDeployment | Coroutine[Any, Any, RunnerDeployment]" has no attribute "interval"  [union-attr]
Test Python 3.10 on macos-latest	Run type checker	2025-06-24T22:48:21.3215050Z src/DHT/modules/dhtl_guardian_prefect.py:64: error: Item "Coroutine[Any, Any, RunnerDeployment]" of "RunnerDeployment | Coroutine[Any, Any, RunnerDeployment]" has no attribute "interval"  [union-attr]
Test Python 3.10 on macos-latest	Run type checker	2025-06-24T22:48:21.3317790Z src/DHT/modules/dhtl_guardian_prefect.py:66: error: Item "RunnerDeployment" of "RunnerDeployment | Coroutine[Any, Any, RunnerDeployment]" has no attribute "cron"  [union-attr]
Test Python 3.10 on macos-latest	Run type checker	2025-06-24T22:48:21.3423020Z src/DHT/modules/dhtl_guardian_prefect.py:66: error: Item "Coroutine[Any, Any, RunnerDeployment]" of "RunnerDeployment | Coroutine[Any, Any, RunnerDeployment]" has no attribute "cron"  [union-attr]
Test Python 3.10 on macos-latest	Run type checker	2025-06-24T22:48:21.3526090Z src/DHT/modules/dhtl_guardian_prefect.py:79: error: Argument 1 to "serve" has incompatible type "*list[RunnerDeployment | Coroutine[Any, Any, RunnerDeployment]]"; expected "RunnerDeployment"  [arg-type]
Test Python 3.10 on macos-latest	Run type checker	2025-06-24T22:48:21.3628860Z src/DHT/modules/dhtl_guardian_prefect.py:180: error: Value of type "Coroutine[Any, Any, R?]" must be used  [unused-coroutine]
Test Python 3.10 on macos-latest	Run type checker	2025-06-24T22:48:21.3732520Z src/DHT/modules/dhtl_guardian_prefect.py:180: note: Are you missing an await?
Test Python 3.10 on macos-latest	Run type checker	2025-06-24T22:48:21.3834490Z src/DHT/modules/dhtl_guardian_prefect.py:206: error: Value of type "Any | None" is not indexable  [index]
Test Python 3.10 on macos-latest	Run type checker	2025-06-24T22:48:21.3890110Z src/DHT/modules/dht_flows/test_flow.py:117: error: Argument 1 to "extend" of "list" has incompatible type "Generator[Path, None, None]"; expected "Iterable[str]"  [arg-type]
Test Python 3.10 on macos-latest	Run type checker	2025-06-24T22:48:21.3891450Z src/DHT/modules/dht_flows/test_flow.py:118: error: Argument 1 to "extend" of "list" has incompatible type "Generator[Path, None, None]"; expected "Iterable[str]"  [arg-type]
Test Python 3.10 on macos-latest	Run type checker	2025-06-24T22:48:21.3892730Z src/DHT/modules/dht_flows/test_flow.py:119: error: Argument 1 to "extend" of "list" has incompatible type "list[Path]"; expected "Iterable[str]"  [arg-type]
Test Python 3.10 on macos-latest	Run type checker	2025-06-24T22:48:21.3913400Z src/DHT/modules/dht_flows/test_flow.py:433: error: Need type annotation for "coverage_info" (hint: "coverage_info: dict[<type>, <type>] = ...")  [var-annotated]
Test Python 3.10 on macos-latest	Run type checker	2025-06-24T22:48:21.3927400Z src/DHT/modules/dht_flows/test_flow.py:435: error: Incompatible types in assignment (expression has type "State[dict[str, Any]]", variable has type "dict[Any, Any]")  [assignment]
Test Python 3.10 on macos-latest	Run type checker	2025-06-24T22:48:21.3928850Z src/DHT/modules/dht_flows/test_flow.py:439: error: Value of type "State[dict[str, Any]]" is not indexable  [index]
Test Python 3.10 on macos-latest	Run type checker	2025-06-24T22:48:21.3929720Z src/DHT/modules/dht_flows/test_flow.py:448: error: Value of type "State[dict[str, Any]]" is not indexable  [index]
Test Python 3.10 on macos-latest	Run type checker	2025-06-24T22:48:21.3930700Z src/DHT/modules/dht_flows/test_flow.py:449: error: Value of type "State[dict[str, Any]]" is not indexable  [index]
Test Python 3.10 on macos-latest	Run type checker	2025-06-24T22:48:21.3932030Z src/DHT/modules/dht_flows/test_flow.py:457: error: Value of type "State[dict[str, Any]]" is not indexable  [index]
Test Python 3.10 on macos-latest	Run type checker	2025-06-24T22:48:21.3933160Z src/DHT/modules/command_runner.py:184: error: No overload variant of "__call__" of "FlowDecorator" matches argument types "str", "str", "bool", "Callable[[Any, Any], str]"  [call-overload]
Test Python 3.10 on macos-latest	Run type checker	2025-06-24T22:48:21.3934010Z src/DHT/modules/command_runner.py:184: note: Possible overload variants:
Test Python 3.10 on macos-latest	Run type checker	2025-06-24T22:48:21.3934880Z src/DHT/modules/command_runner.py:184: note:     def [P`51511, R] __call__(self, Callable[P, R], /) -> Flow[P, R]
Test Python 3.10 on macos-latest	Run type checker	2025-06-24T22:48:21.3938040Z src/DHT/modules/command_runner.py:184: note:     def __call__(self, None = ..., /, *, name: str | None = ..., version: str | None = ..., flow_run_name: Callable[[], str] | str | None = ..., retries: int | None = ..., retry_delay_seconds: int | float | None = ..., task_runner: None = ..., description: str | None = ..., timeout_seconds: int | float | None = ..., validate_parameters: bool = ..., persist_result: bool | None = ..., result_storage: WritableFileSystem | str | None = ..., result_serializer: Serializer[Any] | str | None = ..., cache_result_in_memory: bool = ..., log_prints: bool | None = ..., on_completion: list[FlowStateHook[[VarArg(Any), KwArg(Any)], Any]] | None = ..., on_failure: list[FlowStateHook[[VarArg(Any), KwArg(Any)], Any]] | None = ..., on_cancellation: list[FlowStateHook[[VarArg(Any), KwArg(Any)], Any]] | None = ..., on_crashed: list[FlowStateHook[[VarArg(Any), KwArg(Any)], Any]] | None = ..., on_running: list[FlowStateHook[[VarArg(Any), KwArg(Any)], Any]] | None = ...) -> Callable[[Callable[P, R]], Flow[P, R]]
Test Python 3.10 on macos-latest	Run type checker	2025-06-24T22:48:21.3945480Z src/DHT/modules/command_runner.py:184: note:     def [R] __call__(self, None = ..., /, *, name: str | None = ..., version: str | None = ..., flow_run_name: Callable[[], str] | str | None = ..., retries: int | None = ..., retry_delay_seconds: int | float | None = ..., task_runner: TaskRunner[PrefectFuture[R]] | None = ..., description: str | None = ..., timeout_seconds: int | float | None = ..., validate_parameters: bool = ..., persist_result: bool | None = ..., result_storage: WritableFileSystem | str | None = ..., result_serializer: Serializer[Any] | str | None = ..., cache_result_in_memory: bool = ..., log_prints: bool | None = ..., on_completion: list[FlowStateHook[[VarArg(Any), KwArg(Any)], Any]] | None = ..., on_failure: list[FlowStateHook[[VarArg(Any), KwArg(Any)], Any]] | None = ..., on_cancellation: list[FlowStateHook[[VarArg(Any), KwArg(Any)], Any]] | None = ..., on_crashed: list[FlowStateHook[[VarArg(Any), KwArg(Any)], Any]] | None = ..., on_running: list[FlowStateHook[[VarArg(Any), KwArg(Any)], Any]] | None = ...) -> Callable[[Callable[P, R]], Flow[P, R]]
Test Python 3.10 on macos-latest	Run type checker	2025-06-24T22:48:21.3968880Z src/DHT/modules/command_dispatcher.py:265: error: Incompatible default for argument "args" (default has type "None", argument has type "list[str]")  [assignment]
Test Python 3.10 on macos-latest	Run type checker	2025-06-24T22:48:21.3974860Z src/DHT/modules/command_dispatcher.py:265: note: PEP 484 prohibits implicit Optional. Accordingly, mypy has changed its default to no_implicit_optional=True
Test Python 3.10 on macos-latest	Run type checker	2025-06-24T22:48:21.3979520Z src/DHT/modules/command_dispatcher.py:265: note: Use https://github.com/hauntsaninja/no_implicit_optional to automatically upgrade your codebase
Test Python 3.10 on macos-latest	Run type checker	2025-06-24T22:48:21.3981890Z src/DHT/modules/command_dispatcher.py:293: error: Incompatible default for argument "args" (default has type "None", argument has type "list[str]")  [assignment]
Test Python 3.10 on macos-latest	Run type checker	2025-06-24T22:48:21.3985210Z src/DHT/modules/command_dispatcher.py:293: note: PEP 484 prohibits implicit Optional. Accordingly, mypy has changed its default to no_implicit_optional=True
Test Python 3.10 on macos-latest	Run type checker	2025-06-24T22:48:21.3987590Z src/DHT/modules/command_dispatcher.py:293: note: Use https://github.com/hauntsaninja/no_implicit_optional to automatically upgrade your codebase
Test Python 3.10 on macos-latest	Run type checker	2025-06-24T22:48:21.3990070Z src/DHT/launcher.py:31: error: Name "Colors" already defined (possibly by an import)  [no-redef]
Test Python 3.10 on macos-latest	Run type checker	2025-06-24T22:48:21.3991730Z src/DHT/launcher.py:207: error: Name "CommandDispatcher" already defined (possibly by an import)  [no-redef]
Test Python 3.10 on macos-latest	Run type checker	2025-06-24T22:48:21.3993310Z src/DHT/dhtl.py:37: error: Name "DHTLauncher" already defined (possibly by an import)  [no-redef]
Test Python 3.10 on macos-latest	Run type checker	2025-06-24T22:48:21.3994530Z Found 71 errors in 25 files (checked 182 source files)
Test Python 3.10 on macos-latest	Run type checker	2025-06-24T22:48:21.4011280Z ##[error]Process completed with exit code 1.
Test Python 3.12 on ubuntu-latest	Run type checker	ï»¿2025-06-24T22:47:55.0529924Z ##[group]Run uv run mypy src/DHT/
Test Python 3.12 on ubuntu-latest	Run type checker	2025-06-24T22:47:55.0530232Z [36;1muv run mypy src/DHT/[0m
Test Python 3.12 on ubuntu-latest	Run type checker	2025-06-24T22:47:55.0580299Z shell: /usr/bin/bash -e {0}
Test Python 3.12 on ubuntu-latest	Run type checker	2025-06-24T22:47:55.0580523Z env:
Test Python 3.12 on ubuntu-latest	Run type checker	2025-06-24T22:47:55.0580744Z   UV_CACHE_DIR: /home/runner/work/_temp/setup-uv-cache
Test Python 3.12 on ubuntu-latest	Run type checker	2025-06-24T22:47:55.0581020Z ##[endgroup]
Test Python 3.12 on ubuntu-latest	Run type checker	2025-06-24T22:48:03.4095356Z src/DHT/modules/parsers/bash_parser_tree_sitter.py:33: error: Incompatible types in assignment (expression has type "None", variable has type Module)  [assignment]
Test Python 3.12 on ubuntu-latest	Run type checker	2025-06-24T22:48:03.4097285Z src/DHT/modules/parsers/bash_parser_tree_sitter.py:34: error: Incompatible types in assignment (expression has type "None", variable has type Module)  [assignment]
Test Python 3.12 on ubuntu-latest	Run type checker	2025-06-24T22:48:04.3804948Z src/DHT/setup_tree_sitter.py:141: error: No overload variant of "Language" matches argument types "str", "str"  [call-overload]
Test Python 3.12 on ubuntu-latest	Run type checker	2025-06-24T22:48:04.3805798Z src/DHT/setup_tree_sitter.py:141: note: Possible overload variants:
Test Python 3.12 on ubuntu-latest	Run type checker	2025-06-24T22:48:04.3806411Z src/DHT/setup_tree_sitter.py:141: note:     def __init__(self, int, /) -> Language
Test Python 3.12 on ubuntu-latest	Run type checker	2025-06-24T22:48:04.3807091Z src/DHT/setup_tree_sitter.py:141: note:     def __init__(self, object, /) -> Language
Test Python 3.12 on ubuntu-latest	Run type checker	2025-06-24T22:48:04.3807738Z src/DHT/setup_tree_sitter.py:154: error: "type[Language]" has no attribute "build"  [attr-defined]
Test Python 3.12 on ubuntu-latest	Run type checker	2025-06-24T22:48:04.3808486Z src/DHT/setup_tree_sitter.py:158: error: "type[Language]" has no attribute "build_library"  [attr-defined]
Test Python 3.12 on ubuntu-latest	Run type checker	2025-06-24T22:48:04.3809333Z src/DHT/setup_tree_sitter.py:181: error: No overload variant of "Language" matches argument types "str", "str"  [call-overload]
Test Python 3.12 on ubuntu-latest	Run type checker	2025-06-24T22:48:04.3810077Z src/DHT/setup_tree_sitter.py:181: note: Possible overload variants:
Test Python 3.12 on ubuntu-latest	Run type checker	2025-06-24T22:48:04.3810664Z src/DHT/setup_tree_sitter.py:181: note:     def __init__(self, int, /) -> Language
Test Python 3.12 on ubuntu-latest	Run type checker	2025-06-24T22:48:04.3811283Z src/DHT/setup_tree_sitter.py:181: note:     def __init__(self, object, /) -> Language
Test Python 3.12 on ubuntu-latest	Run type checker	2025-06-24T22:48:04.3812013Z src/DHT/setup_tree_sitter.py:202: error: No overload variant of "Language" matches argument types "str", "str"  [call-overload]
Test Python 3.12 on ubuntu-latest	Run type checker	2025-06-24T22:48:04.3812703Z src/DHT/setup_tree_sitter.py:202: note: Possible overload variants:
Test Python 3.12 on ubuntu-latest	Run type checker	2025-06-24T22:48:04.3813223Z src/DHT/setup_tree_sitter.py:202: note:     def __init__(self, int, /) -> Language
Test Python 3.12 on ubuntu-latest	Run type checker	2025-06-24T22:48:04.3813956Z src/DHT/setup_tree_sitter.py:202: note:     def __init__(self, object, /) -> Language
Test Python 3.12 on ubuntu-latest	Run type checker	2025-06-24T22:48:04.3814653Z src/DHT/setup_tree_sitter.py:205: error: "Parser" has no attribute "set_language"; maybe "language"?  [attr-defined]
Test Python 3.12 on ubuntu-latest	Run type checker	2025-06-24T22:48:05.2026831Z src/DHT/modules/uv_manager_improvements.py:24: error: Name "UVNotFoundError" already defined (possibly by an import)  [no-redef]
Test Python 3.12 on ubuntu-latest	Run type checker	2025-06-24T22:48:05.2133164Z src/DHT/modules/project_file_generators.py:327: error: Value of type "Collection[str]" is not indexable  [index]
Test Python 3.12 on ubuntu-latest	Run type checker	2025-06-24T22:48:05.2134956Z src/DHT/modules/project_file_generators.py:330: error: Value of type "Collection[str]" is not indexable  [index]
Test Python 3.12 on ubuntu-latest	Run type checker	2025-06-24T22:48:05.2136243Z src/DHT/modules/project_file_generators.py:339: error: Value of type "Collection[str]" is not indexable  [index]
Test Python 3.12 on ubuntu-latest	Run type checker	2025-06-24T22:48:05.4035295Z src/DHT/modules/act_workflow_manager.py:100: error: Unsupported target for indexed assignment ("object")  [index]
Test Python 3.12 on ubuntu-latest	Run type checker	2025-06-24T22:48:05.4037453Z src/DHT/modules/act_workflow_manager.py:102: error: Unsupported target for indexed assignment ("object")  [index]
Test Python 3.12 on ubuntu-latest	Run type checker	2025-06-24T22:48:05.4038670Z src/DHT/modules/act_workflow_manager.py:107: error: Unsupported operand types for + ("object" and "int")  [operator]
Test Python 3.12 on ubuntu-latest	Run type checker	2025-06-24T22:48:25.6797605Z src/DHT/modules/reproduction_flow_utils.py:45: error: Incompatible types in assignment (expression has type "Logger | LoggerAdapter[Logger]", variable has type "None")  [assignment]
Test Python 3.12 on ubuntu-latest	Run type checker	2025-06-24T22:48:25.7412737Z src/DHT/modules/project_capture_utils.py:49: error: Incompatible types in assignment (expression has type "Logger | LoggerAdapter[Logger]", variable has type "None")  [assignment]
Test Python 3.12 on ubuntu-latest	Run type checker	2025-06-24T22:48:25.8872839Z src/DHT/modules/guardian_prefect.py:361: error: Argument 1 to "float" has incompatible type "Any | None"; expected "str | Buffer | SupportsFloat | SupportsIndex"  [arg-type]
Test Python 3.12 on ubuntu-latest	Run type checker	2025-06-24T22:48:25.8874687Z src/DHT/modules/guardian_prefect.py:576: error: Argument 1 to "__call__" of "Flow" has incompatible type "list[Collection[str]]"; expected "list[str | dict[str, Any]]"  [arg-type]
Test Python 3.12 on ubuntu-latest	Run type checker	2025-06-24T22:48:25.8974076Z src/DHT/modules/environment_verification_utils.py:52: error: Incompatible types in assignment (expression has type "Logger | LoggerAdapter[Logger]", variable has type "Logger | None")  [assignment]
Test Python 3.12 on ubuntu-latest	Run type checker	2025-06-24T22:48:25.9465329Z src/DHT/modules/environment_reproducer.py:98: error: Incompatible types in assignment (expression has type "Logger | LoggerAdapter[Logger]", variable has type "Logger | None")  [assignment]
Test Python 3.12 on ubuntu-latest	Run type checker	2025-06-24T22:48:25.9466955Z src/DHT/modules/environment_reproducer.py:101: error: Incompatible return value type (got "Logger | None", expected "Logger")  [return-value]
Test Python 3.12 on ubuntu-latest	Run type checker	2025-06-24T22:48:25.9770533Z src/DHT/modules/environment_configurator.py:81: error: Incompatible types in assignment (expression has type "Logger | LoggerAdapter[Logger]", variable has type "None")  [assignment]
Test Python 3.12 on ubuntu-latest	Run type checker	2025-06-24T22:48:25.9771989Z src/DHT/modules/environment_configurator.py:281: error: "State[dict[str, Any]]" has no attribute "get"  [attr-defined]
Test Python 3.12 on ubuntu-latest	Run type checker	2025-06-24T22:48:25.9772987Z src/DHT/modules/environment_configurator.py:292: error: "None" has no attribute "project_type"  [attr-defined]
Test Python 3.12 on ubuntu-latest	Run type checker	2025-06-24T22:48:25.9774294Z src/DHT/modules/environment_configurator.py:301: error: "None" has no attribute "quality_tools"  [attr-defined]
Test Python 3.12 on ubuntu-latest	Run type checker	2025-06-24T22:48:25.9830992Z src/DHT/modules/environment_capture_utils.py:51: error: Incompatible types in assignment (expression has type "Logger | LoggerAdapter[Logger]", variable has type "Logger | None")  [assignment]
Test Python 3.12 on ubuntu-latest	Run type checker	2025-06-24T22:48:25.9832454Z src/DHT/modules/environment_capture_utils.py:56: error: Incompatible return value type (got "Logger | None", expected "Logger")  [return-value]
Test Python 3.12 on ubuntu-latest	Run type checker	2025-06-24T22:48:26.0031597Z src/DHT/modules/environment_analyzer.py:197: error: Need type annotation for "requirements"  [var-annotated]
Test Python 3.12 on ubuntu-latest	Run type checker	2025-06-24T22:48:26.0032980Z src/DHT/modules/environment_analyzer.py:236: error: Incompatible types in assignment (expression has type "str", target has type "list[Any] | None")  [assignment]
Test Python 3.12 on ubuntu-latest	Run type checker	2025-06-24T22:48:26.0301951Z src/DHT/modules/dockerfile_generator.py:175: error: Argument 1 to "_get_system_deps" of "DockerfileGenerator" has incompatible type "object"; expected "list[str]"  [arg-type]
Test Python 3.12 on ubuntu-latest	Run type checker	2025-06-24T22:48:26.0303905Z src/DHT/modules/dockerfile_generator.py:179: error: Argument 2 to "_detect_ports" of "DockerfileGenerator" has incompatible type "object"; expected "str | None"  [arg-type]
Test Python 3.12 on ubuntu-latest	Run type checker	2025-06-24T22:48:26.1756494Z src/DHT/modules/parsers/base_parser.py:78: error: No overload variant of "Language" matches argument types "str", "str"  [call-overload]
Test Python 3.12 on ubuntu-latest	Run type checker	2025-06-24T22:48:26.1757588Z src/DHT/modules/parsers/base_parser.py:78: note: Possible overload variants:
Test Python 3.12 on ubuntu-latest	Run type checker	2025-06-24T22:48:26.1758379Z src/DHT/modules/parsers/base_parser.py:78: note:     def __init__(self, int, /) -> Language
Test Python 3.12 on ubuntu-latest	Run type checker	2025-06-24T22:48:26.1759225Z src/DHT/modules/parsers/base_parser.py:78: note:     def __init__(self, object, /) -> Language
Test Python 3.12 on ubuntu-latest	Run type checker	2025-06-24T22:48:26.3523949Z src/DHT/modules/dhtl_guardian_command.py:54: error: Argument 1 to "guardian_run" has incompatible type "Sequence[Any]"; expected "list[str]"  [arg-type]
Test Python 3.12 on ubuntu-latest	Run type checker	2025-06-24T22:48:26.3525178Z src/DHT/modules/dhtl_guardian_command.py:56: error: Argument 1 to "guardian_batch" has incompatible type "Sequence[Any]"; expected "list[str]"  [arg-type]
Test Python 3.12 on ubuntu-latest	Run type checker	2025-06-24T22:48:26.3526324Z src/DHT/modules/dhtl_guardian_command.py:58: error: Argument 1 to "guardian_config" has incompatible type "Sequence[Any]"; expected "list[str]"  [arg-type]
Test Python 3.12 on ubuntu-latest	Run type checker	2025-06-24T22:48:26.3527795Z src/DHT/modules/dhtl_guardian_command.py:60: error: Argument 1 to "guardian_status" has incompatible type "Sequence[Any]"; expected "list[str]"  [arg-type]
Test Python 3.12 on ubuntu-latest	Run type checker	2025-06-24T22:48:26.3683605Z src/DHT/modules/dhtl_commands_standalone.py:54: error: "_normalize_args" does not return a value (it only ever returns None)  [func-returns-value]
Test Python 3.12 on ubuntu-latest	Run type checker	2025-06-24T22:48:26.3685665Z src/DHT/modules/dhtl_commands_standalone.py:103: error: "_normalize_args" does not return a value (it only ever returns None)  [func-returns-value]
Test Python 3.12 on ubuntu-latest	Run type checker	2025-06-24T22:48:26.3686897Z src/DHT/modules/dhtl_commands_standalone.py:152: error: "_normalize_args" does not return a value (it only ever returns None)  [func-returns-value]
Test Python 3.12 on ubuntu-latest	Run type checker	2025-06-24T22:48:26.3687946Z src/DHT/modules/dhtl_commands_standalone.py:182: error: "_normalize_args" does not return a value (it only ever returns None)  [func-returns-value]
Test Python 3.12 on ubuntu-latest	Run type checker	2025-06-24T22:48:26.4302892Z src/DHT/modules/container_test_runner.py:79: error: Statement is unreachable  [unreachable]
Test Python 3.12 on ubuntu-latest	Run type checker	2025-06-24T22:48:26.4304246Z src/DHT/modules/container_test_runner.py:238: error: Unsupported left operand type for + ("object")  [operator]
Test Python 3.12 on ubuntu-latest	Run type checker	2025-06-24T22:48:26.4305344Z src/DHT/modules/container_test_runner.py:249: error: Unsupported target for indexed assignment ("object")  [index]
Test Python 3.12 on ubuntu-latest	Run type checker	2025-06-24T22:48:26.5831789Z src/DHT/modules/dht_flows/restore_flow.py:346: error: Unsupported target for indexed assignment ("State[dict[str, Any]]")  [index]
Test Python 3.12 on ubuntu-latest	Run type checker	2025-06-24T22:48:26.5833043Z src/DHT/modules/dht_flows/restore_flow.py:353: error: Value of type "State[dict[str, Any]]" is not indexable  [index]
Test Python 3.12 on ubuntu-latest	Run type checker	2025-06-24T22:48:26.5834420Z src/DHT/modules/dht_flows/restore_flow.py:364: error: Value of type "State[dict[str, Any]]" is not indexable  [index]
Test Python 3.12 on ubuntu-latest	Run type checker	2025-06-24T22:48:26.5835458Z src/DHT/modules/dht_flows/restore_flow.py:367: error: Value of type "State[dict[str, Any]]" is not indexable  [index]
Test Python 3.12 on ubuntu-latest	Run type checker	2025-06-24T22:48:26.5836481Z src/DHT/modules/dht_flows/restore_flow.py:368: error: Value of type "State[dict[str, Any]]" is not indexable  [index]
Test Python 3.12 on ubuntu-latest	Run type checker	2025-06-24T22:48:26.6350105Z src/DHT/modules/dhtl_guardian_prefect.py:64: error: Item "RunnerDeployment" of "RunnerDeployment | Coroutine[Any, Any, RunnerDeployment]" has no attribute "interval"  [union-attr]
Test Python 3.12 on ubuntu-latest	Run type checker	2025-06-24T22:48:26.6351971Z src/DHT/modules/dhtl_guardian_prefect.py:64: error: Item "Coroutine[Any, Any, RunnerDeployment]" of "RunnerDeployment | Coroutine[Any, Any, RunnerDeployment]" has no attribute "interval"  [union-attr]
Test Python 3.12 on ubuntu-latest	Run type checker	2025-06-24T22:48:26.6353474Z src/DHT/modules/dhtl_guardian_prefect.py:66: error: Item "RunnerDeployment" of "RunnerDeployment | Coroutine[Any, Any, RunnerDeployment]" has no attribute "cron"  [union-attr]
Test Python 3.12 on ubuntu-latest	Run type checker	2025-06-24T22:48:26.6355201Z src/DHT/modules/dhtl_guardian_prefect.py:66: error: Item "Coroutine[Any, Any, RunnerDeployment]" of "RunnerDeployment | Coroutine[Any, Any, RunnerDeployment]" has no attribute "cron"  [union-attr]
Test Python 3.12 on ubuntu-latest	Run type checker	2025-06-24T22:48:26.6356761Z src/DHT/modules/dhtl_guardian_prefect.py:79: error: Argument 1 to "serve" has incompatible type "*list[RunnerDeployment | Coroutine[Any, Any, RunnerDeployment]]"; expected "RunnerDeployment"  [arg-type]
Test Python 3.12 on ubuntu-latest	Run type checker	2025-06-24T22:48:26.6358090Z src/DHT/modules/dhtl_guardian_prefect.py:180: error: Value of type "Coroutine[Any, Any, R?]" must be used  [unused-coroutine]
Test Python 3.12 on ubuntu-latest	Run type checker	2025-06-24T22:48:26.6358911Z src/DHT/modules/dhtl_guardian_prefect.py:180: note: Are you missing an await?
Test Python 3.12 on ubuntu-latest	Run type checker	2025-06-24T22:48:26.6359643Z src/DHT/modules/dhtl_guardian_prefect.py:206: error: Value of type "Any | None" is not indexable  [index]
Test Python 3.12 on ubuntu-latest	Run type checker	2025-06-24T22:48:26.6780548Z src/DHT/modules/dht_flows/test_flow.py:117: error: Argument 1 to "extend" of "list" has incompatible type "Generator[Path, None, None]"; expected "Iterable[str]"  [arg-type]
Test Python 3.12 on ubuntu-latest	Run type checker	2025-06-24T22:48:26.6781874Z src/DHT/modules/dht_flows/test_flow.py:118: error: Argument 1 to "extend" of "list" has incompatible type "Generator[Path, None, None]"; expected "Iterable[str]"  [arg-type]
Test Python 3.12 on ubuntu-latest	Run type checker	2025-06-24T22:48:26.6783009Z src/DHT/modules/dht_flows/test_flow.py:119: error: Argument 1 to "extend" of "list" has incompatible type "list[Path]"; expected "Iterable[str]"  [arg-type]
Test Python 3.12 on ubuntu-latest	Run type checker	2025-06-24T22:48:26.6784738Z src/DHT/modules/dht_flows/test_flow.py:433: error: Need type annotation for "coverage_info" (hint: "coverage_info: dict[<type>, <type>] = ...")  [var-annotated]
Test Python 3.12 on ubuntu-latest	Run type checker	2025-06-24T22:48:26.6785959Z src/DHT/modules/dht_flows/test_flow.py:435: error: Incompatible types in assignment (expression has type "State[dict[str, Any]]", variable has type "dict[Any, Any]")  [assignment]
Test Python 3.12 on ubuntu-latest	Run type checker	2025-06-24T22:48:26.6787151Z src/DHT/modules/dht_flows/test_flow.py:439: error: Value of type "State[dict[str, Any]]" is not indexable  [index]
Test Python 3.12 on ubuntu-latest	Run type checker	2025-06-24T22:48:26.6787947Z src/DHT/modules/dht_flows/test_flow.py:448: error: Value of type "State[dict[str, Any]]" is not indexable  [index]
Test Python 3.12 on ubuntu-latest	Run type checker	2025-06-24T22:48:26.6788740Z src/DHT/modules/dht_flows/test_flow.py:449: error: Value of type "State[dict[str, Any]]" is not indexable  [index]
Test Python 3.12 on ubuntu-latest	Run type checker	2025-06-24T22:48:26.6789516Z src/DHT/modules/dht_flows/test_flow.py:457: error: Value of type "State[dict[str, Any]]" is not indexable  [index]
Test Python 3.12 on ubuntu-latest	Run type checker	2025-06-24T22:48:26.6980684Z src/DHT/modules/command_runner.py:184: error: No overload variant of "__call__" of "FlowDecorator" matches argument types "str", "str", "bool", "Callable[[Any, Any], str]"  [call-overload]
Test Python 3.12 on ubuntu-latest	Run type checker	2025-06-24T22:48:26.6981830Z src/DHT/modules/command_runner.py:184: note: Possible overload variants:
Test Python 3.12 on ubuntu-latest	Run type checker	2025-06-24T22:48:26.6982688Z src/DHT/modules/command_runner.py:184: note:     def [P`51518, R] __call__(self, Callable[P, R], /) -> Flow[P, R]
Test Python 3.12 on ubuntu-latest	Run type checker	2025-06-24T22:48:26.6986236Z src/DHT/modules/command_runner.py:184: note:     def __call__(self, None = ..., /, *, name: str | None = ..., version: str | None = ..., flow_run_name: Callable[[], str] | str | None = ..., retries: int | None = ..., retry_delay_seconds: int | float | None = ..., task_runner: None = ..., description: str | None = ..., timeout_seconds: int | float | None = ..., validate_parameters: bool = ..., persist_result: bool | None = ..., result_storage: WritableFileSystem | str | None = ..., result_serializer: Serializer[Any] | str | None = ..., cache_result_in_memory: bool = ..., log_prints: bool | None = ..., on_completion: list[FlowStateHook[[VarArg(Any), KwArg(Any)], Any]] | None = ..., on_failure: list[FlowStateHook[[VarArg(Any), KwArg(Any)], Any]] | None = ..., on_cancellation: list[FlowStateHook[[VarArg(Any), KwArg(Any)], Any]] | None = ..., on_crashed: list[FlowStateHook[[VarArg(Any), KwArg(Any)], Any]] | None = ..., on_running: list[FlowStateHook[[VarArg(Any), KwArg(Any)], Any]] | None = ...) -> Callable[[Callable[P, R]], Flow[P, R]]
Test Python 3.12 on ubuntu-latest	Run type checker	2025-06-24T22:48:26.6992483Z src/DHT/modules/command_runner.py:184: note:     def [R] __call__(self, None = ..., /, *, name: str | None = ..., version: str | None = ..., flow_run_name: Callable[[], str] | str | None = ..., retries: int | None = ..., retry_delay_seconds: int | float | None = ..., task_runner: TaskRunner[PrefectFuture[R]] | None = ..., description: str | None = ..., timeout_seconds: int | float | None = ..., validate_parameters: bool = ..., persist_result: bool | None = ..., result_storage: WritableFileSystem | str | None = ..., result_serializer: Serializer[Any] | str | None = ..., cache_result_in_memory: bool = ..., log_prints: bool | None = ..., on_completion: list[FlowStateHook[[VarArg(Any), KwArg(Any)], Any]] | None = ..., on_failure: list[FlowStateHook[[VarArg(Any), KwArg(Any)], Any]] | None = ..., on_cancellation: list[FlowStateHook[[VarArg(Any), KwArg(Any)], Any]] | None = ..., on_crashed: list[FlowStateHook[[VarArg(Any), KwArg(Any)], Any]] | None = ..., on_running: list[FlowStateHook[[VarArg(Any), KwArg(Any)], Any]] | None = ...) -> Callable[[Callable[P, R]], Flow[P, R]]
Test Python 3.12 on ubuntu-latest	Run type checker	2025-06-24T22:48:26.7398544Z src/DHT/modules/command_dispatcher.py:265: error: Incompatible default for argument "args" (default has type "None", argument has type "list[str]")  [assignment]
Test Python 3.12 on ubuntu-latest	Run type checker	2025-06-24T22:48:26.7400028Z src/DHT/modules/command_dispatcher.py:265: note: PEP 484 prohibits implicit Optional. Accordingly, mypy has changed its default to no_implicit_optional=True
Test Python 3.12 on ubuntu-latest	Run type checker	2025-06-24T22:48:26.7401792Z src/DHT/modules/command_dispatcher.py:265: note: Use https://github.com/hauntsaninja/no_implicit_optional to automatically upgrade your codebase
Test Python 3.12 on ubuntu-latest	Run type checker	2025-06-24T22:48:26.7403158Z src/DHT/modules/command_dispatcher.py:293: error: Incompatible default for argument "args" (default has type "None", argument has type "list[str]")  [assignment]
Test Python 3.12 on ubuntu-latest	Run type checker	2025-06-24T22:48:26.7404792Z src/DHT/modules/command_dispatcher.py:293: note: PEP 484 prohibits implicit Optional. Accordingly, mypy has changed its default to no_implicit_optional=True
Test Python 3.12 on ubuntu-latest	Run type checker	2025-06-24T22:48:26.7405933Z src/DHT/modules/command_dispatcher.py:293: note: Use https://github.com/hauntsaninja/no_implicit_optional to automatically upgrade your codebase
Test Python 3.12 on ubuntu-latest	Run type checker	2025-06-24T22:48:26.7549491Z src/DHT/launcher.py:31: error: Name "Colors" already defined (possibly by an import)  [no-redef]
Test Python 3.12 on ubuntu-latest	Run type checker	2025-06-24T22:48:26.7550440Z src/DHT/launcher.py:207: error: Name "CommandDispatcher" already defined (possibly by an import)  [no-redef]
Test Python 3.12 on ubuntu-latest	Run type checker	2025-06-24T22:48:26.7580842Z src/DHT/dhtl.py:37: error: Name "DHTLauncher" already defined (possibly by an import)  [no-redef]
Test Python 3.12 on ubuntu-latest	Run type checker	2025-06-24T22:48:26.7691722Z Found 71 errors in 25 files (checked 182 source files)
Test Python 3.12 on ubuntu-latest	Run type checker	2025-06-24T22:48:26.8105573Z ##[error]Process completed with exit code 1.
Test Python 3.11 on macos-latest	Run type checker	ï»¿2025-06-24T22:48:04.1126900Z ##[group]Run uv run mypy src/DHT/
Test Python 3.11 on macos-latest	Run type checker	2025-06-24T22:48:04.1127150Z [36;1muv run mypy src/DHT/[0m
Test Python 3.11 on macos-latest	Run type checker	2025-06-24T22:48:04.1173380Z shell: /bin/bash -e {0}
Test Python 3.11 on macos-latest	Run type checker	2025-06-24T22:48:04.1173590Z env:
Test Python 3.11 on macos-latest	Run type checker	2025-06-24T22:48:04.1173860Z   UV_CACHE_DIR: /Users/runner/work/_temp/setup-uv-cache
Test Python 3.11 on macos-latest	Run type checker	2025-06-24T22:48:04.1174080Z ##[endgroup]
Test Python 3.11 on macos-latest	Run type checker	2025-06-24T22:48:10.5740270Z src/DHT/modules/parsers/bash_parser_tree_sitter.py:33: error: Incompatible types in assignment (expression has type "None", variable has type Module)  [assignment]
Test Python 3.11 on macos-latest	Run type checker	2025-06-24T22:48:10.5741320Z src/DHT/modules/parsers/bash_parser_tree_sitter.py:34: error: Incompatible types in assignment (expression has type "None", variable has type Module)  [assignment]
Test Python 3.11 on macos-latest	Run type checker	2025-06-24T22:48:11.1323840Z src/DHT/setup_tree_sitter.py:141: error: No overload variant of "Language" matches argument types "str", "str"  [call-overload]
Test Python 3.11 on macos-latest	Run type checker	2025-06-24T22:48:11.1325870Z src/DHT/setup_tree_sitter.py:141: note: Possible overload variants:
Test Python 3.11 on macos-latest	Run type checker	2025-06-24T22:48:11.1327650Z src/DHT/setup_tree_sitter.py:141: note:     def __init__(self, int, /) -> Language
Test Python 3.11 on macos-latest	Run type checker	2025-06-24T22:48:11.1329440Z src/DHT/setup_tree_sitter.py:141: note:     def __init__(self, object, /) -> Language
Test Python 3.11 on macos-latest	Run type checker	2025-06-24T22:48:11.1334150Z src/DHT/setup_tree_sitter.py:154: error: "type[Language]" has no attribute "build"  [attr-defined]
Test Python 3.11 on macos-latest	Run type checker	2025-06-24T22:48:11.1334890Z src/DHT/setup_tree_sitter.py:158: error: "type[Language]" has no attribute "build_library"  [attr-defined]
Test Python 3.11 on macos-latest	Run type checker	2025-06-24T22:48:11.1335620Z src/DHT/setup_tree_sitter.py:181: error: No overload variant of "Language" matches argument types "str", "str"  [call-overload]
Test Python 3.11 on macos-latest	Run type checker	2025-06-24T22:48:11.1336200Z src/DHT/setup_tree_sitter.py:181: note: Possible overload variants:
Test Python 3.11 on macos-latest	Run type checker	2025-06-24T22:48:11.1336610Z src/DHT/setup_tree_sitter.py:181: note:     def __init__(self, int, /) -> Language
Test Python 3.11 on macos-latest	Run type checker	2025-06-24T22:48:11.1337380Z src/DHT/setup_tree_sitter.py:181: note:     def __init__(self, object, /) -> Language
Test Python 3.11 on macos-latest	Run type checker	2025-06-24T22:48:11.1338080Z src/DHT/setup_tree_sitter.py:202: error: No overload variant of "Language" matches argument types "str", "str"  [call-overload]
Test Python 3.11 on macos-latest	Run type checker	2025-06-24T22:48:11.1338570Z src/DHT/setup_tree_sitter.py:202: note: Possible overload variants:
Test Python 3.11 on macos-latest	Run type checker	2025-06-24T22:48:11.1339010Z src/DHT/setup_tree_sitter.py:202: note:     def __init__(self, int, /) -> Language
Test Python 3.11 on macos-latest	Run type checker	2025-06-24T22:48:11.1339440Z src/DHT/setup_tree_sitter.py:202: note:     def __init__(self, object, /) -> Language
Test Python 3.11 on macos-latest	Run type checker	2025-06-24T22:48:11.1340030Z src/DHT/setup_tree_sitter.py:205: error: "Parser" has no attribute "set_language"; maybe "language"?  [attr-defined]
Test Python 3.11 on macos-latest	Run type checker	2025-06-24T22:48:11.6382360Z src/DHT/modules/uv_manager_improvements.py:24: error: Name "UVNotFoundError" already defined (possibly by an import)  [no-redef]
Test Python 3.11 on macos-latest	Run type checker	2025-06-24T22:48:11.6430570Z src/DHT/modules/project_file_generators.py:327: error: Value of type "Collection[str]" is not indexable  [index]
Test Python 3.11 on macos-latest	Run type checker	2025-06-24T22:48:11.6431220Z src/DHT/modules/project_file_generators.py:330: error: Value of type "Collection[str]" is not indexable  [index]
Test Python 3.11 on macos-latest	Run type checker	2025-06-24T22:48:11.6432010Z src/DHT/modules/project_file_generators.py:339: error: Value of type "Collection[str]" is not indexable  [index]
Test Python 3.11 on macos-latest	Run type checker	2025-06-24T22:48:11.7320120Z src/DHT/modules/act_workflow_manager.py:100: error: Unsupported target for indexed assignment ("object")  [index]
Test Python 3.11 on macos-latest	Run type checker	2025-06-24T22:48:11.7321770Z src/DHT/modules/act_workflow_manager.py:102: error: Unsupported target for indexed assignment ("object")  [index]
Test Python 3.11 on macos-latest	Run type checker	2025-06-24T22:48:11.7322540Z src/DHT/modules/act_workflow_manager.py:107: error: Unsupported operand types for + ("object" and "int")  [operator]
Test Python 3.11 on macos-latest	Run type checker	2025-06-24T22:48:25.0621730Z src/DHT/modules/reproduction_flow_utils.py:45: error: Incompatible types in assignment (expression has type "Logger | LoggerAdapter[Logger]", variable has type "None")  [assignment]
Test Python 3.11 on macos-latest	Run type checker	2025-06-24T22:48:25.0913970Z src/DHT/modules/project_capture_utils.py:49: error: Incompatible types in assignment (expression has type "Logger | LoggerAdapter[Logger]", variable has type "None")  [assignment]
Test Python 3.11 on macos-latest	Run type checker	2025-06-24T22:48:25.1694760Z src/DHT/modules/guardian_prefect.py:361: error: Argument 1 to "float" has incompatible type "Any | None"; expected "str | Buffer | SupportsFloat | SupportsIndex"  [arg-type]
Test Python 3.11 on macos-latest	Run type checker	2025-06-24T22:48:25.1702830Z src/DHT/modules/guardian_prefect.py:576: error: Argument 1 to "__call__" of "Flow" has incompatible type "list[Collection[str]]"; expected "list[str | dict[str, Any]]"  [arg-type]
Test Python 3.11 on macos-latest	Run type checker	2025-06-24T22:48:25.1743880Z src/DHT/modules/environment_verification_utils.py:52: error: Incompatible types in assignment (expression has type "Logger | LoggerAdapter[Logger]", variable has type "Logger | None")  [assignment]
Test Python 3.11 on macos-latest	Run type checker	2025-06-24T22:48:25.1963250Z src/DHT/modules/environment_reproducer.py:98: error: Incompatible types in assignment (expression has type "Logger | LoggerAdapter[Logger]", variable has type "Logger | None")  [assignment]
Test Python 3.11 on macos-latest	Run type checker	2025-06-24T22:48:25.1964510Z src/DHT/modules/environment_reproducer.py:101: error: Incompatible return value type (got "Logger | None", expected "Logger")  [return-value]
Test Python 3.11 on macos-latest	Run type checker	2025-06-24T22:48:25.2090800Z src/DHT/modules/environment_configurator.py:81: error: Incompatible types in assignment (expression has type "Logger | LoggerAdapter[Logger]", variable has type "None")  [assignment]
Test Python 3.11 on macos-latest	Run type checker	2025-06-24T22:48:25.2102260Z src/DHT/modules/environment_configurator.py:281: error: "State[dict[str, Any]]" has no attribute "get"  [attr-defined]
Test Python 3.11 on macos-latest	Run type checker	2025-06-24T22:48:25.2108500Z src/DHT/modules/environment_configurator.py:292: error: "None" has no attribute "project_type"  [attr-defined]
Test Python 3.11 on macos-latest	Run type checker	2025-06-24T22:48:25.2135120Z src/DHT/modules/environment_configurator.py:301: error: "None" has no attribute "quality_tools"  [attr-defined]
Test Python 3.11 on macos-latest	Run type checker	2025-06-24T22:48:25.2136120Z src/DHT/modules/environment_capture_utils.py:51: error: Incompatible types in assignment (expression has type "Logger | LoggerAdapter[Logger]", variable has type "Logger | None")  [assignment]
Test Python 3.11 on macos-latest	Run type checker	2025-06-24T22:48:25.2137090Z src/DHT/modules/environment_capture_utils.py:56: error: Incompatible return value type (got "Logger | None", expected "Logger")  [return-value]
Test Python 3.11 on macos-latest	Run type checker	2025-06-24T22:48:25.2213630Z src/DHT/modules/environment_analyzer.py:197: error: Need type annotation for "requirements"  [var-annotated]
Test Python 3.11 on macos-latest	Run type checker	2025-06-24T22:48:25.2214590Z src/DHT/modules/environment_analyzer.py:236: error: Incompatible types in assignment (expression has type "str", target has type "list[Any] | None")  [assignment]
Test Python 3.11 on macos-latest	Run type checker	2025-06-24T22:48:25.2315880Z src/DHT/modules/dockerfile_generator.py:175: error: Argument 1 to "_get_system_deps" of "DockerfileGenerator" has incompatible type "object"; expected "list[str]"  [arg-type]
Test Python 3.11 on macos-latest	Run type checker	2025-06-24T22:48:25.2318320Z src/DHT/modules/dockerfile_generator.py:179: error: Argument 2 to "_detect_ports" of "DockerfileGenerator" has incompatible type "object"; expected "str | None"  [arg-type]
Test Python 3.11 on macos-latest	Run type checker	2025-06-24T22:48:25.3062980Z src/DHT/modules/parsers/base_parser.py:78: error: No overload variant of "Language" matches argument types "str", "str"  [call-overload]
Test Python 3.11 on macos-latest	Run type checker	2025-06-24T22:48:25.3063910Z src/DHT/modules/parsers/base_parser.py:78: note: Possible overload variants:
Test Python 3.11 on macos-latest	Run type checker	2025-06-24T22:48:25.3064510Z src/DHT/modules/parsers/base_parser.py:78: note:     def __init__(self, int, /) -> Language
Test Python 3.11 on macos-latest	Run type checker	2025-06-24T22:48:25.3065120Z src/DHT/modules/parsers/base_parser.py:78: note:     def __init__(self, object, /) -> Language
Test Python 3.11 on macos-latest	Run type checker	2025-06-24T22:48:25.4096340Z src/DHT/modules/dhtl_guardian_command.py:54: error: Argument 1 to "guardian_run" has incompatible type "Sequence[Any]"; expected "list[str]"  [arg-type]
Test Python 3.11 on macos-latest	Run type checker	2025-06-24T22:48:25.4097430Z src/DHT/modules/dhtl_guardian_command.py:56: error: Argument 1 to "guardian_batch" has incompatible type "Sequence[Any]"; expected "list[str]"  [arg-type]
Test Python 3.11 on macos-latest	Run type checker	2025-06-24T22:48:25.4098270Z src/DHT/modules/dhtl_guardian_command.py:58: error: Argument 1 to "guardian_config" has incompatible type "Sequence[Any]"; expected "list[str]"  [arg-type]
Test Python 3.11 on macos-latest	Run type checker	2025-06-24T22:48:25.4099120Z src/DHT/modules/dhtl_guardian_command.py:60: error: Argument 1 to "guardian_status" has incompatible type "Sequence[Any]"; expected "list[str]"  [arg-type]
Test Python 3.11 on macos-latest	Run type checker	2025-06-24T22:48:25.4156900Z src/DHT/modules/dhtl_commands_standalone.py:54: error: "_normalize_args" does not return a value (it only ever returns None)  [func-returns-value]
Test Python 3.11 on macos-latest	Run type checker	2025-06-24T22:48:25.4158200Z src/DHT/modules/dhtl_commands_standalone.py:103: error: "_normalize_args" does not return a value (it only ever returns None)  [func-returns-value]
Test Python 3.11 on macos-latest	Run type checker	2025-06-24T22:48:25.4159220Z src/DHT/modules/dhtl_commands_standalone.py:152: error: "_normalize_args" does not return a value (it only ever returns None)  [func-returns-value]
Test Python 3.11 on macos-latest	Run type checker	2025-06-24T22:48:25.4160000Z src/DHT/modules/dhtl_commands_standalone.py:182: error: "_normalize_args" does not return a value (it only ever returns None)  [func-returns-value]
Test Python 3.11 on macos-latest	Run type checker	2025-06-24T22:48:25.4391100Z src/DHT/modules/container_test_runner.py:79: error: Statement is unreachable  [unreachable]
Test Python 3.11 on macos-latest	Run type checker	2025-06-24T22:48:25.4392000Z src/DHT/modules/container_test_runner.py:238: error: Unsupported left operand type for + ("object")  [operator]
Test Python 3.11 on macos-latest	Run type checker	2025-06-24T22:48:25.4392760Z src/DHT/modules/container_test_runner.py:249: error: Unsupported target for indexed assignment ("object")  [index]
Test Python 3.11 on macos-latest	Run type checker	2025-06-24T22:48:25.5082190Z src/DHT/modules/dht_flows/restore_flow.py:346: error: Unsupported target for indexed assignment ("State[dict[str, Any]]")  [index]
Test Python 3.11 on macos-latest	Run type checker	2025-06-24T22:48:25.5184210Z src/DHT/modules/dht_flows/restore_flow.py:353: error: Value of type "State[dict[str, Any]]" is not indexable  [index]
Test Python 3.11 on macos-latest	Run type checker	2025-06-24T22:48:25.5286110Z src/DHT/modules/dht_flows/restore_flow.py:364: error: Value of type "State[dict[str, Any]]" is not indexable  [index]
Test Python 3.11 on macos-latest	Run type checker	2025-06-24T22:48:25.5387710Z src/DHT/modules/dht_flows/restore_flow.py:367: error: Value of type "State[dict[str, Any]]" is not indexable  [index]
Test Python 3.11 on macos-latest	Run type checker	2025-06-24T22:48:25.5489260Z src/DHT/modules/dht_flows/restore_flow.py:368: error: Value of type "State[dict[str, Any]]" is not indexable  [index]
Test Python 3.11 on macos-latest	Run type checker	2025-06-24T22:48:25.5590920Z src/DHT/modules/dhtl_guardian_prefect.py:64: error: Item "RunnerDeployment" of "RunnerDeployment | Coroutine[Any, Any, RunnerDeployment]" has no attribute "interval"  [union-attr]
Test Python 3.11 on macos-latest	Run type checker	2025-06-24T22:48:25.5693770Z src/DHT/modules/dhtl_guardian_prefect.py:64: error: Item "Coroutine[Any, Any, RunnerDeployment]" of "RunnerDeployment | Coroutine[Any, Any, RunnerDeployment]" has no attribute "interval"  [union-attr]
Test Python 3.11 on macos-latest	Run type checker	2025-06-24T22:48:25.5800930Z src/DHT/modules/dhtl_guardian_prefect.py:66: error: Item "RunnerDeployment" of "RunnerDeployment | Coroutine[Any, Any, RunnerDeployment]" has no attribute "cron"  [union-attr]
Test Python 3.11 on macos-latest	Run type checker	2025-06-24T22:48:25.5897700Z src/DHT/modules/dhtl_guardian_prefect.py:66: error: Item "Coroutine[Any, Any, RunnerDeployment]" of "RunnerDeployment | Coroutine[Any, Any, RunnerDeployment]" has no attribute "cron"  [union-attr]
Test Python 3.11 on macos-latest	Run type checker	2025-06-24T22:48:25.5898840Z src/DHT/modules/dhtl_guardian_prefect.py:79: error: Argument 1 to "serve" has incompatible type "*list[RunnerDeployment | Coroutine[Any, Any, RunnerDeployment]]"; expected "RunnerDeployment"  [arg-type]
Test Python 3.11 on macos-latest	Run type checker	2025-06-24T22:48:25.5899820Z src/DHT/modules/dhtl_guardian_prefect.py:180: error: Value of type "Coroutine[Any, Any, R?]" must be used  [unused-coroutine]
Test Python 3.11 on macos-latest	Run type checker	2025-06-24T22:48:25.5900420Z src/DHT/modules/dhtl_guardian_prefect.py:180: note: Are you missing an await?
Test Python 3.11 on macos-latest	Run type checker	2025-06-24T22:48:25.5901000Z src/DHT/modules/dhtl_guardian_prefect.py:206: error: Value of type "Any | None" is not indexable  [index]
Test Python 3.11 on macos-latest	Run type checker	2025-06-24T22:48:25.5901810Z src/DHT/modules/dht_flows/test_flow.py:117: error: Argument 1 to "extend" of "list" has incompatible type "Generator[Path, None, None]"; expected "Iterable[str]"  [arg-type]
Test Python 3.11 on macos-latest	Run type checker	2025-06-24T22:48:25.5902670Z src/DHT/modules/dht_flows/test_flow.py:118: error: Argument 1 to "extend" of "list" has incompatible type "Generator[Path, None, None]"; expected "Iterable[str]"  [arg-type]
Test Python 3.11 on macos-latest	Run type checker	2025-06-24T22:48:25.5903460Z src/DHT/modules/dht_flows/test_flow.py:119: error: Argument 1 to "extend" of "list" has incompatible type "list[Path]"; expected "Iterable[str]"  [arg-type]
Test Python 3.11 on macos-latest	Run type checker	2025-06-24T22:48:25.5904240Z src/DHT/modules/dht_flows/test_flow.py:433: error: Need type annotation for "coverage_info" (hint: "coverage_info: dict[<type>, <type>] = ...")  [var-annotated]
Test Python 3.11 on macos-latest	Run type checker	2025-06-24T22:48:25.5905100Z src/DHT/modules/dht_flows/test_flow.py:435: error: Incompatible types in assignment (expression has type "State[dict[str, Any]]", variable has type "dict[Any, Any]")  [assignment]
Test Python 3.11 on macos-latest	Run type checker	2025-06-24T22:48:25.5906460Z src/DHT/modules/dht_flows/test_flow.py:439: error: Value of type "State[dict[str, Any]]" is not indexable  [index]
Test Python 3.11 on macos-latest	Run type checker	2025-06-24T22:48:25.5907080Z src/DHT/modules/dht_flows/test_flow.py:448: error: Value of type "State[dict[str, Any]]" is not indexable  [index]
Test Python 3.11 on macos-latest	Run type checker	2025-06-24T22:48:25.5907670Z src/DHT/modules/dht_flows/test_flow.py:449: error: Value of type "State[dict[str, Any]]" is not indexable  [index]
Test Python 3.11 on macos-latest	Run type checker	2025-06-24T22:48:25.5908260Z src/DHT/modules/dht_flows/test_flow.py:457: error: Value of type "State[dict[str, Any]]" is not indexable  [index]
Test Python 3.11 on macos-latest	Run type checker	2025-06-24T22:48:25.5909070Z src/DHT/modules/command_runner.py:184: error: No overload variant of "__call__" of "FlowDecorator" matches argument types "str", "str", "bool", "Callable[[Any, Any], str]"  [call-overload]
Test Python 3.11 on macos-latest	Run type checker	2025-06-24T22:48:25.5909790Z src/DHT/modules/command_runner.py:184: note: Possible overload variants:
Test Python 3.11 on macos-latest	Run type checker	2025-06-24T22:48:25.5910320Z src/DHT/modules/command_runner.py:184: note:     def [P`51511, R] __call__(self, Callable[P, R], /) -> Flow[P, R]
Test Python 3.11 on macos-latest	Run type checker	2025-06-24T22:48:25.5912560Z src/DHT/modules/command_runner.py:184: note:     def __call__(self, None = ..., /, *, name: str | None = ..., version: str | None = ..., flow_run_name: Callable[[], str] | str | None = ..., retries: int | None = ..., retry_delay_seconds: int | float | None = ..., task_runner: None = ..., description: str | None = ..., timeout_seconds: int | float | None = ..., validate_parameters: bool = ..., persist_result: bool | None = ..., result_storage: WritableFileSystem | str | None = ..., result_serializer: Serializer[Any] | str | None = ..., cache_result_in_memory: bool = ..., log_prints: bool | None = ..., on_completion: list[FlowStateHook[[VarArg(Any), KwArg(Any)], Any]] | None = ..., on_failure: list[FlowStateHook[[VarArg(Any), KwArg(Any)], Any]] | None = ..., on_cancellation: list[FlowStateHook[[VarArg(Any), KwArg(Any)], Any]] | None = ..., on_crashed: list[FlowStateHook[[VarArg(Any), KwArg(Any)], Any]] | None = ..., on_running: list[FlowStateHook[[VarArg(Any), KwArg(Any)], Any]] | None = ...) -> Callable[[Callable[P, R]], Flow[P, R]]
Test Python 3.11 on macos-latest	Run type checker	2025-06-24T22:48:25.5916750Z src/DHT/modules/command_runner.py:184: note:     def [R] __call__(self, None = ..., /, *, name: str | None = ..., version: str | None = ..., flow_run_name: Callable[[], str] | str | None = ..., retries: int | None = ..., retry_delay_seconds: int | float | None = ..., task_runner: TaskRunner[PrefectFuture[R]] | None = ..., description: str | None = ..., timeout_seconds: int | float | None = ..., validate_parameters: bool = ..., persist_result: bool | None = ..., result_storage: WritableFileSystem | str | None = ..., result_serializer: Serializer[Any] | str | None = ..., cache_result_in_memory: bool = ..., log_prints: bool | None = ..., on_completion: list[FlowStateHook[[VarArg(Any), KwArg(Any)], Any]] | None = ..., on_failure: list[FlowStateHook[[VarArg(Any), KwArg(Any)], Any]] | None = ..., on_cancellation: list[FlowStateHook[[VarArg(Any), KwArg(Any)], Any]] | None = ..., on_crashed: list[FlowStateHook[[VarArg(Any), KwArg(Any)], Any]] | None = ..., on_running: list[FlowStateHook[[VarArg(Any), KwArg(Any)], Any]] | None = ...) -> Callable[[Callable[P, R]], Flow[P, R]]
Test Python 3.11 on macos-latest	Run type checker	2025-06-24T22:48:25.6036940Z src/DHT/modules/command_dispatcher.py:265: error: Incompatible default for argument "args" (default has type "None", argument has type "list[str]")  [assignment]
Test Python 3.11 on macos-latest	Run type checker	2025-06-24T22:48:25.6078660Z src/DHT/modules/command_dispatcher.py:265: note: PEP 484 prohibits implicit Optional. Accordingly, mypy has changed its default to no_implicit_optional=True
Test Python 3.11 on macos-latest	Run type checker	2025-06-24T22:48:25.6079650Z src/DHT/modules/command_dispatcher.py:265: note: Use https://github.com/hauntsaninja/no_implicit_optional to automatically upgrade your codebase
Test Python 3.11 on macos-latest	Run type checker	2025-06-24T22:48:25.6080450Z src/DHT/modules/command_dispatcher.py:293: error: Incompatible default for argument "args" (default has type "None", argument has type "list[str]")  [assignment]
Test Python 3.11 on macos-latest	Run type checker	2025-06-24T22:48:25.6081700Z src/DHT/modules/command_dispatcher.py:293: note: PEP 484 prohibits implicit Optional. Accordingly, mypy has changed its default to no_implicit_optional=True
Test Python 3.11 on macos-latest	Run type checker	2025-06-24T22:48:25.6082870Z src/DHT/modules/command_dispatcher.py:293: note: Use https://github.com/hauntsaninja/no_implicit_optional to automatically upgrade your codebase
Test Python 3.11 on macos-latest	Run type checker	2025-06-24T22:48:25.6103850Z src/DHT/launcher.py:31: error: Name "Colors" already defined (possibly by an import)  [no-redef]
Test Python 3.11 on macos-latest	Run type checker	2025-06-24T22:48:25.6104440Z src/DHT/launcher.py:207: error: Name "CommandDispatcher" already defined (possibly by an import)  [no-redef]
Test Python 3.11 on macos-latest	Run type checker	2025-06-24T22:48:25.6117830Z src/DHT/dhtl.py:37: error: Name "DHTLauncher" already defined (possibly by an import)  [no-redef]
Test Python 3.11 on macos-latest	Run type checker	2025-06-24T22:48:25.6199670Z Found 71 errors in 25 files (checked 182 source files)
Test Python 3.11 on macos-latest	Run type checker	2025-06-24T22:48:25.6339120Z ##[error]Process completed with exit code 1.
Test Python 3.12 on macos-latest	Run type checker	ï»¿2025-06-24T22:48:01.2482830Z ##[group]Run uv run mypy src/DHT/
Test Python 3.12 on macos-latest	Run type checker	2025-06-24T22:48:01.2483210Z [36;1muv run mypy src/DHT/[0m
Test Python 3.12 on macos-latest	Run type checker	2025-06-24T22:48:01.2533660Z shell: /bin/bash -e {0}
Test Python 3.12 on macos-latest	Run type checker	2025-06-24T22:48:01.2534000Z env:
Test Python 3.12 on macos-latest	Run type checker	2025-06-24T22:48:01.2534190Z   UV_CACHE_DIR: /Users/runner/work/_temp/setup-uv-cache
Test Python 3.12 on macos-latest	Run type checker	2025-06-24T22:48:01.2534420Z ##[endgroup]
Test Python 3.12 on macos-latest	Run type checker	2025-06-24T22:48:07.9594320Z src/DHT/modules/parsers/bash_parser_tree_sitter.py:33: error: Incompatible types in assignment (expression has type "None", variable has type Module)  [assignment]
Test Python 3.12 on macos-latest	Run type checker	2025-06-24T22:48:07.9595500Z src/DHT/modules/parsers/bash_parser_tree_sitter.py:34: error: Incompatible types in assignment (expression has type "None", variable has type Module)  [assignment]
Test Python 3.12 on macos-latest	Run type checker	2025-06-24T22:48:08.5390660Z src/DHT/setup_tree_sitter.py:141: error: No overload variant of "Language" matches argument types "str", "str"  [call-overload]
Test Python 3.12 on macos-latest	Run type checker	2025-06-24T22:48:08.5391550Z src/DHT/setup_tree_sitter.py:141: note: Possible overload variants:
Test Python 3.12 on macos-latest	Run type checker	2025-06-24T22:48:08.5392020Z src/DHT/setup_tree_sitter.py:141: note:     def __init__(self, int, /) -> Language
Test Python 3.12 on macos-latest	Run type checker	2025-06-24T22:48:08.5392570Z src/DHT/setup_tree_sitter.py:141: note:     def __init__(self, object, /) -> Language
Test Python 3.12 on macos-latest	Run type checker	2025-06-24T22:48:08.5393220Z src/DHT/setup_tree_sitter.py:154: error: "type[Language]" has no attribute "build"  [attr-defined]
Test Python 3.12 on macos-latest	Run type checker	2025-06-24T22:48:08.5393770Z src/DHT/setup_tree_sitter.py:158: error: "type[Language]" has no attribute "build_library"  [attr-defined]
Test Python 3.12 on macos-latest	Run type checker	2025-06-24T22:48:08.5394420Z src/DHT/setup_tree_sitter.py:181: error: No overload variant of "Language" matches argument types "str", "str"  [call-overload]
Test Python 3.12 on macos-latest	Run type checker	2025-06-24T22:48:08.5394910Z src/DHT/setup_tree_sitter.py:181: note: Possible overload variants:
Test Python 3.12 on macos-latest	Run type checker	2025-06-24T22:48:08.5395320Z src/DHT/setup_tree_sitter.py:181: note:     def __init__(self, int, /) -> Language
Test Python 3.12 on macos-latest	Run type checker	2025-06-24T22:48:08.5395850Z src/DHT/setup_tree_sitter.py:181: note:     def __init__(self, object, /) -> Language
Test Python 3.12 on macos-latest	Run type checker	2025-06-24T22:48:08.5396450Z src/DHT/setup_tree_sitter.py:202: error: No overload variant of "Language" matches argument types "str", "str"  [call-overload]
Test Python 3.12 on macos-latest	Run type checker	2025-06-24T22:48:08.5397010Z src/DHT/setup_tree_sitter.py:202: note: Possible overload variants:
Test Python 3.12 on macos-latest	Run type checker	2025-06-24T22:48:08.5397440Z src/DHT/setup_tree_sitter.py:202: note:     def __init__(self, int, /) -> Language
Test Python 3.12 on macos-latest	Run type checker	2025-06-24T22:48:08.5397830Z src/DHT/setup_tree_sitter.py:202: note:     def __init__(self, object, /) -> Language
Test Python 3.12 on macos-latest	Run type checker	2025-06-24T22:48:08.5398340Z src/DHT/setup_tree_sitter.py:205: error: "Parser" has no attribute "set_language"; maybe "language"?  [attr-defined]
Test Python 3.12 on macos-latest	Run type checker	2025-06-24T22:48:09.0128510Z src/DHT/modules/uv_manager_improvements.py:24: error: Name "UVNotFoundError" already defined (possibly by an import)  [no-redef]
Test Python 3.12 on macos-latest	Run type checker	2025-06-24T22:48:09.0184640Z src/DHT/modules/project_file_generators.py:327: error: Value of type "Collection[str]" is not indexable  [index]
Test Python 3.12 on macos-latest	Run type checker	2025-06-24T22:48:09.0185280Z src/DHT/modules/project_file_generators.py:330: error: Value of type "Collection[str]" is not indexable  [index]
Test Python 3.12 on macos-latest	Run type checker	2025-06-24T22:48:09.0185930Z src/DHT/modules/project_file_generators.py:339: error: Value of type "Collection[str]" is not indexable  [index]
Test Python 3.12 on macos-latest	Run type checker	2025-06-24T22:48:09.1102900Z src/DHT/modules/act_workflow_manager.py:100: error: Unsupported target for indexed assignment ("object")  [index]
Test Python 3.12 on macos-latest	Run type checker	2025-06-24T22:48:09.1103590Z src/DHT/modules/act_workflow_manager.py:102: error: Unsupported target for indexed assignment ("object")  [index]
Test Python 3.12 on macos-latest	Run type checker	2025-06-24T22:48:09.1104280Z src/DHT/modules/act_workflow_manager.py:107: error: Unsupported operand types for + ("object" and "int")  [operator]
Test Python 3.12 on macos-latest	Run type checker	2025-06-24T22:48:22.5279230Z src/DHT/modules/reproduction_flow_utils.py:45: error: Incompatible types in assignment (expression has type "Logger | LoggerAdapter[Logger]", variable has type "None")  [assignment]
Test Python 3.12 on macos-latest	Run type checker	2025-06-24T22:48:22.5859550Z src/DHT/modules/project_capture_utils.py:49: error: Incompatible types in assignment (expression has type "Logger | LoggerAdapter[Logger]", variable has type "None")  [assignment]
Test Python 3.12 on macos-latest	Run type checker	2025-06-24T22:48:22.6613060Z src/DHT/modules/guardian_prefect.py:361: error: Argument 1 to "float" has incompatible type "Any | None"; expected "str | Buffer | SupportsFloat | SupportsIndex"  [arg-type]
Test Python 3.12 on macos-latest	Run type checker	2025-06-24T22:48:22.6640750Z src/DHT/modules/guardian_prefect.py:576: error: Argument 1 to "__call__" of "Flow" has incompatible type "list[Collection[str]]"; expected "list[str | dict[str, Any]]"  [arg-type]
Test Python 3.12 on macos-latest	Run type checker	2025-06-24T22:48:22.6691200Z src/DHT/modules/environment_verification_utils.py:52: error: Incompatible types in assignment (expression has type "Logger | LoggerAdapter[Logger]", variable has type "Logger | None")  [assignment]
Test Python 3.12 on macos-latest	Run type checker	2025-06-24T22:48:22.7013240Z src/DHT/modules/environment_reproducer.py:98: error: Incompatible types in assignment (expression has type "Logger | LoggerAdapter[Logger]", variable has type "Logger | None")  [assignment]
Test Python 3.12 on macos-latest	Run type checker	2025-06-24T22:48:22.7014580Z src/DHT/modules/environment_reproducer.py:101: error: Incompatible return value type (got "Logger | None", expected "Logger")  [return-value]
Test Python 3.12 on macos-latest	Run type checker	2025-06-24T22:48:22.7181890Z src/DHT/modules/environment_configurator.py:81: error: Incompatible types in assignment (expression has type "Logger | LoggerAdapter[Logger]", variable has type "None")  [assignment]
Test Python 3.12 on macos-latest	Run type checker	2025-06-24T22:48:22.7282250Z src/DHT/modules/environment_configurator.py:281: error: "State[dict[str, Any]]" has no attribute "get"  [attr-defined]
Test Python 3.12 on macos-latest	Run type checker	2025-06-24T22:48:22.7384590Z src/DHT/modules/environment_configurator.py:292: error: "None" has no attribute "project_type"  [attr-defined]
Test Python 3.12 on macos-latest	Run type checker	2025-06-24T22:48:22.7472410Z src/DHT/modules/environment_configurator.py:301: error: "None" has no attribute "quality_tools"  [attr-defined]
Test Python 3.12 on macos-latest	Run type checker	2025-06-24T22:48:22.7478530Z src/DHT/modules/environment_capture_utils.py:51: error: Incompatible types in assignment (expression has type "Logger | LoggerAdapter[Logger]", variable has type "Logger | None")  [assignment]
Test Python 3.12 on macos-latest	Run type checker	2025-06-24T22:48:22.7580130Z src/DHT/modules/environment_capture_utils.py:56: error: Incompatible return value type (got "Logger | None", expected "Logger")  [return-value]
Test Python 3.12 on macos-latest	Run type checker	2025-06-24T22:48:22.7681740Z src/DHT/modules/environment_analyzer.py:197: error: Need type annotation for "requirements"  [var-annotated]
Test Python 3.12 on macos-latest	Run type checker	2025-06-24T22:48:22.7684030Z src/DHT/modules/environment_analyzer.py:236: error: Incompatible types in assignment (expression has type "str", target has type "list[Any] | None")  [assignment]
Test Python 3.12 on macos-latest	Run type checker	2025-06-24T22:48:22.7689940Z src/DHT/modules/dockerfile_generator.py:175: error: Argument 1 to "_get_system_deps" of "DockerfileGenerator" has incompatible type "object"; expected "list[str]"  [arg-type]
Test Python 3.12 on macos-latest	Run type checker	2025-06-24T22:48:22.7707590Z src/DHT/modules/dockerfile_generator.py:179: error: Argument 2 to "_detect_ports" of "DockerfileGenerator" has incompatible type "object"; expected "str | None"  [arg-type]
Test Python 3.12 on macos-latest	Run type checker	2025-06-24T22:48:22.8447290Z src/DHT/modules/parsers/base_parser.py:78: error: No overload variant of "Language" matches argument types "str", "str"  [call-overload]
Test Python 3.12 on macos-latest	Run type checker	2025-06-24T22:48:22.8449530Z src/DHT/modules/parsers/base_parser.py:78: note: Possible overload variants:
Test Python 3.12 on macos-latest	Run type checker	2025-06-24T22:48:22.8451020Z src/DHT/modules/parsers/base_parser.py:78: note:     def __init__(self, int, /) -> Language
Test Python 3.12 on macos-latest	Run type checker	2025-06-24T22:48:22.8452650Z src/DHT/modules/parsers/base_parser.py:78: note:     def __init__(self, object, /) -> Language
Test Python 3.12 on macos-latest	Run type checker	2025-06-24T22:48:22.9566590Z src/DHT/modules/dhtl_guardian_command.py:54: error: Argument 1 to "guardian_run" has incompatible type "Sequence[Any]"; expected "list[str]"  [arg-type]
Test Python 3.12 on macos-latest	Run type checker	2025-06-24T22:48:22.9570040Z src/DHT/modules/dhtl_guardian_command.py:56: error: Argument 1 to "guardian_batch" has incompatible type "Sequence[Any]"; expected "list[str]"  [arg-type]
Test Python 3.12 on macos-latest	Run type checker	2025-06-24T22:48:22.9571050Z src/DHT/modules/dhtl_guardian_command.py:58: error: Argument 1 to "guardian_config" has incompatible type "Sequence[Any]"; expected "list[str]"  [arg-type]
Test Python 3.12 on macos-latest	Run type checker	2025-06-24T22:48:22.9571960Z src/DHT/modules/dhtl_guardian_command.py:60: error: Argument 1 to "guardian_status" has incompatible type "Sequence[Any]"; expected "list[str]"  [arg-type]
Test Python 3.12 on macos-latest	Run type checker	2025-06-24T22:48:22.9640560Z src/DHT/modules/dhtl_commands_standalone.py:54: error: "_normalize_args" does not return a value (it only ever returns None)  [func-returns-value]
Test Python 3.12 on macos-latest	Run type checker	2025-06-24T22:48:22.9644430Z src/DHT/modules/dhtl_commands_standalone.py:103: error: "_normalize_args" does not return a value (it only ever returns None)  [func-returns-value]
Test Python 3.12 on macos-latest	Run type checker	2025-06-24T22:48:22.9650210Z src/DHT/modules/dhtl_commands_standalone.py:152: error: "_normalize_args" does not return a value (it only ever returns None)  [func-returns-value]
Test Python 3.12 on macos-latest	Run type checker	2025-06-24T22:48:22.9651930Z src/DHT/modules/dhtl_commands_standalone.py:182: error: "_normalize_args" does not return a value (it only ever returns None)  [func-returns-value]
Test Python 3.12 on macos-latest	Run type checker	2025-06-24T22:48:22.9970400Z src/DHT/modules/container_test_runner.py:79: error: Statement is unreachable  [unreachable]
Test Python 3.12 on macos-latest	Run type checker	2025-06-24T22:48:22.9971280Z src/DHT/modules/container_test_runner.py:238: error: Unsupported left operand type for + ("object")  [operator]
Test Python 3.12 on macos-latest	Run type checker	2025-06-24T22:48:22.9972140Z src/DHT/modules/container_test_runner.py:249: error: Unsupported target for indexed assignment ("object")  [index]
Test Python 3.12 on macos-latest	Run type checker	2025-06-24T22:48:23.0899580Z src/DHT/modules/dht_flows/restore_flow.py:346: error: Unsupported target for indexed assignment ("State[dict[str, Any]]")  [index]
Test Python 3.12 on macos-latest	Run type checker	2025-06-24T22:48:23.1001130Z src/DHT/modules/dht_flows/restore_flow.py:353: error: Value of type "State[dict[str, Any]]" is not indexable  [index]
Test Python 3.12 on macos-latest	Run type checker	2025-06-24T22:48:23.1101690Z src/DHT/modules/dht_flows/restore_flow.py:364: error: Value of type "State[dict[str, Any]]" is not indexable  [index]
Test Python 3.12 on macos-latest	Run type checker	2025-06-24T22:48:23.1202900Z src/DHT/modules/dht_flows/restore_flow.py:367: error: Value of type "State[dict[str, Any]]" is not indexable  [index]
Test Python 3.12 on macos-latest	Run type checker	2025-06-24T22:48:23.1244960Z src/DHT/modules/dht_flows/restore_flow.py:368: error: Value of type "State[dict[str, Any]]" is not indexable  [index]
Test Python 3.12 on macos-latest	Run type checker	2025-06-24T22:48:23.1246210Z src/DHT/modules/dhtl_guardian_prefect.py:64: error: Item "RunnerDeployment" of "RunnerDeployment | Coroutine[Any, Any, RunnerDeployment]" has no attribute "interval"  [union-attr]
Test Python 3.12 on macos-latest	Run type checker	2025-06-24T22:48:23.1248260Z src/DHT/modules/dhtl_guardian_prefect.py:64: error: Item "Coroutine[Any, Any, RunnerDeployment]" of "RunnerDeployment | Coroutine[Any, Any, RunnerDeployment]" has no attribute "interval"  [union-attr]
Test Python 3.12 on macos-latest	Run type checker	2025-06-24T22:48:23.1249400Z src/DHT/modules/dhtl_guardian_prefect.py:66: error: Item "RunnerDeployment" of "RunnerDeployment | Coroutine[Any, Any, RunnerDeployment]" has no attribute "cron"  [union-attr]
Test Python 3.12 on macos-latest	Run type checker	2025-06-24T22:48:23.1250490Z src/DHT/modules/dhtl_guardian_prefect.py:66: error: Item "Coroutine[Any, Any, RunnerDeployment]" of "RunnerDeployment | Coroutine[Any, Any, RunnerDeployment]" has no attribute "cron"  [union-attr]
Test Python 3.12 on macos-latest	Run type checker	2025-06-24T22:48:23.1251770Z src/DHT/modules/dhtl_guardian_prefect.py:79: error: Argument 1 to "serve" has incompatible type "*list[RunnerDeployment | Coroutine[Any, Any, RunnerDeployment]]"; expected "RunnerDeployment"  [arg-type]
Test Python 3.12 on macos-latest	Run type checker	2025-06-24T22:48:23.1253200Z src/DHT/modules/dhtl_guardian_prefect.py:180: error: Value of type "Coroutine[Any, Any, R?]" must be used  [unused-coroutine]
Test Python 3.12 on macos-latest	Run type checker	2025-06-24T22:48:23.1253870Z src/DHT/modules/dhtl_guardian_prefect.py:180: note: Are you missing an await?
Test Python 3.12 on macos-latest	Run type checker	2025-06-24T22:48:23.1254560Z src/DHT/modules/dhtl_guardian_prefect.py:206: error: Value of type "Any | None" is not indexable  [index]
Test Python 3.12 on macos-latest	Run type checker	2025-06-24T22:48:23.1437960Z src/DHT/modules/dht_flows/test_flow.py:117: error: Argument 1 to "extend" of "list" has incompatible type "Generator[Path, None, None]"; expected "Iterable[str]"  [arg-type]
Test Python 3.12 on macos-latest	Run type checker	2025-06-24T22:48:23.1441080Z src/DHT/modules/dht_flows/test_flow.py:118: error: Argument 1 to "extend" of "list" has incompatible type "Generator[Path, None, None]"; expected "Iterable[str]"  [arg-type]
Test Python 3.12 on macos-latest	Run type checker	2025-06-24T22:48:23.1444350Z src/DHT/modules/dht_flows/test_flow.py:119: error: Argument 1 to "extend" of "list" has incompatible type "list[Path]"; expected "Iterable[str]"  [arg-type]
Test Python 3.12 on macos-latest	Run type checker	2025-06-24T22:48:23.1445380Z src/DHT/modules/dht_flows/test_flow.py:433: error: Need type annotation for "coverage_info" (hint: "coverage_info: dict[<type>, <type>] = ...")  [var-annotated]
Test Python 3.12 on macos-latest	Run type checker	2025-06-24T22:48:23.1446400Z src/DHT/modules/dht_flows/test_flow.py:435: error: Incompatible types in assignment (expression has type "State[dict[str, Any]]", variable has type "dict[Any, Any]")  [assignment]
Test Python 3.12 on macos-latest	Run type checker	2025-06-24T22:48:23.1448020Z src/DHT/modules/dht_flows/test_flow.py:439: error: Value of type "State[dict[str, Any]]" is not indexable  [index]
Test Python 3.12 on macos-latest	Run type checker	2025-06-24T22:48:23.1448890Z src/DHT/modules/dht_flows/test_flow.py:448: error: Value of type "State[dict[str, Any]]" is not indexable  [index]
Test Python 3.12 on macos-latest	Run type checker	2025-06-24T22:48:23.1449580Z src/DHT/modules/dht_flows/test_flow.py:449: error: Value of type "State[dict[str, Any]]" is not indexable  [index]
Test Python 3.12 on macos-latest	Run type checker	2025-06-24T22:48:23.1450420Z src/DHT/modules/dht_flows/test_flow.py:457: error: Value of type "State[dict[str, Any]]" is not indexable  [index]
Test Python 3.12 on macos-latest	Run type checker	2025-06-24T22:48:23.1547600Z src/DHT/modules/command_runner.py:184: error: No overload variant of "__call__" of "FlowDecorator" matches argument types "str", "str", "bool", "Callable[[Any, Any], str]"  [call-overload]
Test Python 3.12 on macos-latest	Run type checker	2025-06-24T22:48:23.1548550Z src/DHT/modules/command_runner.py:184: note: Possible overload variants:
Test Python 3.12 on macos-latest	Run type checker	2025-06-24T22:48:23.1549370Z src/DHT/modules/command_runner.py:184: note:     def [P`51511, R] __call__(self, Callable[P, R], /) -> Flow[P, R]
Test Python 3.12 on macos-latest	Run type checker	2025-06-24T22:48:23.1551760Z src/DHT/modules/command_runner.py:184: note:     def __call__(self, None = ..., /, *, name: str | None = ..., version: str | None = ..., flow_run_name: Callable[[], str] | str | None = ..., retries: int | None = ..., retry_delay_seconds: int | float | None = ..., task_runner: None = ..., description: str | None = ..., timeout_seconds: int | float | None = ..., validate_parameters: bool = ..., persist_result: bool | None = ..., result_storage: WritableFileSystem | str | None = ..., result_serializer: Serializer[Any] | str | None = ..., cache_result_in_memory: bool = ..., log_prints: bool | None = ..., on_completion: list[FlowStateHook[[VarArg(Any), KwArg(Any)], Any]] | None = ..., on_failure: list[FlowStateHook[[VarArg(Any), KwArg(Any)], Any]] | None = ..., on_cancellation: list[FlowStateHook[[VarArg(Any), KwArg(Any)], Any]] | None = ..., on_crashed: list[FlowStateHook[[VarArg(Any), KwArg(Any)], Any]] | None = ..., on_running: list[FlowStateHook[[VarArg(Any), KwArg(Any)], Any]] | None = ...) -> Callable[[Callable[P, R]], Flow[P, R]]
Test Python 3.12 on macos-latest	Run type checker	2025-06-24T22:48:23.1556490Z src/DHT/modules/command_runner.py:184: note:     def [R] __call__(self, None = ..., /, *, name: str | None = ..., version: str | None = ..., flow_run_name: Callable[[], str] | str | None = ..., retries: int | None = ..., retry_delay_seconds: int | float | None = ..., task_runner: TaskRunner[PrefectFuture[R]] | None = ..., description: str | None = ..., timeout_seconds: int | float | None = ..., validate_parameters: bool = ..., persist_result: bool | None = ..., result_storage: WritableFileSystem | str | None = ..., result_serializer: Serializer[Any] | str | None = ..., cache_result_in_memory: bool = ..., log_prints: bool | None = ..., on_completion: list[FlowStateHook[[VarArg(Any), KwArg(Any)], Any]] | None = ..., on_failure: list[FlowStateHook[[VarArg(Any), KwArg(Any)], Any]] | None = ..., on_cancellation: list[FlowStateHook[[VarArg(Any), KwArg(Any)], Any]] | None = ..., on_crashed: list[FlowStateHook[[VarArg(Any), KwArg(Any)], Any]] | None = ..., on_running: list[FlowStateHook[[VarArg(Any), KwArg(Any)], Any]] | None = ...) -> Callable[[Callable[P, R]], Flow[P, R]]
Test Python 3.12 on macos-latest	Run type checker	2025-06-24T22:48:23.1748920Z src/DHT/modules/command_dispatcher.py:265: error: Incompatible default for argument "args" (default has type "None", argument has type "list[str]")  [assignment]
Test Python 3.12 on macos-latest	Run type checker	2025-06-24T22:48:23.1750140Z src/DHT/modules/command_dispatcher.py:265: note: PEP 484 prohibits implicit Optional. Accordingly, mypy has changed its default to no_implicit_optional=True
Test Python 3.12 on macos-latest	Run type checker	2025-06-24T22:48:23.1751500Z src/DHT/modules/command_dispatcher.py:265: note: Use https://github.com/hauntsaninja/no_implicit_optional to automatically upgrade your codebase
Test Python 3.12 on macos-latest	Run type checker	2025-06-24T22:48:23.1752450Z src/DHT/modules/command_dispatcher.py:293: error: Incompatible default for argument "args" (default has type "None", argument has type "list[str]")  [assignment]
Test Python 3.12 on macos-latest	Run type checker	2025-06-24T22:48:23.1753930Z src/DHT/modules/command_dispatcher.py:293: note: PEP 484 prohibits implicit Optional. Accordingly, mypy has changed its default to no_implicit_optional=True
Test Python 3.12 on macos-latest	Run type checker	2025-06-24T22:48:23.1755210Z src/DHT/modules/command_dispatcher.py:293: note: Use https://github.com/hauntsaninja/no_implicit_optional to automatically upgrade your codebase
Test Python 3.12 on macos-latest	Run type checker	2025-06-24T22:48:23.1827620Z src/DHT/launcher.py:31: error: Name "Colors" already defined (possibly by an import)  [no-redef]
Test Python 3.12 on macos-latest	Run type checker	2025-06-24T22:48:23.1834770Z src/DHT/launcher.py:207: error: Name "CommandDispatcher" already defined (possibly by an import)  [no-redef]
Test Python 3.12 on macos-latest	Run type checker	2025-06-24T22:48:23.1842980Z src/DHT/dhtl.py:37: error: Name "DHTLauncher" already defined (possibly by an import)  [no-redef]
Test Python 3.12 on macos-latest	Run type checker	2025-06-24T22:48:23.2056360Z Found 71 errors in 25 files (checked 182 source files)
Test Python 3.12 on macos-latest	Run type checker	2025-06-24T22:48:23.2355260Z ##[error]Process completed with exit code 1.
Combine coverage	Combine coverage	ï»¿2025-06-24T22:49:02.4526541Z ##[group]Run uv run coverage combine coverage-reports/*/.coverage
Combine coverage	Combine coverage	2025-06-24T22:49:02.4527328Z [36;1muv run coverage combine coverage-reports/*/.coverage[0m
Combine coverage	Combine coverage	2025-06-24T22:49:02.4527870Z [36;1muv run coverage report[0m
Combine coverage	Combine coverage	2025-06-24T22:49:02.4528269Z [36;1muv run coverage html[0m
Combine coverage	Combine coverage	2025-06-24T22:49:02.4582073Z shell: /usr/bin/bash -e {0}
Combine coverage	Combine coverage	2025-06-24T22:49:02.4582490Z env:
Combine coverage	Combine coverage	2025-06-24T22:49:02.4582712Z   UV_CACHE_DIR: /home/runner/work/_temp/setup-uv-cache
Combine coverage	Combine coverage	2025-06-24T22:49:02.4582999Z ##[endgroup]
Combine coverage	Combine coverage	2025-06-24T22:49:02.4948090Z    Building dht-toolkit @ file:///home/runner/work/dht/dht
Combine coverage	Combine coverage	2025-06-24T22:49:02.5181471Z Downloading asyncpg (2.8MiB)
Combine coverage	Combine coverage	2025-06-24T22:49:02.5193436Z Downloading sqlalchemy (3.0MiB)
Combine coverage	Combine coverage	2025-06-24T22:49:02.5206058Z Downloading tree-sitter-language-pack (16.6MiB)
Combine coverage	Combine coverage	2025-06-24T22:49:02.5211664Z Downloading uv (17.0MiB)
Combine coverage	Combine coverage	2025-06-24T22:49:02.5220923Z Downloading pygments (1.2MiB)
Combine coverage	Combine coverage	2025-06-24T22:49:02.5223178Z Downloading pydantic-core (1.9MiB)
Combine coverage	Combine coverage	2025-06-24T22:49:02.5225515Z Downloading cryptography (4.2MiB)
Combine coverage	Combine coverage	2025-06-24T22:49:02.5290905Z Downloading apprise (1.3MiB)
Combine coverage	Combine coverage	2025-06-24T22:49:02.5293713Z Downloading prefect (5.7MiB)
Combine coverage	Combine coverage	2025-06-24T22:49:02.9970199Z  Downloading pydantic-core
Combine coverage	Combine coverage	2025-06-24T22:49:03.1554257Z  Downloading asyncpg
Combine coverage	Combine coverage	2025-06-24T22:49:03.2181518Z  Downloading apprise
Combine coverage	Combine coverage	2025-06-24T22:49:03.3594825Z  Downloading cryptography
Combine coverage	Combine coverage	2025-06-24T22:49:03.3979067Z  Downloading sqlalchemy
Combine coverage	Combine coverage	2025-06-24T22:49:03.4026838Z  Downloading uv
Combine coverage	Combine coverage	2025-06-24T22:49:03.4332954Z  Downloading pygments
Combine coverage	Combine coverage	2025-06-24T22:49:03.5128929Z  Downloading tree-sitter-language-pack
Combine coverage	Combine coverage	2025-06-24T22:49:03.5916205Z       Built dht-toolkit @ file:///home/runner/work/dht/dht
Combine coverage	Combine coverage	2025-06-24T22:49:03.6000403Z  Downloading prefect
Combine coverage	Combine coverage	2025-06-24T22:49:03.6798071Z Installed 126 packages in 79ms
Combine coverage	Combine coverage	2025-06-24T22:49:03.8684598Z Couldn't combine from non-existent path 'coverage-reports/*/.coverage'
Combine coverage	Combine coverage	2025-06-24T22:49:03.8848781Z ##[error]Process completed with exit code 1.
