Code quality checks	Run mypy type checker	ï»¿2025-06-24T22:47:59.9727672Z ##[group]Run echo "Running mypy type checker..."
Code quality checks	Run mypy type checker	2025-06-24T22:47:59.9728056Z [36;1mecho "Running mypy type checker..."[0m
Code quality checks	Run mypy type checker	2025-06-24T22:47:59.9728440Z [36;1muv run pre-commit run mypy --all-files --show-diff-on-failure[0m
Code quality checks	Run mypy type checker	2025-06-24T22:47:59.9779997Z shell: /usr/bin/bash -e {0}
Code quality checks	Run mypy type checker	2025-06-24T22:47:59.9782996Z env:
Code quality checks	Run mypy type checker	2025-06-24T22:47:59.9783240Z   UV_CACHE_DIR: /home/runner/work/_temp/setup-uv-cache
Code quality checks	Run mypy type checker	2025-06-24T22:47:59.9783556Z ##[endgroup]
Code quality checks	Run mypy type checker	2025-06-24T22:47:59.9851585Z Running mypy type checker...
Code quality checks	Run mypy type checker	2025-06-24T22:48:00.1244258Z [INFO] Installing environment for https://github.com/pre-commit/mirrors-mypy.
Code quality checks	Run mypy type checker	2025-06-24T22:48:00.1245106Z [INFO] Once installed this environment will be reused.
Code quality checks	Run mypy type checker	2025-06-24T22:48:00.1245632Z [INFO] This may take a few minutes...
Code quality checks	Run mypy type checker	2025-06-24T22:48:08.8290829Z mypy.....................................................................Failed
Code quality checks	Run mypy type checker	2025-06-24T22:48:08.8292056Z - hook id: mypy
Code quality checks	Run mypy type checker	2025-06-24T22:48:08.8292803Z - exit code: 1
Code quality checks	Run mypy type checker	2025-06-24T22:48:08.8293292Z
Code quality checks	Run mypy type checker	2025-06-24T22:48:08.8294460Z examples/workspace-demo/packages/experimental/experimental/benchmark.py:28: error: Call to untyped function (unknown) in typed context  [no-untyped-call]
Code quality checks	Run mypy type checker	2025-06-24T22:48:08.8298939Z src/DHT/modules/uv_manager_improvements.py:22: error: Unused "type: ignore[assignment, misc]" comment  [unused-ignore]
Code quality checks	Run mypy type checker	2025-06-24T22:48:08.8300227Z src/DHT/modules/uv_manager_improvements.py:24: error: Name "UVNotFoundError" already defined (possibly by an import)  [no-redef]
Code quality checks	Run mypy type checker	2025-06-24T22:48:08.8301828Z src/DHT/modules/uv_manager_improvements.py:28: error: Class cannot subclass "UVManager" (has type "Any")  [misc]
Code quality checks	Run mypy type checker	2025-06-24T22:48:08.8302933Z src/DHT/modules/project_file_generators.py:327: error: Value of type "Collection[str]" is not indexable  [index]
Code quality checks	Run mypy type checker	2025-06-24T22:48:08.8303970Z src/DHT/modules/project_file_generators.py:330: error: Value of type "Collection[str]" is not indexable  [index]
Code quality checks	Run mypy type checker	2025-06-24T22:48:08.8305165Z src/DHT/modules/project_file_generators.py:339: error: Value of type "Collection[str]" is not indexable  [index]
Code quality checks	Run mypy type checker	2025-06-24T22:48:08.8305924Z src/DHT/modules/environment_analyzer.py:197: error: Need type annotation for "requirements"  [var-annotated]
Code quality checks	Run mypy type checker	2025-06-24T22:48:08.8306758Z src/DHT/modules/environment_analyzer.py:236: error: Incompatible types in assignment (expression has type "str", target has type "list[Any] | None")  [assignment]
Code quality checks	Run mypy type checker	2025-06-24T22:48:08.8308753Z src/DHT/modules/dockerfile_generator.py:175: error: Argument 1 to "_get_system_deps" of "DockerfileGenerator" has incompatible type "object"; expected "list[str]"  [arg-type]
Code quality checks	Run mypy type checker	2025-06-24T22:48:08.8310735Z src/DHT/modules/dockerfile_generator.py:179: error: Argument 2 to "_detect_ports" of "DockerfileGenerator" has incompatible type "object"; expected "str | None"  [arg-type]
Code quality checks	Run mypy type checker	2025-06-24T22:48:08.8312777Z src/DHT/modules/dockerfile_generator.py:470: error: Untyped decorator makes function "generate_dockerfile" untyped  [misc]
Code quality checks	Run mypy type checker	2025-06-24T22:48:08.8314127Z src/DHT/modules/dhtl_commands_init.py:136: error: Returning Any from function declared to return "dict[str, Any]"  [no-any-return]
Code quality checks	Run mypy type checker	2025-06-24T22:48:08.8315603Z src/DHT/modules/dhtconfig_models.py:93: error: Returning Any from function declared to return "dict[str, Any] | None"  [no-any-return]
Code quality checks	Run mypy type checker	2025-06-24T22:48:08.8317081Z src/DHT/modules/dhtconfig_io_utils.py:59: error: Returning Any from function declared to return "Path"  [no-any-return]
Code quality checks	Run mypy type checker	2025-06-24T22:48:08.8318359Z src/DHT/modules/dhtconfig_io_utils.py:87: error: Returning Any from function declared to return "dict[str, Any]"  [no-any-return]
Code quality checks	Run mypy type checker	2025-06-24T22:48:08.8319692Z src/DHT/modules/dhtconfig_io_utils.py:93: error: Returning Any from function declared to return "dict[str, Any]"  [no-any-return]
Code quality checks	Run mypy type checker	2025-06-24T22:48:08.8320845Z src/DHT/modules/container_test_runner.py:79: error: Statement is unreachable  [unreachable]
Code quality checks	Run mypy type checker	2025-06-24T22:48:08.8321682Z src/DHT/modules/container_test_runner.py:238: error: Unsupported left operand type for + ("object")  [operator]
Code quality checks	Run mypy type checker	2025-06-24T22:48:08.8322391Z src/DHT/modules/container_test_runner.py:249: error: Unsupported target for indexed assignment ("object")  [index]
Code quality checks	Run mypy type checker	2025-06-24T22:48:08.8323543Z src/DHT/modules/act_workflow_manager.py:100: error: Unsupported target for indexed assignment ("object")  [index]
Code quality checks	Run mypy type checker	2025-06-24T22:48:08.8324780Z src/DHT/modules/act_workflow_manager.py:102: error: Unsupported target for indexed assignment ("object")  [index]
Code quality checks	Run mypy type checker	2025-06-24T22:48:08.8326009Z src/DHT/modules/act_workflow_manager.py:107: error: Unsupported operand types for + ("object" and "int")  [operator]
Code quality checks	Run mypy type checker	2025-06-24T22:48:08.8327484Z src/DHT/modules/dhtl_test.py:32: error: Function is missing a type annotation for one or more arguments  [no-untyped-def]
Code quality checks	Run mypy type checker	2025-06-24T22:48:08.8328738Z src/DHT/modules/dhtl_test.py:120: error: Function is missing a type annotation for one or more arguments  [no-untyped-def]
Code quality checks	Run mypy type checker	2025-06-24T22:48:08.8329864Z src/DHT/modules/dhtl_guardian_command.py:41: error: Function is missing a type annotation for one or more arguments  [no-untyped-def]
Code quality checks	Run mypy type checker	2025-06-24T22:48:08.8330689Z src/DHT/modules/dhtl_guardian_command.py:54: error: Argument 1 to "guardian_run" has incompatible type "Sequence[Any]"; expected "list[str]"  [arg-type]
Code quality checks	Run mypy type checker	2025-06-24T22:48:08.8331748Z src/DHT/modules/dhtl_guardian_command.py:56: error: Argument 1 to "guardian_batch" has incompatible type "Sequence[Any]"; expected "list[str]"  [arg-type]
Code quality checks	Run mypy type checker	2025-06-24T22:48:08.8332645Z src/DHT/modules/dhtl_guardian_command.py:58: error: Argument 1 to "guardian_config" has incompatible type "Sequence[Any]"; expected "list[str]"  [arg-type]
Code quality checks	Run mypy type checker	2025-06-24T22:48:08.8333720Z src/DHT/modules/dhtl_guardian_command.py:60: error: Argument 1 to "guardian_status" has incompatible type "Sequence[Any]"; expected "list[str]"  [arg-type]
Code quality checks	Run mypy type checker	2025-06-24T22:48:08.8334559Z src/DHT/modules/dhtl_guardian_command.py:349: error: Function is missing a type annotation for one or more arguments  [no-untyped-def]
Code quality checks	Run mypy type checker	2025-06-24T22:48:08.8335359Z src/DHT/modules/dhtl_commands_standalone.py:32: error: Function is missing a type annotation for one or more arguments  [no-untyped-def]
Code quality checks	Run mypy type checker	2025-06-24T22:48:08.8336162Z src/DHT/modules/dhtl_commands_standalone.py:50: error: Function is missing a type annotation for one or more arguments  [no-untyped-def]
Code quality checks	Run mypy type checker	2025-06-24T22:48:08.8336991Z src/DHT/modules/dhtl_commands_standalone.py:54: error: "_normalize_args" does not return a value (it only ever returns None)  [func-returns-value]
Code quality checks	Run mypy type checker	2025-06-24T22:48:08.8337821Z src/DHT/modules/dhtl_commands_standalone.py:99: error: Function is missing a type annotation for one or more arguments  [no-untyped-def]
Code quality checks	Run mypy type checker	2025-06-24T22:48:08.8338659Z src/DHT/modules/dhtl_commands_standalone.py:103: error: "_normalize_args" does not return a value (it only ever returns None)  [func-returns-value]
Code quality checks	Run mypy type checker	2025-06-24T22:48:08.8339490Z src/DHT/modules/dhtl_commands_standalone.py:148: error: Function is missing a type annotation for one or more arguments  [no-untyped-def]
Code quality checks	Run mypy type checker	2025-06-24T22:48:08.8340321Z src/DHT/modules/dhtl_commands_standalone.py:152: error: "_normalize_args" does not return a value (it only ever returns None)  [func-returns-value]
Code quality checks	Run mypy type checker	2025-06-24T22:48:08.8341180Z src/DHT/modules/dhtl_commands_standalone.py:178: error: Function is missing a type annotation for one or more arguments  [no-untyped-def]
Code quality checks	Run mypy type checker	2025-06-24T22:48:08.8342529Z src/DHT/modules/dhtl_commands_standalone.py:182: error: "_normalize_args" does not return a value (it only ever returns None)  [func-returns-value]
Code quality checks	Run mypy type checker	2025-06-24T22:48:08.8344053Z src/DHT/modules/dhtl_commands_standalone.py:227: error: Function is missing a type annotation for one or more arguments  [no-untyped-def]
Code quality checks	Run mypy type checker	2025-06-24T22:48:08.8345439Z src/DHT/modules/dhtl_commands_7.py:30: error: Function is missing a type annotation for one or more arguments  [no-untyped-def]
Code quality checks	Run mypy type checker	2025-06-24T22:48:08.8346802Z src/DHT/modules/dhtl_commands_7.py:134: error: Function is missing a type annotation for one or more arguments  [no-untyped-def]
Code quality checks	Run mypy type checker	2025-06-24T22:48:08.8347992Z src/DHT/modules/dhtl_commands_5.py:30: error: Function is missing a type annotation for one or more arguments  [no-untyped-def]
Code quality checks	Run mypy type checker	2025-06-24T22:48:08.8348744Z src/DHT/modules/dhtl_commands_5.py:89: error: Function is missing a type annotation for one or more arguments  [no-untyped-def]
Code quality checks	Run mypy type checker	2025-06-24T22:48:08.8349618Z src/DHT/modules/dhtl_commands_2.py:30: error: Function is missing a type annotation for one or more arguments  [no-untyped-def]
Code quality checks	Run mypy type checker	2025-06-24T22:48:08.8350356Z src/DHT/modules/dhtl_commands_2.py:86: error: Function is missing a type annotation for one or more arguments  [no-untyped-def]
Code quality checks	Run mypy type checker	2025-06-24T22:48:08.8351096Z src/DHT/modules/dhtl_commands_1.py:32: error: Function is missing a type annotation for one or more arguments  [no-untyped-def]
Code quality checks	Run mypy type checker	2025-06-24T22:48:08.8352000Z src/DHT/modules/dhtl_commands_1.py:193: error: Function is missing a type annotation for one or more arguments  [no-untyped-def]
Code quality checks	Run mypy type checker	2025-06-24T22:48:08.8352859Z src/DHT/modules/dht_flows/test_flow.py:117: error: Argument 1 to "extend" of "list" has incompatible type "Generator[Path, None, None]"; expected "Iterable[str]"  [arg-type]
Code quality checks	Run mypy type checker	2025-06-24T22:48:08.8353814Z src/DHT/modules/dht_flows/test_flow.py:118: error: Argument 1 to "extend" of "list" has incompatible type "Generator[Path, None, None]"; expected "Iterable[str]"  [arg-type]
Code quality checks	Run mypy type checker	2025-06-24T22:48:08.8355581Z src/DHT/modules/dht_flows/test_flow.py:119: error: Argument 1 to "extend" of "list" has incompatible type "list[Path]"; expected "Iterable[str]"  [arg-type]
Code quality checks	Run mypy type checker	2025-06-24T22:48:08.8357199Z src/DHT/modules/command_dispatcher.py:265: error: Incompatible default for argument "args" (default has type "None", argument has type "list[str]")  [assignment]
Code quality checks	Run mypy type checker	2025-06-24T22:48:08.8359090Z src/DHT/modules/command_dispatcher.py:265: note: PEP 484 prohibits implicit Optional. Accordingly, mypy has changed its default to no_implicit_optional=True
Code quality checks	Run mypy type checker	2025-06-24T22:48:08.8360727Z src/DHT/modules/command_dispatcher.py:265: note: Use https://github.com/hauntsaninja/no_implicit_optional to automatically upgrade your codebase
Code quality checks	Run mypy type checker	2025-06-24T22:48:08.8362508Z src/DHT/modules/command_dispatcher.py:293: error: Incompatible default for argument "args" (default has type "None", argument has type "list[str]")  [assignment]
Code quality checks	Run mypy type checker	2025-06-24T22:48:08.8364021Z src/DHT/modules/command_dispatcher.py:293: note: PEP 484 prohibits implicit Optional. Accordingly, mypy has changed its default to no_implicit_optional=True
Code quality checks	Run mypy type checker	2025-06-24T22:48:08.8364979Z src/DHT/modules/command_dispatcher.py:293: note: Use https://github.com/hauntsaninja/no_implicit_optional to automatically upgrade your codebase
Code quality checks	Run mypy type checker	2025-06-24T22:48:08.8365711Z src/DHT/launcher.py:31: error: Name "Colors" already defined (possibly by an import)  [no-redef]
Code quality checks	Run mypy type checker	2025-06-24T22:48:08.8366867Z src/DHT/launcher.py:207: error: Name "CommandDispatcher" already defined (possibly by an import)  [no-redef]
Code quality checks	Run mypy type checker	2025-06-24T22:48:08.8368003Z src/DHT/dhtl.py:37: error: Name "DHTLauncher" already defined (possibly by an import)  [no-redef]
Code quality checks	Run mypy type checker	2025-06-24T22:48:08.8369036Z src/DHT/dhtl.py:43: error: Function is missing a type annotation for one or more arguments  [no-untyped-def]
Code quality checks	Run mypy type checker	2025-06-24T22:48:08.8369856Z Found 58 errors in 21 files (checked 209 source files)
Code quality checks	Run mypy type checker	2025-06-24T22:48:08.8370218Z
Code quality checks	Run mypy type checker	2025-06-24T22:48:08.8517606Z ##[error]Process completed with exit code 1.
